2019-11-07 11:17:09,784 INFO Initialized rank 0 out of 1
2019-11-07 11:17:09,785 INFO Configuration: {'output_dir': '/global/cscratch1/sd/danieltm/ExaTrkX/counter_results/counter001', 'trainer': {'name': 'gnn_sparse'}, 'data': {'name': 'hitgraphs_sparse', 'input_dir': '/global/cscratch1/sd/danieltm/ExaTrkX/counter_data/hitgraphs_small_000', 'n_train': 160, 'n_valid': 40, 'real_weight': 3.0, 'batch_size': 1, 'n_workers': 4}, 'model': {'name': 'counter', 'input_dim': 3, 'hidden_dim': 64, 'layer_norm': True, 'n_graph_iters': 4, 'max_tracks': 40, 'loss_func': 'binary_cross_entropy_with_logits'}, 'optimizer': {'name': 'Adam', 'learning_rate': 0.1, 'lr_scaling': 'sqrt', 'lr_warmup_epochs': 5, 'lr_decay_schedule': [{'start_epoch': 10, 'end_epoch': 20, 'factor': 0.5}, {'start_epoch': 20, 'end_epoch': 40, 'factor': 0.1}, {'start_epoch': 40, 'end_epoch': 50, 'factor': 0.05}, {'start_epoch': 50, 'end_epoch': 64, 'factor': 0.01}]}, 'training': {'n_epochs': 64}, 'n_ranks': 1}
2019-11-07 11:17:09,785 INFO Saving job outputs to /global/cscratch1/sd/danieltm/ExaTrkX/counter_results/counter001
2019-11-07 11:17:09,785 INFO Writing config via pickle to /global/cscratch1/sd/danieltm/ExaTrkX/counter_results/counter001/config.pkl
2019-11-07 11:17:10,713 INFO Loaded 160 training samples
2019-11-07 11:17:10,714 INFO Loaded 40 validation samples
2019-11-07 11:17:10,714 INFO Choosing GPU 0
2019-11-07 11:17:13,507 INFO Model: 
GNNTrackCounter(
  (input_network): Sequential(
    (0): Linear(in_features=3, out_features=64, bias=True)
    (1): LayerNorm((64,), eps=1e-05, elementwise_affine=True)
    (2): Tanh()
  )
  (edge_network): EdgeNetwork(
    (network): Sequential(
      (0): Linear(in_features=134, out_features=64, bias=True)
      (1): LayerNorm((64,), eps=1e-05, elementwise_affine=True)
      (2): Tanh()
      (3): Linear(in_features=64, out_features=64, bias=True)
      (4): LayerNorm((64,), eps=1e-05, elementwise_affine=True)
      (5): Tanh()
      (6): Linear(in_features=64, out_features=64, bias=True)
      (7): LayerNorm((64,), eps=1e-05, elementwise_affine=True)
      (8): Tanh()
      (9): Linear(in_features=64, out_features=1, bias=True)
    )
  )
  (node_network): NodeNetwork(
    (network): Sequential(
      (0): Linear(in_features=201, out_features=64, bias=True)
      (1): LayerNorm((64,), eps=1e-05, elementwise_affine=True)
      (2): Tanh()
      (3): Linear(in_features=64, out_features=64, bias=True)
      (4): LayerNorm((64,), eps=1e-05, elementwise_affine=True)
      (5): Tanh()
      (6): Linear(in_features=64, out_features=64, bias=True)
      (7): LayerNorm((64,), eps=1e-05, elementwise_affine=True)
      (8): Tanh()
      (9): Linear(in_features=64, out_features=64, bias=True)
      (10): LayerNorm((64,), eps=1e-05, elementwise_affine=True)
      (11): Tanh()
    )
  )
  (output_network): OutputNetwork(
    (network): Sequential(
      (0): Linear(in_features=67, out_features=64, bias=True)
      (1): Tanh()
      (2): Linear(in_features=64, out_features=64, bias=True)
      (3): Tanh()
      (4): Linear(in_features=64, out_features=64, bias=True)
      (5): Tanh()
      (6): Linear(in_features=64, out_features=41, bias=True)
    )
  )
)
Parameters: 59050
2019-11-07 11:17:13,507 INFO Epoch 0
2019-11-07 11:17:16,824 INFO   Training loss: 0.869
i:  0  batch:  Batch(batch=[35], edge_index=[2, 28], pid=[0], w=[41], x=[35, 3], y=[41])
Prediction:  tensor([1.4814e-05, 1.2755e-05, 1.9076e-05, 1.0079e-05, 1.3123e-05, 1.2962e-14,
        1.8670e-01, 8.0156e-05, 6.6838e-08, 1.5875e-02, 2.0981e-09, 3.2550e-04,
        5.4488e-01, 3.1366e-12, 8.0819e-01, 9.9990e-01, 9.9776e-01, 6.3360e-06,
        9.6108e-05, 5.6913e-08, 2.8311e-09, 3.2673e-02, 9.3041e-01, 8.2970e-05,
        2.0037e-03, 9.9763e-18, 5.3200e-06, 6.8438e-19, 3.9005e-01, 1.0058e-05,
        2.1095e-05, 7.6657e-17, 2.6135e-05, 1.0109e-05, 1.4134e-05, 1.6324e-18,
        1.4415e-05, 2.0285e-05, 2.1363e-05, 2.4530e-05, 1.3894e-05],
       device='cuda:0')
Truth:  tensor([0., 0., 0., 0., 0., 0., 0., 1., 0., 0., 0., 0., 0., 0., 0., 0., 0., 0.,
        0., 0., 0., 0., 0., 0., 0., 0., 0., 0., 0., 0., 0., 0., 0., 0., 0., 0.,
        0., 0., 0., 0., 0.], device='cuda:0')
i:  1  batch:  Batch(batch=[72], edge_index=[2, 80], pid=[0], w=[41], x=[72, 3], y=[41])
Prediction:  tensor([1.4814e-05, 1.2755e-05, 1.9076e-05, 1.0079e-05, 1.3123e-05, 1.2962e-14,
        1.8670e-01, 8.0156e-05, 6.6838e-08, 1.5875e-02, 2.0981e-09, 3.2550e-04,
        5.4488e-01, 3.1366e-12, 8.0819e-01, 9.9990e-01, 9.9776e-01, 6.3360e-06,
        9.6108e-05, 5.6913e-08, 2.8311e-09, 3.2673e-02, 9.3041e-01, 8.2970e-05,
        2.0037e-03, 9.9763e-18, 5.3200e-06, 6.8438e-19, 3.9005e-01, 1.0058e-05,
        2.1095e-05, 7.6657e-17, 2.6135e-05, 1.0109e-05, 1.4134e-05, 1.6324e-18,
        1.4415e-05, 2.0285e-05, 2.1363e-05, 2.4530e-05, 1.3894e-05],
       device='cuda:0')
Truth:  tensor([0., 0., 0., 0., 0., 0., 0., 0., 0., 0., 0., 0., 0., 0., 1., 0., 0., 0.,
        0., 0., 0., 0., 0., 0., 0., 0., 0., 0., 0., 0., 0., 0., 0., 0., 0., 0.,
        0., 0., 0., 0., 0.], device='cuda:0')
i:  2  batch:  Batch(batch=[112], edge_index=[2, 170], pid=[0], w=[41], x=[112, 3], y=[41])
Prediction:  tensor([1.4814e-05, 1.2755e-05, 1.9076e-05, 1.0079e-05, 1.3123e-05, 1.2962e-14,
        1.8670e-01, 8.0156e-05, 6.6838e-08, 1.5875e-02, 2.0981e-09, 3.2550e-04,
        5.4488e-01, 3.1366e-12, 8.0819e-01, 9.9990e-01, 9.9776e-01, 6.3360e-06,
        9.6108e-05, 5.6913e-08, 2.8311e-09, 3.2673e-02, 9.3041e-01, 8.2970e-05,
        2.0037e-03, 9.9763e-18, 5.3200e-06, 6.8438e-19, 3.9005e-01, 1.0058e-05,
        2.1095e-05, 7.6657e-17, 2.6135e-05, 1.0109e-05, 1.4134e-05, 1.6324e-18,
        1.4415e-05, 2.0285e-05, 2.1363e-05, 2.4530e-05, 1.3894e-05],
       device='cuda:0')
Truth:  tensor([0., 0., 0., 0., 0., 0., 0., 0., 0., 0., 0., 0., 0., 0., 0., 0., 0., 0.,
        1., 0., 0., 0., 0., 0., 0., 0., 0., 0., 0., 0., 0., 0., 0., 0., 0., 0.,
        0., 0., 0., 0., 0.], device='cuda:0')
i:  3  batch:  Batch(batch=[124], edge_index=[2, 142], pid=[0], w=[41], x=[124, 3], y=[41])
Prediction:  tensor([1.4814e-05, 1.2755e-05, 1.9076e-05, 1.0079e-05, 1.3123e-05, 1.2962e-14,
        1.8670e-01, 8.0156e-05, 6.6838e-08, 1.5875e-02, 2.0981e-09, 3.2550e-04,
        5.4488e-01, 3.1366e-12, 8.0819e-01, 9.9990e-01, 9.9776e-01, 6.3360e-06,
        9.6108e-05, 5.6913e-08, 2.8311e-09, 3.2673e-02, 9.3041e-01, 8.2970e-05,
        2.0037e-03, 9.9763e-18, 5.3200e-06, 6.8438e-19, 3.9005e-01, 1.0058e-05,
        2.1095e-05, 7.6657e-17, 2.6135e-05, 1.0109e-05, 1.4134e-05, 1.6324e-18,
        1.4415e-05, 2.0285e-05, 2.1363e-05, 2.4530e-05, 1.3894e-05],
       device='cuda:0')
Truth:  tensor([0., 0., 0., 0., 0., 0., 0., 0., 0., 0., 0., 0., 0., 0., 0., 0., 0., 0.,
        0., 0., 1., 0., 0., 0., 0., 0., 0., 0., 0., 0., 0., 0., 0., 0., 0., 0.,
        0., 0., 0., 0., 0.], device='cuda:0')
i:  4  batch:  Batch(batch=[190], edge_index=[2, 321], pid=[0], w=[41], x=[190, 3], y=[41])
Prediction:  tensor([1.4814e-05, 1.2755e-05, 1.9076e-05, 1.0079e-05, 1.3123e-05, 1.2962e-14,
        1.8670e-01, 8.0156e-05, 6.6838e-08, 1.5875e-02, 2.0981e-09, 3.2550e-04,
        5.4488e-01, 3.1366e-12, 8.0819e-01, 9.9990e-01, 9.9776e-01, 6.3360e-06,
        9.6108e-05, 5.6913e-08, 2.8311e-09, 3.2673e-02, 9.3041e-01, 8.2970e-05,
        2.0037e-03, 9.9763e-18, 5.3200e-06, 6.8438e-19, 3.9005e-01, 1.0058e-05,
        2.1095e-05, 7.6657e-17, 2.6135e-05, 1.0109e-05, 1.4134e-05, 1.6324e-18,
        1.4415e-05, 2.0285e-05, 2.1363e-05, 2.4530e-05, 1.3894e-05],
       device='cuda:0')
Truth:  tensor([0., 0., 0., 0., 0., 0., 0., 0., 0., 0., 0., 0., 0., 0., 0., 0., 0., 0.,
        0., 0., 0., 0., 0., 0., 0., 0., 0., 1., 0., 0., 0., 0., 0., 0., 0., 0.,
        0., 0., 0., 0., 0.], device='cuda:0')
i:  5  batch:  Batch(batch=[93], edge_index=[2, 107], pid=[0], w=[41], x=[93, 3], y=[41])
Prediction:  tensor([1.4814e-05, 1.2755e-05, 1.9076e-05, 1.0079e-05, 1.3123e-05, 1.2962e-14,
        1.8670e-01, 8.0156e-05, 6.6838e-08, 1.5875e-02, 2.0981e-09, 3.2550e-04,
        5.4488e-01, 3.1366e-12, 8.0819e-01, 9.9990e-01, 9.9776e-01, 6.3360e-06,
        9.6108e-05, 5.6913e-08, 2.8311e-09, 3.2673e-02, 9.3041e-01, 8.2970e-05,
        2.0037e-03, 9.9763e-18, 5.3200e-06, 6.8438e-19, 3.9005e-01, 1.0058e-05,
        2.1095e-05, 7.6657e-17, 2.6135e-05, 1.0109e-05, 1.4134e-05, 1.6324e-18,
        1.4415e-05, 2.0285e-05, 2.1363e-05, 2.4530e-05, 1.3894e-05],
       device='cuda:0')
Truth:  tensor([0., 0., 0., 0., 0., 0., 0., 0., 0., 0., 0., 0., 0., 1., 0., 0., 0., 0.,
        0., 0., 0., 0., 0., 0., 0., 0., 0., 0., 0., 0., 0., 0., 0., 0., 0., 0.,
        0., 0., 0., 0., 0.], device='cuda:0')
i:  6  batch:  Batch(batch=[61], edge_index=[2, 77], pid=[0], w=[41], x=[61, 3], y=[41])
Prediction:  tensor([1.4814e-05, 1.2755e-05, 1.9076e-05, 1.0079e-05, 1.3123e-05, 1.2962e-14,
        1.8670e-01, 8.0156e-05, 6.6838e-08, 1.5875e-02, 2.0981e-09, 3.2550e-04,
        5.4488e-01, 3.1366e-12, 8.0819e-01, 9.9990e-01, 9.9776e-01, 6.3360e-06,
        9.6108e-05, 5.6913e-08, 2.8311e-09, 3.2673e-02, 9.3041e-01, 8.2970e-05,
        2.0037e-03, 9.9763e-18, 5.3200e-06, 6.8438e-19, 3.9005e-01, 1.0058e-05,
        2.1095e-05, 7.6657e-17, 2.6135e-05, 1.0109e-05, 1.4134e-05, 1.6324e-18,
        1.4415e-05, 2.0285e-05, 2.1363e-05, 2.4530e-05, 1.3894e-05],
       device='cuda:0')
Truth:  tensor([0., 0., 0., 0., 0., 0., 0., 0., 0., 0., 1., 0., 0., 0., 0., 0., 0., 0.,
        0., 0., 0., 0., 0., 0., 0., 0., 0., 0., 0., 0., 0., 0., 0., 0., 0., 0.,
        0., 0., 0., 0., 0.], device='cuda:0')
i:  7  batch:  Batch(batch=[85], edge_index=[2, 90], pid=[0], w=[41], x=[85, 3], y=[41])
Prediction:  tensor([1.4814e-05, 1.2755e-05, 1.9076e-05, 1.0079e-05, 1.3123e-05, 1.2962e-14,
        1.8670e-01, 8.0156e-05, 6.6838e-08, 1.5875e-02, 2.0981e-09, 3.2550e-04,
        5.4488e-01, 3.1366e-12, 8.0819e-01, 9.9990e-01, 9.9776e-01, 6.3360e-06,
        9.6108e-05, 5.6913e-08, 2.8311e-09, 3.2673e-02, 9.3041e-01, 8.2970e-05,
        2.0037e-03, 9.9763e-18, 5.3200e-06, 6.8438e-19, 3.9005e-01, 1.0058e-05,
        2.1095e-05, 7.6657e-17, 2.6135e-05, 1.0109e-05, 1.4134e-05, 1.6324e-18,
        1.4415e-05, 2.0285e-05, 2.1363e-05, 2.4530e-05, 1.3894e-05],
       device='cuda:0')
Truth:  tensor([0., 0., 0., 0., 0., 0., 0., 0., 0., 0., 0., 0., 0., 0., 0., 0., 0., 0.,
        1., 0., 0., 0., 0., 0., 0., 0., 0., 0., 0., 0., 0., 0., 0., 0., 0., 0.,
        0., 0., 0., 0., 0.], device='cuda:0')
i:  8  batch:  Batch(batch=[118], edge_index=[2, 147], pid=[0], w=[41], x=[118, 3], y=[41])
Prediction:  tensor([1.4814e-05, 1.2755e-05, 1.9076e-05, 1.0079e-05, 1.3123e-05, 1.2962e-14,
        1.8670e-01, 8.0156e-05, 6.6838e-08, 1.5875e-02, 2.0981e-09, 3.2550e-04,
        5.4488e-01, 3.1366e-12, 8.0819e-01, 9.9990e-01, 9.9776e-01, 6.3360e-06,
        9.6108e-05, 5.6913e-08, 2.8311e-09, 3.2673e-02, 9.3041e-01, 8.2970e-05,
        2.0037e-03, 9.9763e-18, 5.3200e-06, 6.8438e-19, 3.9005e-01, 1.0058e-05,
        2.1095e-05, 7.6657e-17, 2.6135e-05, 1.0109e-05, 1.4134e-05, 1.6324e-18,
        1.4415e-05, 2.0285e-05, 2.1363e-05, 2.4530e-05, 1.3894e-05],
       device='cuda:0')
Truth:  tensor([0., 0., 0., 0., 0., 0., 0., 0., 0., 0., 0., 0., 0., 0., 0., 0., 0., 0.,
        0., 1., 0., 0., 0., 0., 0., 0., 0., 0., 0., 0., 0., 0., 0., 0., 0., 0.,
        0., 0., 0., 0., 0.], device='cuda:0')
i:  9  batch:  Batch(batch=[47], edge_index=[2, 41], pid=[0], w=[41], x=[47, 3], y=[41])
Prediction:  tensor([1.4814e-05, 1.2755e-05, 1.9076e-05, 1.0079e-05, 1.3123e-05, 1.2962e-14,
        1.8670e-01, 8.0156e-05, 6.6838e-08, 1.5875e-02, 2.0981e-09, 3.2550e-04,
        5.4488e-01, 3.1366e-12, 8.0819e-01, 9.9990e-01, 9.9776e-01, 6.3360e-06,
        9.6108e-05, 5.6913e-08, 2.8311e-09, 3.2673e-02, 9.3041e-01, 8.2970e-05,
        2.0037e-03, 9.9763e-18, 5.3200e-06, 6.8438e-19, 3.9005e-01, 1.0058e-05,
        2.1095e-05, 7.6657e-17, 2.6135e-05, 1.0109e-05, 1.4134e-05, 1.6324e-18,
        1.4415e-05, 2.0285e-05, 2.1363e-05, 2.4530e-05, 1.3894e-05],
       device='cuda:0')
Truth:  tensor([0., 0., 0., 0., 0., 0., 0., 0., 0., 0., 1., 0., 0., 0., 0., 0., 0., 0.,
        0., 0., 0., 0., 0., 0., 0., 0., 0., 0., 0., 0., 0., 0., 0., 0., 0., 0.,
        0., 0., 0., 0., 0.], device='cuda:0')
i:  10  batch:  Batch(batch=[83], edge_index=[2, 105], pid=[0], w=[41], x=[83, 3], y=[41])
Prediction:  tensor([1.4814e-05, 1.2755e-05, 1.9076e-05, 1.0079e-05, 1.3123e-05, 1.2962e-14,
        1.8670e-01, 8.0156e-05, 6.6838e-08, 1.5875e-02, 2.0981e-09, 3.2550e-04,
        5.4488e-01, 3.1366e-12, 8.0819e-01, 9.9990e-01, 9.9776e-01, 6.3360e-06,
        9.6108e-05, 5.6913e-08, 2.8311e-09, 3.2673e-02, 9.3041e-01, 8.2970e-05,
        2.0037e-03, 9.9763e-18, 5.3200e-06, 6.8438e-19, 3.9005e-01, 1.0058e-05,
        2.1095e-05, 7.6657e-17, 2.6135e-05, 1.0109e-05, 1.4134e-05, 1.6324e-18,
        1.4415e-05, 2.0285e-05, 2.1363e-05, 2.4530e-05, 1.3894e-05],
       device='cuda:0')
Truth:  tensor([0., 0., 0., 0., 0., 0., 0., 0., 0., 0., 0., 0., 1., 0., 0., 0., 0., 0.,
        0., 0., 0., 0., 0., 0., 0., 0., 0., 0., 0., 0., 0., 0., 0., 0., 0., 0.,
        0., 0., 0., 0., 0.], device='cuda:0')
i:  11  batch:  Batch(batch=[81], edge_index=[2, 79], pid=[0], w=[41], x=[81, 3], y=[41])
Prediction:  tensor([1.4814e-05, 1.2755e-05, 1.9076e-05, 1.0079e-05, 1.3123e-05, 1.2962e-14,
        1.8670e-01, 8.0156e-05, 6.6838e-08, 1.5875e-02, 2.0981e-09, 3.2550e-04,
        5.4488e-01, 3.1366e-12, 8.0819e-01, 9.9990e-01, 9.9776e-01, 6.3360e-06,
        9.6108e-05, 5.6913e-08, 2.8311e-09, 3.2673e-02, 9.3041e-01, 8.2970e-05,
        2.0037e-03, 9.9763e-18, 5.3200e-06, 6.8438e-19, 3.9005e-01, 1.0058e-05,
        2.1095e-05, 7.6657e-17, 2.6135e-05, 1.0109e-05, 1.4134e-05, 1.6324e-18,
        1.4415e-05, 2.0285e-05, 2.1363e-05, 2.4530e-05, 1.3894e-05],
       device='cuda:0')
Truth:  tensor([0., 0., 0., 0., 0., 0., 0., 0., 0., 0., 0., 0., 0., 1., 0., 0., 0., 0.,
        0., 0., 0., 0., 0., 0., 0., 0., 0., 0., 0., 0., 0., 0., 0., 0., 0., 0.,
        0., 0., 0., 0., 0.], device='cuda:0')
i:  12  batch:  Batch(batch=[18], edge_index=[2, 14], pid=[0], w=[41], x=[18, 3], y=[41])
Prediction:  tensor([1.4814e-05, 1.2755e-05, 1.9076e-05, 1.0079e-05, 1.3123e-05, 1.2962e-14,
        1.8670e-01, 8.0156e-05, 6.6838e-08, 1.5875e-02, 2.0981e-09, 3.2550e-04,
        5.4488e-01, 3.1366e-12, 8.0819e-01, 9.9990e-01, 9.9776e-01, 6.3360e-06,
        9.6108e-05, 5.6913e-08, 2.8311e-09, 3.2673e-02, 9.3041e-01, 8.2970e-05,
        2.0037e-03, 9.9763e-18, 5.3200e-06, 6.8438e-19, 3.9005e-01, 1.0058e-05,
        2.1095e-05, 7.6657e-17, 2.6135e-05, 1.0109e-05, 1.4134e-05, 1.6324e-18,
        1.4415e-05, 2.0285e-05, 2.1363e-05, 2.4530e-05, 1.3894e-05],
       device='cuda:0')
Truth:  tensor([0., 0., 0., 0., 1., 0., 0., 0., 0., 0., 0., 0., 0., 0., 0., 0., 0., 0.,
        0., 0., 0., 0., 0., 0., 0., 0., 0., 0., 0., 0., 0., 0., 0., 0., 0., 0.,
        0., 0., 0., 0., 0.], device='cuda:0')
i:  13  batch:  Batch(batch=[161], edge_index=[2, 214], pid=[0], w=[41], x=[161, 3], y=[41])
Prediction:  tensor([1.4814e-05, 1.2755e-05, 1.9076e-05, 1.0079e-05, 1.3123e-05, 1.2962e-14,
        1.8670e-01, 8.0156e-05, 6.6838e-08, 1.5875e-02, 2.0981e-09, 3.2550e-04,
        5.4488e-01, 3.1366e-12, 8.0819e-01, 9.9990e-01, 9.9776e-01, 6.3360e-06,
        9.6108e-05, 5.6913e-08, 2.8311e-09, 3.2673e-02, 9.3041e-01, 8.2970e-05,
        2.0037e-03, 9.9763e-18, 5.3200e-06, 6.8438e-19, 3.9005e-01, 1.0058e-05,
        2.1095e-05, 7.6657e-17, 2.6135e-05, 1.0109e-05, 1.4134e-05, 1.6324e-18,
        1.4415e-05, 2.0285e-05, 2.1363e-05, 2.4530e-05, 1.3894e-05],
       device='cuda:0')
Truth:  tensor([0., 0., 0., 0., 0., 0., 0., 0., 0., 0., 0., 0., 0., 0., 0., 0., 0., 0.,
        0., 0., 0., 0., 0., 0., 0., 0., 1., 0., 0., 0., 0., 0., 0., 0., 0., 0.,
        0., 0., 0., 0., 0.], device='cuda:0')
i:  14  batch:  Batch(batch=[105], edge_index=[2, 165], pid=[0], w=[41], x=[105, 3], y=[41])
Prediction:  tensor([1.4814e-05, 1.2755e-05, 1.9076e-05, 1.0079e-05, 1.3123e-05, 1.2962e-14,
        1.8670e-01, 8.0156e-05, 6.6838e-08, 1.5875e-02, 2.0981e-09, 3.2550e-04,
        5.4488e-01, 3.1366e-12, 8.0819e-01, 9.9990e-01, 9.9776e-01, 6.3360e-06,
        9.6108e-05, 5.6913e-08, 2.8311e-09, 3.2673e-02, 9.3041e-01, 8.2970e-05,
        2.0037e-03, 9.9763e-18, 5.3200e-06, 6.8438e-19, 3.9005e-01, 1.0058e-05,
        2.1095e-05, 7.6657e-17, 2.6135e-05, 1.0109e-05, 1.4134e-05, 1.6324e-18,
        1.4415e-05, 2.0285e-05, 2.1363e-05, 2.4530e-05, 1.3894e-05],
       device='cuda:0')
Truth:  tensor([0., 0., 0., 0., 0., 0., 0., 0., 0., 0., 0., 0., 0., 0., 0., 0., 1., 0.,
        0., 0., 0., 0., 0., 0., 0., 0., 0., 0., 0., 0., 0., 0., 0., 0., 0., 0.,
        0., 0., 0., 0., 0.], device='cuda:0')
i:  15  batch:  Batch(batch=[114], edge_index=[2, 137], pid=[0], w=[41], x=[114, 3], y=[41])
Prediction:  tensor([1.4814e-05, 1.2755e-05, 1.9076e-05, 1.0079e-05, 1.3123e-05, 1.2962e-14,
        1.8670e-01, 8.0156e-05, 6.6838e-08, 1.5875e-02, 2.0981e-09, 3.2550e-04,
        5.4488e-01, 3.1366e-12, 8.0819e-01, 9.9990e-01, 9.9776e-01, 6.3360e-06,
        9.6108e-05, 5.6913e-08, 2.8311e-09, 3.2673e-02, 9.3041e-01, 8.2970e-05,
        2.0037e-03, 9.9763e-18, 5.3200e-06, 6.8438e-19, 3.9005e-01, 1.0058e-05,
        2.1095e-05, 7.6657e-17, 2.6135e-05, 1.0109e-05, 1.4134e-05, 1.6324e-18,
        1.4415e-05, 2.0285e-05, 2.1363e-05, 2.4530e-05, 1.3894e-05],
       device='cuda:0')
Truth:  tensor([0., 0., 0., 0., 0., 0., 0., 0., 0., 0., 0., 0., 0., 0., 0., 0., 0., 0.,
        0., 1., 0., 0., 0., 0., 0., 0., 0., 0., 0., 0., 0., 0., 0., 0., 0., 0.,
        0., 0., 0., 0., 0.], device='cuda:0')
i:  16  batch:  Batch(batch=[141], edge_index=[2, 220], pid=[0], w=[41], x=[141, 3], y=[41])
Prediction:  tensor([1.4814e-05, 1.2755e-05, 1.9076e-05, 1.0079e-05, 1.3123e-05, 1.2962e-14,
        1.8670e-01, 8.0156e-05, 6.6838e-08, 1.5875e-02, 2.0981e-09, 3.2550e-04,
        5.4488e-01, 3.1366e-12, 8.0819e-01, 9.9990e-01, 9.9776e-01, 6.3360e-06,
        9.6108e-05, 5.6913e-08, 2.8311e-09, 3.2673e-02, 9.3041e-01, 8.2970e-05,
        2.0037e-03, 9.9763e-18, 5.3200e-06, 6.8438e-19, 3.9005e-01, 1.0058e-05,
        2.1095e-05, 7.6657e-17, 2.6135e-05, 1.0109e-05, 1.4134e-05, 1.6324e-18,
        1.4415e-05, 2.0285e-05, 2.1363e-05, 2.4530e-05, 1.3894e-05],
       device='cuda:0')
Truth:  tensor([0., 0., 0., 0., 0., 0., 0., 0., 0., 0., 0., 0., 0., 0., 0., 0., 0., 0.,
        0., 0., 0., 0., 0., 1., 0., 0., 0., 0., 0., 0., 0., 0., 0., 0., 0., 0.,
        0., 0., 0., 0., 0.], device='cuda:0')
i:  17  batch:  Batch(batch=[79], edge_index=[2, 90], pid=[0], w=[41], x=[79, 3], y=[41])
Prediction:  tensor([1.4814e-05, 1.2755e-05, 1.9076e-05, 1.0079e-05, 1.3123e-05, 1.2962e-14,
        1.8670e-01, 8.0156e-05, 6.6838e-08, 1.5875e-02, 2.0981e-09, 3.2550e-04,
        5.4488e-01, 3.1366e-12, 8.0819e-01, 9.9990e-01, 9.9776e-01, 6.3360e-06,
        9.6108e-05, 5.6913e-08, 2.8311e-09, 3.2673e-02, 9.3041e-01, 8.2970e-05,
        2.0037e-03, 9.9763e-18, 5.3200e-06, 6.8438e-19, 3.9005e-01, 1.0058e-05,
        2.1095e-05, 7.6657e-17, 2.6135e-05, 1.0109e-05, 1.4134e-05, 1.6324e-18,
        1.4415e-05, 2.0285e-05, 2.1363e-05, 2.4530e-05, 1.3894e-05],
       device='cuda:0')
Truth:  tensor([0., 0., 0., 0., 0., 0., 0., 0., 0., 0., 0., 0., 0., 1., 0., 0., 0., 0.,
        0., 0., 0., 0., 0., 0., 0., 0., 0., 0., 0., 0., 0., 0., 0., 0., 0., 0.,
        0., 0., 0., 0., 0.], device='cuda:0')
i:  18  batch:  Batch(batch=[106], edge_index=[2, 153], pid=[0], w=[41], x=[106, 3], y=[41])
Prediction:  tensor([1.4814e-05, 1.2755e-05, 1.9076e-05, 1.0079e-05, 1.3123e-05, 1.2962e-14,
        1.8670e-01, 8.0156e-05, 6.6838e-08, 1.5875e-02, 2.0981e-09, 3.2550e-04,
        5.4488e-01, 3.1366e-12, 8.0819e-01, 9.9990e-01, 9.9776e-01, 6.3360e-06,
        9.6108e-05, 5.6913e-08, 2.8311e-09, 3.2673e-02, 9.3041e-01, 8.2970e-05,
        2.0037e-03, 9.9763e-18, 5.3200e-06, 6.8438e-19, 3.9005e-01, 1.0058e-05,
        2.1095e-05, 7.6657e-17, 2.6135e-05, 1.0109e-05, 1.4134e-05, 1.6324e-18,
        1.4415e-05, 2.0285e-05, 2.1363e-05, 2.4530e-05, 1.3894e-05],
       device='cuda:0')
Truth:  tensor([0., 0., 0., 0., 0., 0., 0., 0., 0., 0., 0., 0., 0., 0., 0., 0., 0., 1.,
        0., 0., 0., 0., 0., 0., 0., 0., 0., 0., 0., 0., 0., 0., 0., 0., 0., 0.,
        0., 0., 0., 0., 0.], device='cuda:0')
i:  19  batch:  Batch(batch=[76], edge_index=[2, 75], pid=[0], w=[41], x=[76, 3], y=[41])
Prediction:  tensor([1.4814e-05, 1.2755e-05, 1.9076e-05, 1.0079e-05, 1.3123e-05, 1.2962e-14,
        1.8670e-01, 8.0156e-05, 6.6838e-08, 1.5875e-02, 2.0981e-09, 3.2550e-04,
        5.4488e-01, 3.1366e-12, 8.0819e-01, 9.9990e-01, 9.9776e-01, 6.3360e-06,
        9.6108e-05, 5.6913e-08, 2.8311e-09, 3.2673e-02, 9.3041e-01, 8.2970e-05,
        2.0037e-03, 9.9763e-18, 5.3200e-06, 6.8438e-19, 3.9005e-01, 1.0058e-05,
        2.1095e-05, 7.6657e-17, 2.6135e-05, 1.0109e-05, 1.4134e-05, 1.6324e-18,
        1.4415e-05, 2.0285e-05, 2.1363e-05, 2.4530e-05, 1.3894e-05],
       device='cuda:0')
Truth:  tensor([0., 0., 0., 0., 0., 0., 0., 0., 0., 0., 0., 0., 0., 0., 1., 0., 0., 0.,
        0., 0., 0., 0., 0., 0., 0., 0., 0., 0., 0., 0., 0., 0., 0., 0., 0., 0.,
        0., 0., 0., 0., 0.], device='cuda:0')
i:  20  batch:  Batch(batch=[139], edge_index=[2, 200], pid=[0], w=[41], x=[139, 3], y=[41])
Prediction:  tensor([1.4814e-05, 1.2755e-05, 1.9076e-05, 1.0079e-05, 1.3123e-05, 1.2962e-14,
        1.8670e-01, 8.0156e-05, 6.6838e-08, 1.5875e-02, 2.0981e-09, 3.2550e-04,
        5.4488e-01, 3.1366e-12, 8.0819e-01, 9.9990e-01, 9.9776e-01, 6.3360e-06,
        9.6108e-05, 5.6913e-08, 2.8311e-09, 3.2673e-02, 9.3041e-01, 8.2970e-05,
        2.0037e-03, 9.9763e-18, 5.3200e-06, 6.8438e-19, 3.9005e-01, 1.0058e-05,
        2.1095e-05, 7.6657e-17, 2.6135e-05, 1.0109e-05, 1.4134e-05, 1.6324e-18,
        1.4415e-05, 2.0285e-05, 2.1363e-05, 2.4530e-05, 1.3894e-05],
       device='cuda:0')
Truth:  tensor([0., 0., 0., 0., 0., 0., 0., 0., 0., 0., 0., 0., 0., 0., 0., 0., 0., 0.,
        1., 0., 0., 0., 0., 0., 0., 0., 0., 0., 0., 0., 0., 0., 0., 0., 0., 0.,
        0., 0., 0., 0., 0.], device='cuda:0')
i:  21  batch:  Batch(batch=[92], edge_index=[2, 107], pid=[0], w=[41], x=[92, 3], y=[41])
Prediction:  tensor([1.4814e-05, 1.2755e-05, 1.9076e-05, 1.0079e-05, 1.3123e-05, 1.2962e-14,
        1.8670e-01, 8.0156e-05, 6.6838e-08, 1.5875e-02, 2.0981e-09, 3.2550e-04,
        5.4488e-01, 3.1366e-12, 8.0819e-01, 9.9990e-01, 9.9776e-01, 6.3360e-06,
        9.6108e-05, 5.6913e-08, 2.8311e-09, 3.2673e-02, 9.3041e-01, 8.2970e-05,
        2.0037e-03, 9.9763e-18, 5.3200e-06, 6.8438e-19, 3.9005e-01, 1.0058e-05,
        2.1095e-05, 7.6657e-17, 2.6135e-05, 1.0109e-05, 1.4134e-05, 1.6324e-18,
        1.4415e-05, 2.0285e-05, 2.1363e-05, 2.4530e-05, 1.3894e-05],
       device='cuda:0')
Truth:  tensor([0., 0., 0., 0., 0., 0., 0., 0., 0., 0., 0., 0., 0., 0., 0., 0., 0., 1.,
        0., 0., 0., 0., 0., 0., 0., 0., 0., 0., 0., 0., 0., 0., 0., 0., 0., 0.,
        0., 0., 0., 0., 0.], device='cuda:0')
i:  22  batch:  Batch(batch=[95], edge_index=[2, 113], pid=[0], w=[41], x=[95, 3], y=[41])
Prediction:  tensor([1.4814e-05, 1.2755e-05, 1.9076e-05, 1.0079e-05, 1.3123e-05, 1.2962e-14,
        1.8670e-01, 8.0156e-05, 6.6838e-08, 1.5875e-02, 2.0981e-09, 3.2550e-04,
        5.4488e-01, 3.1366e-12, 8.0819e-01, 9.9990e-01, 9.9776e-01, 6.3360e-06,
        9.6108e-05, 5.6913e-08, 2.8311e-09, 3.2673e-02, 9.3041e-01, 8.2970e-05,
        2.0037e-03, 9.9763e-18, 5.3200e-06, 6.8438e-19, 3.9005e-01, 1.0058e-05,
        2.1095e-05, 7.6657e-17, 2.6135e-05, 1.0109e-05, 1.4134e-05, 1.6324e-18,
        1.4415e-05, 2.0285e-05, 2.1363e-05, 2.4530e-05, 1.3894e-05],
       device='cuda:0')
Truth:  tensor([0., 0., 0., 0., 0., 0., 0., 0., 0., 0., 0., 0., 0., 0., 0., 1., 0., 0.,
        0., 0., 0., 0., 0., 0., 0., 0., 0., 0., 0., 0., 0., 0., 0., 0., 0., 0.,
        0., 0., 0., 0., 0.], device='cuda:0')
i:  23  batch:  Batch(batch=[84], edge_index=[2, 90], pid=[0], w=[41], x=[84, 3], y=[41])
Prediction:  tensor([1.4814e-05, 1.2755e-05, 1.9076e-05, 1.0079e-05, 1.3123e-05, 1.2962e-14,
        1.8670e-01, 8.0156e-05, 6.6838e-08, 1.5875e-02, 2.0981e-09, 3.2550e-04,
        5.4488e-01, 3.1366e-12, 8.0819e-01, 9.9990e-01, 9.9776e-01, 6.3360e-06,
        9.6108e-05, 5.6913e-08, 2.8311e-09, 3.2673e-02, 9.3041e-01, 8.2970e-05,
        2.0037e-03, 9.9763e-18, 5.3200e-06, 6.8438e-19, 3.9005e-01, 1.0058e-05,
        2.1095e-05, 7.6657e-17, 2.6135e-05, 1.0109e-05, 1.4134e-05, 1.6324e-18,
        1.4415e-05, 2.0285e-05, 2.1363e-05, 2.4530e-05, 1.3894e-05],
       device='cuda:0')
Truth:  tensor([0., 0., 0., 0., 0., 0., 0., 0., 0., 0., 0., 0., 0., 0., 1., 0., 0., 0.,
        0., 0., 0., 0., 0., 0., 0., 0., 0., 0., 0., 0., 0., 0., 0., 0., 0., 0.,
        0., 0., 0., 0., 0.], device='cuda:0')
i:  24  batch:  Batch(batch=[116], edge_index=[2, 142], pid=[0], w=[41], x=[116, 3], y=[41])
Prediction:  tensor([1.4814e-05, 1.2755e-05, 1.9076e-05, 1.0079e-05, 1.3123e-05, 1.2962e-14,
        1.8670e-01, 8.0156e-05, 6.6838e-08, 1.5875e-02, 2.0981e-09, 3.2550e-04,
        5.4488e-01, 3.1366e-12, 8.0819e-01, 9.9990e-01, 9.9776e-01, 6.3360e-06,
        9.6108e-05, 5.6913e-08, 2.8311e-09, 3.2673e-02, 9.3041e-01, 8.2970e-05,
        2.0037e-03, 9.9763e-18, 5.3200e-06, 6.8438e-19, 3.9005e-01, 1.0058e-05,
        2.1095e-05, 7.6657e-17, 2.6135e-05, 1.0109e-05, 1.4134e-05, 1.6324e-18,
        1.4415e-05, 2.0285e-05, 2.1363e-05, 2.4530e-05, 1.3894e-05],
       device='cuda:0')
Truth:  tensor([0., 0., 0., 0., 0., 0., 0., 0., 0., 0., 0., 0., 0., 0., 0., 0., 0., 0.,
        0., 1., 0., 0., 0., 0., 0., 0., 0., 0., 0., 0., 0., 0., 0., 0., 0., 0.,
        0., 0., 0., 0., 0.], device='cuda:0')
i:  25  batch:  Batch(batch=[133], edge_index=[2, 187], pid=[0], w=[41], x=[133, 3], y=[41])
Prediction:  tensor([1.4814e-05, 1.2755e-05, 1.9076e-05, 1.0079e-05, 1.3123e-05, 1.2962e-14,
        1.8670e-01, 8.0156e-05, 6.6838e-08, 1.5875e-02, 2.0981e-09, 3.2550e-04,
        5.4488e-01, 3.1366e-12, 8.0819e-01, 9.9990e-01, 9.9776e-01, 6.3360e-06,
        9.6108e-05, 5.6913e-08, 2.8311e-09, 3.2673e-02, 9.3041e-01, 8.2970e-05,
        2.0037e-03, 9.9763e-18, 5.3200e-06, 6.8438e-19, 3.9005e-01, 1.0058e-05,
        2.1095e-05, 7.6657e-17, 2.6135e-05, 1.0109e-05, 1.4134e-05, 1.6324e-18,
        1.4415e-05, 2.0285e-05, 2.1363e-05, 2.4530e-05, 1.3894e-05],
       device='cuda:0')
Truth:  tensor([0., 0., 0., 0., 0., 0., 0., 0., 0., 0., 0., 0., 0., 0., 0., 0., 0., 0.,
        0., 0., 0., 1., 0., 0., 0., 0., 0., 0., 0., 0., 0., 0., 0., 0., 0., 0.,
        0., 0., 0., 0., 0.], device='cuda:0')
i:  26  batch:  Batch(batch=[142], edge_index=[2, 185], pid=[0], w=[41], x=[142, 3], y=[41])
Prediction:  tensor([1.4814e-05, 1.2755e-05, 1.9076e-05, 1.0079e-05, 1.3123e-05, 1.2962e-14,
        1.8670e-01, 8.0156e-05, 6.6838e-08, 1.5875e-02, 2.0981e-09, 3.2550e-04,
        5.4488e-01, 3.1366e-12, 8.0819e-01, 9.9990e-01, 9.9776e-01, 6.3360e-06,
        9.6108e-05, 5.6913e-08, 2.8311e-09, 3.2673e-02, 9.3041e-01, 8.2970e-05,
        2.0037e-03, 9.9763e-18, 5.3200e-06, 6.8438e-19, 3.9005e-01, 1.0058e-05,
        2.1095e-05, 7.6657e-17, 2.6135e-05, 1.0109e-05, 1.4134e-05, 1.6324e-18,
        1.4415e-05, 2.0285e-05, 2.1363e-05, 2.4530e-05, 1.3894e-05],
       device='cuda:0')
Truth:  tensor([0., 0., 0., 0., 0., 0., 0., 0., 0., 0., 0., 0., 0., 0., 0., 0., 0., 0.,
        0., 0., 0., 0., 1., 0., 0., 0., 0., 0., 0., 0., 0., 0., 0., 0., 0., 0.,
        0., 0., 0., 0., 0.], device='cuda:0')
i:  27  batch:  Batch(batch=[75], edge_index=[2, 74], pid=[0], w=[41], x=[75, 3], y=[41])
Prediction:  tensor([1.4814e-05, 1.2755e-05, 1.9076e-05, 1.0079e-05, 1.3123e-05, 1.2962e-14,
        1.8670e-01, 8.0156e-05, 6.6838e-08, 1.5875e-02, 2.0981e-09, 3.2550e-04,
        5.4488e-01, 3.1366e-12, 8.0819e-01, 9.9990e-01, 9.9776e-01, 6.3360e-06,
        9.6108e-05, 5.6913e-08, 2.8311e-09, 3.2673e-02, 9.3041e-01, 8.2970e-05,
        2.0037e-03, 9.9763e-18, 5.3200e-06, 6.8438e-19, 3.9005e-01, 1.0058e-05,
        2.1095e-05, 7.6657e-17, 2.6135e-05, 1.0109e-05, 1.4134e-05, 1.6324e-18,
        1.4415e-05, 2.0285e-05, 2.1363e-05, 2.4530e-05, 1.3894e-05],
       device='cuda:0')
Truth:  tensor([0., 0., 0., 0., 0., 0., 0., 0., 0., 0., 0., 0., 0., 0., 0., 0., 1., 0.,
        0., 0., 0., 0., 0., 0., 0., 0., 0., 0., 0., 0., 0., 0., 0., 0., 0., 0.,
        0., 0., 0., 0., 0.], device='cuda:0')
i:  28  batch:  Batch(batch=[65], edge_index=[2, 78], pid=[0], w=[41], x=[65, 3], y=[41])
Prediction:  tensor([1.4814e-05, 1.2755e-05, 1.9076e-05, 1.0079e-05, 1.3123e-05, 1.2962e-14,
        1.8670e-01, 8.0156e-05, 6.6838e-08, 1.5875e-02, 2.0981e-09, 3.2550e-04,
        5.4488e-01, 3.1366e-12, 8.0819e-01, 9.9990e-01, 9.9776e-01, 6.3360e-06,
        9.6108e-05, 5.6913e-08, 2.8311e-09, 3.2673e-02, 9.3041e-01, 8.2970e-05,
        2.0037e-03, 9.9763e-18, 5.3200e-06, 6.8438e-19, 3.9005e-01, 1.0058e-05,
        2.1095e-05, 7.6657e-17, 2.6135e-05, 1.0109e-05, 1.4134e-05, 1.6324e-18,
        1.4415e-05, 2.0285e-05, 2.1363e-05, 2.4530e-05, 1.3894e-05],
       device='cuda:0')
Truth:  tensor([0., 0., 0., 0., 0., 0., 0., 0., 0., 0., 0., 0., 1., 0., 0., 0., 0., 0.,
        0., 0., 0., 0., 0., 0., 0., 0., 0., 0., 0., 0., 0., 0., 0., 0., 0., 0.,
        0., 0., 0., 0., 0.], device='cuda:0')
i:  29  batch:  Batch(batch=[53], edge_index=[2, 48], pid=[0], w=[41], x=[53, 3], y=[41])
Prediction:  tensor([1.4814e-05, 1.2755e-05, 1.9076e-05, 1.0079e-05, 1.3123e-05, 1.2962e-14,
        1.8670e-01, 8.0156e-05, 6.6838e-08, 1.5875e-02, 2.0981e-09, 3.2550e-04,
        5.4488e-01, 3.1366e-12, 8.0819e-01, 9.9990e-01, 9.9776e-01, 6.3360e-06,
        9.6108e-05, 5.6913e-08, 2.8311e-09, 3.2673e-02, 9.3041e-01, 8.2970e-05,
        2.0037e-03, 9.9763e-18, 5.3200e-06, 6.8438e-19, 3.9005e-01, 1.0058e-05,
        2.1095e-05, 7.6657e-17, 2.6135e-05, 1.0109e-05, 1.4134e-05, 1.6324e-18,
        1.4415e-05, 2.0285e-05, 2.1363e-05, 2.4530e-05, 1.3894e-05],
       device='cuda:0')
Truth:  tensor([0., 0., 0., 0., 0., 0., 0., 0., 0., 1., 0., 0., 0., 0., 0., 0., 0., 0.,
        0., 0., 0., 0., 0., 0., 0., 0., 0., 0., 0., 0., 0., 0., 0., 0., 0., 0.,
        0., 0., 0., 0., 0.], device='cuda:0')
i:  30  batch:  Batch(batch=[30], edge_index=[2, 25], pid=[0], w=[41], x=[30, 3], y=[41])
Prediction:  tensor([1.4814e-05, 1.2755e-05, 1.9076e-05, 1.0079e-05, 1.3123e-05, 1.2962e-14,
        1.8670e-01, 8.0156e-05, 6.6838e-08, 1.5875e-02, 2.0981e-09, 3.2550e-04,
        5.4488e-01, 3.1366e-12, 8.0819e-01, 9.9990e-01, 9.9776e-01, 6.3360e-06,
        9.6108e-05, 5.6913e-08, 2.8311e-09, 3.2673e-02, 9.3041e-01, 8.2970e-05,
        2.0037e-03, 9.9763e-18, 5.3200e-06, 6.8438e-19, 3.9005e-01, 1.0058e-05,
        2.1095e-05, 7.6657e-17, 2.6135e-05, 1.0109e-05, 1.4134e-05, 1.6324e-18,
        1.4415e-05, 2.0285e-05, 2.1363e-05, 2.4530e-05, 1.3894e-05],
       device='cuda:0')
Truth:  tensor([0., 0., 0., 0., 0., 0., 1., 0., 0., 0., 0., 0., 0., 0., 0., 0., 0., 0.,
        0., 0., 0., 0., 0., 0., 0., 0., 0., 0., 0., 0., 0., 0., 0., 0., 0., 0.,
        0., 0., 0., 0., 0.], device='cuda:0')
i:  31  batch:  Batch(batch=[75], edge_index=[2, 99], pid=[0], w=[41], x=[75, 3], y=[41])
Prediction:  tensor([1.4814e-05, 1.2755e-05, 1.9076e-05, 1.0079e-05, 1.3123e-05, 1.2962e-14,
        1.8670e-01, 8.0156e-05, 6.6838e-08, 1.5875e-02, 2.0981e-09, 3.2550e-04,
        5.4488e-01, 3.1366e-12, 8.0819e-01, 9.9990e-01, 9.9776e-01, 6.3360e-06,
        9.6108e-05, 5.6913e-08, 2.8311e-09, 3.2673e-02, 9.3041e-01, 8.2970e-05,
        2.0037e-03, 9.9763e-18, 5.3200e-06, 6.8438e-19, 3.9005e-01, 1.0058e-05,
        2.1095e-05, 7.6657e-17, 2.6135e-05, 1.0109e-05, 1.4134e-05, 1.6324e-18,
        1.4415e-05, 2.0285e-05, 2.1363e-05, 2.4530e-05, 1.3894e-05],
       device='cuda:0')
Truth:  tensor([0., 0., 0., 0., 0., 0., 0., 0., 0., 0., 0., 1., 0., 0., 0., 0., 0., 0.,
        0., 0., 0., 0., 0., 0., 0., 0., 0., 0., 0., 0., 0., 0., 0., 0., 0., 0.,
        0., 0., 0., 0., 0.], device='cuda:0')
i:  32  batch:  Batch(batch=[121], edge_index=[2, 148], pid=[0], w=[41], x=[121, 3], y=[41])
Prediction:  tensor([1.4814e-05, 1.2755e-05, 1.9076e-05, 1.0079e-05, 1.3123e-05, 1.2962e-14,
        1.8670e-01, 8.0156e-05, 6.6838e-08, 1.5875e-02, 2.0981e-09, 3.2550e-04,
        5.4488e-01, 3.1366e-12, 8.0819e-01, 9.9990e-01, 9.9776e-01, 6.3360e-06,
        9.6108e-05, 5.6913e-08, 2.8311e-09, 3.2673e-02, 9.3041e-01, 8.2970e-05,
        2.0037e-03, 9.9763e-18, 5.3200e-06, 6.8438e-19, 3.9005e-01, 1.0058e-05,
        2.1095e-05, 7.6657e-17, 2.6135e-05, 1.0109e-05, 1.4134e-05, 1.6324e-18,
        1.4415e-05, 2.0285e-05, 2.1363e-05, 2.4530e-05, 1.3894e-05],
       device='cuda:0')
Truth:  tensor([0., 0., 0., 0., 0., 0., 0., 0., 0., 0., 0., 0., 0., 0., 0., 0., 0., 0.,
        0., 1., 0., 0., 0., 0., 0., 0., 0., 0., 0., 0., 0., 0., 0., 0., 0., 0.,
        0., 0., 0., 0., 0.], device='cuda:0')
i:  33  batch:  Batch(batch=[46], edge_index=[2, 39], pid=[0], w=[41], x=[46, 3], y=[41])
Prediction:  tensor([1.4814e-05, 1.2755e-05, 1.9076e-05, 1.0079e-05, 1.3123e-05, 1.2962e-14,
        1.8670e-01, 8.0156e-05, 6.6838e-08, 1.5875e-02, 2.0981e-09, 3.2550e-04,
        5.4488e-01, 3.1366e-12, 8.0819e-01, 9.9990e-01, 9.9776e-01, 6.3360e-06,
        9.6108e-05, 5.6913e-08, 2.8311e-09, 3.2673e-02, 9.3041e-01, 8.2970e-05,
        2.0037e-03, 9.9763e-18, 5.3200e-06, 6.8438e-19, 3.9005e-01, 1.0058e-05,
        2.1095e-05, 7.6657e-17, 2.6135e-05, 1.0109e-05, 1.4134e-05, 1.6324e-18,
        1.4415e-05, 2.0285e-05, 2.1363e-05, 2.4530e-05, 1.3894e-05],
       device='cuda:0')
Truth:  tensor([0., 0., 0., 0., 0., 0., 0., 0., 0., 0., 0., 1., 0., 0., 0., 0., 0., 0.,
        0., 0., 0., 0., 0., 0., 0., 0., 0., 0., 0., 0., 0., 0., 0., 0., 0., 0.,
        0., 0., 0., 0., 0.], device='cuda:0')
i:  34  batch:  Batch(batch=[77], edge_index=[2, 88], pid=[0], w=[41], x=[77, 3], y=[41])
Prediction:  tensor([1.4814e-05, 1.2755e-05, 1.9076e-05, 1.0079e-05, 1.3123e-05, 1.2962e-14,
        1.8670e-01, 8.0156e-05, 6.6838e-08, 1.5875e-02, 2.0981e-09, 3.2550e-04,
        5.4488e-01, 3.1366e-12, 8.0819e-01, 9.9990e-01, 9.9776e-01, 6.3360e-06,
        9.6108e-05, 5.6913e-08, 2.8311e-09, 3.2673e-02, 9.3041e-01, 8.2970e-05,
        2.0037e-03, 9.9763e-18, 5.3200e-06, 6.8438e-19, 3.9005e-01, 1.0058e-05,
        2.1095e-05, 7.6657e-17, 2.6135e-05, 1.0109e-05, 1.4134e-05, 1.6324e-18,
        1.4415e-05, 2.0285e-05, 2.1363e-05, 2.4530e-05, 1.3894e-05],
       device='cuda:0')
Truth:  tensor([0., 0., 0., 0., 0., 0., 0., 0., 0., 0., 0., 0., 0., 0., 0., 0., 0., 0.,
        1., 0., 0., 0., 0., 0., 0., 0., 0., 0., 0., 0., 0., 0., 0., 0., 0., 0.,
        0., 0., 0., 0., 0.], device='cuda:0')
i:  35  batch:  Batch(batch=[98], edge_index=[2, 108], pid=[0], w=[41], x=[98, 3], y=[41])
Prediction:  tensor([1.4814e-05, 1.2755e-05, 1.9076e-05, 1.0079e-05, 1.3123e-05, 1.2962e-14,
        1.8670e-01, 8.0156e-05, 6.6838e-08, 1.5875e-02, 2.0981e-09, 3.2550e-04,
        5.4488e-01, 3.1366e-12, 8.0819e-01, 9.9990e-01, 9.9776e-01, 6.3360e-06,
        9.6108e-05, 5.6913e-08, 2.8311e-09, 3.2673e-02, 9.3041e-01, 8.2970e-05,
        2.0037e-03, 9.9763e-18, 5.3200e-06, 6.8438e-19, 3.9005e-01, 1.0058e-05,
        2.1095e-05, 7.6657e-17, 2.6135e-05, 1.0109e-05, 1.4134e-05, 1.6324e-18,
        1.4415e-05, 2.0285e-05, 2.1363e-05, 2.4530e-05, 1.3894e-05],
       device='cuda:0')
Truth:  tensor([0., 0., 0., 0., 0., 0., 0., 0., 0., 0., 0., 0., 0., 0., 0., 0., 0., 0.,
        1., 0., 0., 0., 0., 0., 0., 0., 0., 0., 0., 0., 0., 0., 0., 0., 0., 0.,
        0., 0., 0., 0., 0.], device='cuda:0')
i:  36  batch:  Batch(batch=[60], edge_index=[2, 61], pid=[0], w=[41], x=[60, 3], y=[41])
Prediction:  tensor([1.4814e-05, 1.2755e-05, 1.9076e-05, 1.0079e-05, 1.3123e-05, 1.2962e-14,
        1.8670e-01, 8.0156e-05, 6.6838e-08, 1.5875e-02, 2.0981e-09, 3.2550e-04,
        5.4488e-01, 3.1366e-12, 8.0819e-01, 9.9990e-01, 9.9776e-01, 6.3360e-06,
        9.6108e-05, 5.6913e-08, 2.8311e-09, 3.2673e-02, 9.3041e-01, 8.2970e-05,
        2.0037e-03, 9.9763e-18, 5.3200e-06, 6.8438e-19, 3.9005e-01, 1.0058e-05,
        2.1095e-05, 7.6657e-17, 2.6135e-05, 1.0109e-05, 1.4134e-05, 1.6324e-18,
        1.4415e-05, 2.0285e-05, 2.1363e-05, 2.4530e-05, 1.3894e-05],
       device='cuda:0')
Truth:  tensor([0., 0., 0., 0., 0., 0., 0., 0., 0., 0., 0., 1., 0., 0., 0., 0., 0., 0.,
        0., 0., 0., 0., 0., 0., 0., 0., 0., 0., 0., 0., 0., 0., 0., 0., 0., 0.,
        0., 0., 0., 0., 0.], device='cuda:0')
i:  37  batch:  Batch(batch=[65], edge_index=[2, 87], pid=[0], w=[41], x=[65, 3], y=[41])
Prediction:  tensor([1.4814e-05, 1.2755e-05, 1.9076e-05, 1.0079e-05, 1.3123e-05, 1.2962e-14,
        1.8670e-01, 8.0156e-05, 6.6838e-08, 1.5875e-02, 2.0981e-09, 3.2550e-04,
        5.4488e-01, 3.1366e-12, 8.0819e-01, 9.9990e-01, 9.9776e-01, 6.3360e-06,
        9.6108e-05, 5.6913e-08, 2.8311e-09, 3.2673e-02, 9.3041e-01, 8.2970e-05,
        2.0037e-03, 9.9763e-18, 5.3200e-06, 6.8438e-19, 3.9005e-01, 1.0058e-05,
        2.1095e-05, 7.6657e-17, 2.6135e-05, 1.0109e-05, 1.4134e-05, 1.6324e-18,
        1.4415e-05, 2.0285e-05, 2.1363e-05, 2.4530e-05, 1.3894e-05],
       device='cuda:0')
Truth:  tensor([0., 0., 0., 0., 0., 0., 0., 0., 0., 0., 0., 0., 0., 0., 1., 0., 0., 0.,
        0., 0., 0., 0., 0., 0., 0., 0., 0., 0., 0., 0., 0., 0., 0., 0., 0., 0.,
        0., 0., 0., 0., 0.], device='cuda:0')
i:  38  batch:  Batch(batch=[218], edge_index=[2, 384], pid=[0], w=[41], x=[218, 3], y=[41])
Prediction:  tensor([1.4814e-05, 1.2755e-05, 1.9076e-05, 1.0079e-05, 1.3123e-05, 1.2962e-14,
        1.8670e-01, 8.0156e-05, 6.6838e-08, 1.5875e-02, 2.0981e-09, 3.2550e-04,
        5.4488e-01, 3.1366e-12, 8.0819e-01, 9.9990e-01, 9.9776e-01, 6.3360e-06,
        9.6108e-05, 5.6913e-08, 2.8311e-09, 3.2673e-02, 9.3041e-01, 8.2970e-05,
        2.0037e-03, 9.9763e-18, 5.3200e-06, 6.8438e-19, 3.9005e-01, 1.0058e-05,
        2.1095e-05, 7.6657e-17, 2.6135e-05, 1.0109e-05, 1.4134e-05, 1.6324e-18,
        1.4415e-05, 2.0285e-05, 2.1363e-05, 2.4530e-05, 1.3894e-05],
       device='cuda:0')
Truth:  tensor([0., 0., 0., 0., 0., 0., 0., 0., 0., 0., 0., 0., 0., 0., 0., 0., 0., 0.,
        0., 0., 0., 0., 0., 0., 0., 0., 0., 0., 0., 0., 0., 0., 0., 0., 0., 1.,
        0., 0., 0., 0., 0.], device='cuda:0')
i:  39  batch:  Batch(batch=[89], edge_index=[2, 100], pid=[0], w=[41], x=[89, 3], y=[41])
Prediction:  tensor([1.4814e-05, 1.2755e-05, 1.9076e-05, 1.0079e-05, 1.3123e-05, 1.2962e-14,
        1.8670e-01, 8.0156e-05, 6.6838e-08, 1.5875e-02, 2.0981e-09, 3.2550e-04,
        5.4488e-01, 3.1366e-12, 8.0819e-01, 9.9990e-01, 9.9776e-01, 6.3360e-06,
        9.6108e-05, 5.6913e-08, 2.8311e-09, 3.2673e-02, 9.3041e-01, 8.2970e-05,
        2.0037e-03, 9.9763e-18, 5.3200e-06, 6.8438e-19, 3.9005e-01, 1.0058e-05,
        2.1095e-05, 7.6657e-17, 2.6135e-05, 1.0109e-05, 1.4134e-05, 1.6324e-18,
        1.4415e-05, 2.0285e-05, 2.1363e-05, 2.4530e-05, 1.3894e-05],
       device='cuda:0')
Truth:  tensor([0., 0., 0., 0., 0., 0., 0., 0., 0., 0., 0., 0., 0., 0., 0., 0., 1., 0.,
        0., 0., 0., 0., 0., 0., 0., 0., 0., 0., 0., 0., 0., 0., 0., 0., 0., 0.,
        0., 0., 0., 0., 0.], device='cuda:0')
2019-11-07 11:17:17,302 INFO   Validation loss: 0.759 acc: 0.867
2019-11-07 11:17:17,316 INFO Epoch 1
2019-11-07 11:17:20,344 INFO   Training loss: 0.906
i:  0  batch:  Batch(batch=[35], edge_index=[2, 28], pid=[0], w=[41], x=[35, 3], y=[41])
Prediction:  tensor([1.9265e-05, 1.9781e-05, 1.1244e-05, 1.4787e-05, 1.1569e-05, 4.4804e-14,
        1.5901e-12, 2.9831e-17, 6.6007e-05, 8.1275e-01, 3.4539e-03, 3.6243e-09,
        2.1418e-06, 7.5416e-02, 1.0000e+00, 2.1304e-02, 9.7449e-01, 1.2438e-02,
        8.0688e-04, 7.4230e-04, 7.8176e-01, 1.2264e-04, 4.5077e-06, 9.9838e-04,
        4.7499e-08, 2.9966e-09, 8.5656e-06, 7.8545e-08, 5.6311e-04, 1.4077e-05,
        1.5699e-05, 4.5862e-09, 3.3997e-05, 7.4200e-06, 1.6188e-05, 1.2868e-09,
        6.6333e-06, 1.8690e-05, 1.9687e-05, 1.6457e-05, 1.7884e-05],
       device='cuda:0')
Truth:  tensor([0., 0., 0., 0., 0., 0., 0., 1., 0., 0., 0., 0., 0., 0., 0., 0., 0., 0.,
        0., 0., 0., 0., 0., 0., 0., 0., 0., 0., 0., 0., 0., 0., 0., 0., 0., 0.,
        0., 0., 0., 0., 0.], device='cuda:0')
i:  1  batch:  Batch(batch=[72], edge_index=[2, 80], pid=[0], w=[41], x=[72, 3], y=[41])
Prediction:  tensor([1.9265e-05, 1.9781e-05, 1.1244e-05, 1.4787e-05, 1.1569e-05, 4.4804e-14,
        1.5901e-12, 2.9831e-17, 6.6007e-05, 8.1275e-01, 3.4539e-03, 3.6243e-09,
        2.1418e-06, 7.5416e-02, 1.0000e+00, 2.1304e-02, 9.7449e-01, 1.2438e-02,
        8.0688e-04, 7.4230e-04, 7.8176e-01, 1.2264e-04, 4.5077e-06, 9.9838e-04,
        4.7499e-08, 2.9966e-09, 8.5656e-06, 7.8545e-08, 5.6311e-04, 1.4077e-05,
        1.5699e-05, 4.5862e-09, 3.3997e-05, 7.4200e-06, 1.6188e-05, 1.2868e-09,
        6.6333e-06, 1.8690e-05, 1.9687e-05, 1.6457e-05, 1.7884e-05],
       device='cuda:0')
Truth:  tensor([0., 0., 0., 0., 0., 0., 0., 0., 0., 0., 0., 0., 0., 0., 1., 0., 0., 0.,
        0., 0., 0., 0., 0., 0., 0., 0., 0., 0., 0., 0., 0., 0., 0., 0., 0., 0.,
        0., 0., 0., 0., 0.], device='cuda:0')
i:  2  batch:  Batch(batch=[112], edge_index=[2, 170], pid=[0], w=[41], x=[112, 3], y=[41])
Prediction:  tensor([1.9265e-05, 1.9781e-05, 1.1244e-05, 1.4787e-05, 1.1569e-05, 4.4804e-14,
        1.5901e-12, 2.9831e-17, 6.6007e-05, 8.1275e-01, 3.4539e-03, 3.6243e-09,
        2.1418e-06, 7.5416e-02, 1.0000e+00, 2.1304e-02, 9.7449e-01, 1.2438e-02,
        8.0688e-04, 7.4230e-04, 7.8176e-01, 1.2264e-04, 4.5077e-06, 9.9838e-04,
        4.7499e-08, 2.9966e-09, 8.5656e-06, 7.8545e-08, 5.6311e-04, 1.4077e-05,
        1.5699e-05, 4.5862e-09, 3.3997e-05, 7.4200e-06, 1.6188e-05, 1.2868e-09,
        6.6333e-06, 1.8690e-05, 1.9687e-05, 1.6457e-05, 1.7884e-05],
       device='cuda:0')
Truth:  tensor([0., 0., 0., 0., 0., 0., 0., 0., 0., 0., 0., 0., 0., 0., 0., 0., 0., 0.,
        1., 0., 0., 0., 0., 0., 0., 0., 0., 0., 0., 0., 0., 0., 0., 0., 0., 0.,
        0., 0., 0., 0., 0.], device='cuda:0')
i:  3  batch:  Batch(batch=[124], edge_index=[2, 142], pid=[0], w=[41], x=[124, 3], y=[41])
Prediction:  tensor([1.9265e-05, 1.9781e-05, 1.1244e-05, 1.4787e-05, 1.1569e-05, 4.4804e-14,
        1.5901e-12, 2.9831e-17, 6.6007e-05, 8.1275e-01, 3.4539e-03, 3.6243e-09,
        2.1418e-06, 7.5416e-02, 1.0000e+00, 2.1304e-02, 9.7449e-01, 1.2438e-02,
        8.0688e-04, 7.4230e-04, 7.8176e-01, 1.2264e-04, 4.5077e-06, 9.9838e-04,
        4.7499e-08, 2.9966e-09, 8.5656e-06, 7.8545e-08, 5.6311e-04, 1.4077e-05,
        1.5699e-05, 4.5862e-09, 3.3997e-05, 7.4200e-06, 1.6188e-05, 1.2868e-09,
        6.6333e-06, 1.8690e-05, 1.9687e-05, 1.6457e-05, 1.7884e-05],
       device='cuda:0')
Truth:  tensor([0., 0., 0., 0., 0., 0., 0., 0., 0., 0., 0., 0., 0., 0., 0., 0., 0., 0.,
        0., 0., 1., 0., 0., 0., 0., 0., 0., 0., 0., 0., 0., 0., 0., 0., 0., 0.,
        0., 0., 0., 0., 0.], device='cuda:0')
i:  4  batch:  Batch(batch=[190], edge_index=[2, 321], pid=[0], w=[41], x=[190, 3], y=[41])
Prediction:  tensor([1.9265e-05, 1.9781e-05, 1.1244e-05, 1.4787e-05, 1.1569e-05, 4.4804e-14,
        1.5901e-12, 2.9831e-17, 6.6007e-05, 8.1275e-01, 3.4539e-03, 3.6243e-09,
        2.1418e-06, 7.5416e-02, 1.0000e+00, 2.1304e-02, 9.7449e-01, 1.2438e-02,
        8.0688e-04, 7.4230e-04, 7.8176e-01, 1.2264e-04, 4.5077e-06, 9.9838e-04,
        4.7499e-08, 2.9966e-09, 8.5656e-06, 7.8545e-08, 5.6311e-04, 1.4077e-05,
        1.5699e-05, 4.5862e-09, 3.3997e-05, 7.4200e-06, 1.6188e-05, 1.2868e-09,
        6.6333e-06, 1.8690e-05, 1.9687e-05, 1.6457e-05, 1.7884e-05],
       device='cuda:0')
Truth:  tensor([0., 0., 0., 0., 0., 0., 0., 0., 0., 0., 0., 0., 0., 0., 0., 0., 0., 0.,
        0., 0., 0., 0., 0., 0., 0., 0., 0., 1., 0., 0., 0., 0., 0., 0., 0., 0.,
        0., 0., 0., 0., 0.], device='cuda:0')
i:  5  batch:  Batch(batch=[93], edge_index=[2, 107], pid=[0], w=[41], x=[93, 3], y=[41])
Prediction:  tensor([1.9265e-05, 1.9781e-05, 1.1244e-05, 1.4787e-05, 1.1569e-05, 4.4804e-14,
        1.5901e-12, 2.9831e-17, 6.6007e-05, 8.1275e-01, 3.4539e-03, 3.6243e-09,
        2.1418e-06, 7.5416e-02, 1.0000e+00, 2.1304e-02, 9.7449e-01, 1.2438e-02,
        8.0688e-04, 7.4230e-04, 7.8176e-01, 1.2264e-04, 4.5077e-06, 9.9838e-04,
        4.7499e-08, 2.9966e-09, 8.5656e-06, 7.8545e-08, 5.6311e-04, 1.4077e-05,
        1.5699e-05, 4.5862e-09, 3.3997e-05, 7.4200e-06, 1.6188e-05, 1.2868e-09,
        6.6333e-06, 1.8690e-05, 1.9687e-05, 1.6457e-05, 1.7884e-05],
       device='cuda:0')
Truth:  tensor([0., 0., 0., 0., 0., 0., 0., 0., 0., 0., 0., 0., 0., 1., 0., 0., 0., 0.,
        0., 0., 0., 0., 0., 0., 0., 0., 0., 0., 0., 0., 0., 0., 0., 0., 0., 0.,
        0., 0., 0., 0., 0.], device='cuda:0')
i:  6  batch:  Batch(batch=[61], edge_index=[2, 77], pid=[0], w=[41], x=[61, 3], y=[41])
Prediction:  tensor([1.9265e-05, 1.9781e-05, 1.1244e-05, 1.4787e-05, 1.1569e-05, 4.4804e-14,
        1.5901e-12, 2.9831e-17, 6.6007e-05, 8.1275e-01, 3.4539e-03, 3.6243e-09,
        2.1418e-06, 7.5416e-02, 1.0000e+00, 2.1304e-02, 9.7449e-01, 1.2438e-02,
        8.0688e-04, 7.4230e-04, 7.8176e-01, 1.2264e-04, 4.5077e-06, 9.9838e-04,
        4.7499e-08, 2.9966e-09, 8.5656e-06, 7.8545e-08, 5.6311e-04, 1.4077e-05,
        1.5699e-05, 4.5862e-09, 3.3997e-05, 7.4200e-06, 1.6188e-05, 1.2868e-09,
        6.6333e-06, 1.8690e-05, 1.9687e-05, 1.6457e-05, 1.7884e-05],
       device='cuda:0')
Truth:  tensor([0., 0., 0., 0., 0., 0., 0., 0., 0., 0., 1., 0., 0., 0., 0., 0., 0., 0.,
        0., 0., 0., 0., 0., 0., 0., 0., 0., 0., 0., 0., 0., 0., 0., 0., 0., 0.,
        0., 0., 0., 0., 0.], device='cuda:0')
i:  7  batch:  Batch(batch=[85], edge_index=[2, 90], pid=[0], w=[41], x=[85, 3], y=[41])
Prediction:  tensor([1.9265e-05, 1.9781e-05, 1.1244e-05, 1.4787e-05, 1.1569e-05, 4.4804e-14,
        1.5901e-12, 2.9831e-17, 6.6007e-05, 8.1275e-01, 3.4539e-03, 3.6243e-09,
        2.1418e-06, 7.5416e-02, 1.0000e+00, 2.1304e-02, 9.7449e-01, 1.2438e-02,
        8.0688e-04, 7.4230e-04, 7.8176e-01, 1.2264e-04, 4.5077e-06, 9.9838e-04,
        4.7499e-08, 2.9966e-09, 8.5656e-06, 7.8545e-08, 5.6311e-04, 1.4077e-05,
        1.5699e-05, 4.5862e-09, 3.3997e-05, 7.4200e-06, 1.6188e-05, 1.2868e-09,
        6.6333e-06, 1.8690e-05, 1.9687e-05, 1.6457e-05, 1.7884e-05],
       device='cuda:0')
Truth:  tensor([0., 0., 0., 0., 0., 0., 0., 0., 0., 0., 0., 0., 0., 0., 0., 0., 0., 0.,
        1., 0., 0., 0., 0., 0., 0., 0., 0., 0., 0., 0., 0., 0., 0., 0., 0., 0.,
        0., 0., 0., 0., 0.], device='cuda:0')
i:  8  batch:  Batch(batch=[118], edge_index=[2, 147], pid=[0], w=[41], x=[118, 3], y=[41])
Prediction:  tensor([1.9265e-05, 1.9781e-05, 1.1244e-05, 1.4787e-05, 1.1569e-05, 4.4804e-14,
        1.5901e-12, 2.9831e-17, 6.6007e-05, 8.1275e-01, 3.4539e-03, 3.6243e-09,
        2.1418e-06, 7.5416e-02, 1.0000e+00, 2.1304e-02, 9.7449e-01, 1.2438e-02,
        8.0688e-04, 7.4230e-04, 7.8176e-01, 1.2264e-04, 4.5077e-06, 9.9838e-04,
        4.7499e-08, 2.9966e-09, 8.5656e-06, 7.8545e-08, 5.6311e-04, 1.4077e-05,
        1.5699e-05, 4.5862e-09, 3.3997e-05, 7.4200e-06, 1.6188e-05, 1.2868e-09,
        6.6333e-06, 1.8690e-05, 1.9687e-05, 1.6457e-05, 1.7884e-05],
       device='cuda:0')
Truth:  tensor([0., 0., 0., 0., 0., 0., 0., 0., 0., 0., 0., 0., 0., 0., 0., 0., 0., 0.,
        0., 1., 0., 0., 0., 0., 0., 0., 0., 0., 0., 0., 0., 0., 0., 0., 0., 0.,
        0., 0., 0., 0., 0.], device='cuda:0')
i:  9  batch:  Batch(batch=[47], edge_index=[2, 41], pid=[0], w=[41], x=[47, 3], y=[41])
Prediction:  tensor([1.9265e-05, 1.9781e-05, 1.1244e-05, 1.4787e-05, 1.1569e-05, 4.4804e-14,
        1.5901e-12, 2.9831e-17, 6.6007e-05, 8.1275e-01, 3.4539e-03, 3.6243e-09,
        2.1418e-06, 7.5416e-02, 1.0000e+00, 2.1304e-02, 9.7449e-01, 1.2438e-02,
        8.0688e-04, 7.4230e-04, 7.8176e-01, 1.2264e-04, 4.5077e-06, 9.9838e-04,
        4.7499e-08, 2.9966e-09, 8.5656e-06, 7.8545e-08, 5.6311e-04, 1.4077e-05,
        1.5699e-05, 4.5862e-09, 3.3997e-05, 7.4200e-06, 1.6188e-05, 1.2868e-09,
        6.6333e-06, 1.8690e-05, 1.9687e-05, 1.6457e-05, 1.7884e-05],
       device='cuda:0')
Truth:  tensor([0., 0., 0., 0., 0., 0., 0., 0., 0., 0., 1., 0., 0., 0., 0., 0., 0., 0.,
        0., 0., 0., 0., 0., 0., 0., 0., 0., 0., 0., 0., 0., 0., 0., 0., 0., 0.,
        0., 0., 0., 0., 0.], device='cuda:0')
i:  10  batch:  Batch(batch=[83], edge_index=[2, 105], pid=[0], w=[41], x=[83, 3], y=[41])
Prediction:  tensor([1.9265e-05, 1.9781e-05, 1.1244e-05, 1.4787e-05, 1.1569e-05, 4.4804e-14,
        1.5901e-12, 2.9831e-17, 6.6007e-05, 8.1275e-01, 3.4539e-03, 3.6243e-09,
        2.1418e-06, 7.5416e-02, 1.0000e+00, 2.1304e-02, 9.7449e-01, 1.2438e-02,
        8.0688e-04, 7.4230e-04, 7.8176e-01, 1.2264e-04, 4.5077e-06, 9.9838e-04,
        4.7499e-08, 2.9966e-09, 8.5656e-06, 7.8545e-08, 5.6311e-04, 1.4077e-05,
        1.5699e-05, 4.5862e-09, 3.3997e-05, 7.4200e-06, 1.6188e-05, 1.2868e-09,
        6.6333e-06, 1.8690e-05, 1.9687e-05, 1.6457e-05, 1.7884e-05],
       device='cuda:0')
Truth:  tensor([0., 0., 0., 0., 0., 0., 0., 0., 0., 0., 0., 0., 1., 0., 0., 0., 0., 0.,
        0., 0., 0., 0., 0., 0., 0., 0., 0., 0., 0., 0., 0., 0., 0., 0., 0., 0.,
        0., 0., 0., 0., 0.], device='cuda:0')
i:  11  batch:  Batch(batch=[81], edge_index=[2, 79], pid=[0], w=[41], x=[81, 3], y=[41])
Prediction:  tensor([1.9265e-05, 1.9781e-05, 1.1244e-05, 1.4787e-05, 1.1569e-05, 4.4804e-14,
        1.5901e-12, 2.9831e-17, 6.6007e-05, 8.1275e-01, 3.4539e-03, 3.6243e-09,
        2.1418e-06, 7.5416e-02, 1.0000e+00, 2.1304e-02, 9.7449e-01, 1.2438e-02,
        8.0688e-04, 7.4230e-04, 7.8176e-01, 1.2264e-04, 4.5077e-06, 9.9838e-04,
        4.7499e-08, 2.9966e-09, 8.5656e-06, 7.8545e-08, 5.6311e-04, 1.4077e-05,
        1.5699e-05, 4.5862e-09, 3.3997e-05, 7.4200e-06, 1.6188e-05, 1.2868e-09,
        6.6333e-06, 1.8690e-05, 1.9687e-05, 1.6457e-05, 1.7884e-05],
       device='cuda:0')
Truth:  tensor([0., 0., 0., 0., 0., 0., 0., 0., 0., 0., 0., 0., 0., 1., 0., 0., 0., 0.,
        0., 0., 0., 0., 0., 0., 0., 0., 0., 0., 0., 0., 0., 0., 0., 0., 0., 0.,
        0., 0., 0., 0., 0.], device='cuda:0')
i:  12  batch:  Batch(batch=[18], edge_index=[2, 14], pid=[0], w=[41], x=[18, 3], y=[41])
Prediction:  tensor([1.9265e-05, 1.9781e-05, 1.1244e-05, 1.4787e-05, 1.1569e-05, 4.4804e-14,
        1.5901e-12, 2.9831e-17, 6.6007e-05, 8.1275e-01, 3.4539e-03, 3.6243e-09,
        2.1418e-06, 7.5416e-02, 1.0000e+00, 2.1304e-02, 9.7449e-01, 1.2438e-02,
        8.0688e-04, 7.4230e-04, 7.8176e-01, 1.2264e-04, 4.5077e-06, 9.9838e-04,
        4.7499e-08, 2.9966e-09, 8.5656e-06, 7.8545e-08, 5.6311e-04, 1.4077e-05,
        1.5699e-05, 4.5862e-09, 3.3997e-05, 7.4200e-06, 1.6188e-05, 1.2868e-09,
        6.6333e-06, 1.8690e-05, 1.9687e-05, 1.6457e-05, 1.7884e-05],
       device='cuda:0')
Truth:  tensor([0., 0., 0., 0., 1., 0., 0., 0., 0., 0., 0., 0., 0., 0., 0., 0., 0., 0.,
        0., 0., 0., 0., 0., 0., 0., 0., 0., 0., 0., 0., 0., 0., 0., 0., 0., 0.,
        0., 0., 0., 0., 0.], device='cuda:0')
i:  13  batch:  Batch(batch=[161], edge_index=[2, 214], pid=[0], w=[41], x=[161, 3], y=[41])
Prediction:  tensor([1.9265e-05, 1.9781e-05, 1.1244e-05, 1.4787e-05, 1.1569e-05, 4.4804e-14,
        1.5901e-12, 2.9831e-17, 6.6007e-05, 8.1275e-01, 3.4539e-03, 3.6243e-09,
        2.1418e-06, 7.5416e-02, 1.0000e+00, 2.1304e-02, 9.7449e-01, 1.2438e-02,
        8.0688e-04, 7.4230e-04, 7.8176e-01, 1.2264e-04, 4.5077e-06, 9.9838e-04,
        4.7499e-08, 2.9966e-09, 8.5656e-06, 7.8545e-08, 5.6311e-04, 1.4077e-05,
        1.5699e-05, 4.5862e-09, 3.3997e-05, 7.4200e-06, 1.6188e-05, 1.2868e-09,
        6.6333e-06, 1.8690e-05, 1.9687e-05, 1.6457e-05, 1.7884e-05],
       device='cuda:0')
Truth:  tensor([0., 0., 0., 0., 0., 0., 0., 0., 0., 0., 0., 0., 0., 0., 0., 0., 0., 0.,
        0., 0., 0., 0., 0., 0., 0., 0., 1., 0., 0., 0., 0., 0., 0., 0., 0., 0.,
        0., 0., 0., 0., 0.], device='cuda:0')
i:  14  batch:  Batch(batch=[105], edge_index=[2, 165], pid=[0], w=[41], x=[105, 3], y=[41])
Prediction:  tensor([1.9265e-05, 1.9781e-05, 1.1244e-05, 1.4787e-05, 1.1569e-05, 4.4804e-14,
        1.5901e-12, 2.9831e-17, 6.6007e-05, 8.1275e-01, 3.4539e-03, 3.6243e-09,
        2.1418e-06, 7.5416e-02, 1.0000e+00, 2.1304e-02, 9.7449e-01, 1.2438e-02,
        8.0688e-04, 7.4230e-04, 7.8176e-01, 1.2264e-04, 4.5077e-06, 9.9838e-04,
        4.7499e-08, 2.9966e-09, 8.5656e-06, 7.8545e-08, 5.6311e-04, 1.4077e-05,
        1.5699e-05, 4.5862e-09, 3.3997e-05, 7.4200e-06, 1.6188e-05, 1.2868e-09,
        6.6333e-06, 1.8690e-05, 1.9687e-05, 1.6457e-05, 1.7884e-05],
       device='cuda:0')
Truth:  tensor([0., 0., 0., 0., 0., 0., 0., 0., 0., 0., 0., 0., 0., 0., 0., 0., 1., 0.,
        0., 0., 0., 0., 0., 0., 0., 0., 0., 0., 0., 0., 0., 0., 0., 0., 0., 0.,
        0., 0., 0., 0., 0.], device='cuda:0')
i:  15  batch:  Batch(batch=[114], edge_index=[2, 137], pid=[0], w=[41], x=[114, 3], y=[41])
Prediction:  tensor([1.9265e-05, 1.9781e-05, 1.1244e-05, 1.4787e-05, 1.1569e-05, 4.4804e-14,
        1.5901e-12, 2.9831e-17, 6.6007e-05, 8.1275e-01, 3.4539e-03, 3.6243e-09,
        2.1418e-06, 7.5416e-02, 1.0000e+00, 2.1304e-02, 9.7449e-01, 1.2438e-02,
        8.0688e-04, 7.4230e-04, 7.8176e-01, 1.2264e-04, 4.5077e-06, 9.9838e-04,
        4.7499e-08, 2.9966e-09, 8.5656e-06, 7.8545e-08, 5.6311e-04, 1.4077e-05,
        1.5699e-05, 4.5862e-09, 3.3997e-05, 7.4200e-06, 1.6188e-05, 1.2868e-09,
        6.6333e-06, 1.8690e-05, 1.9687e-05, 1.6457e-05, 1.7884e-05],
       device='cuda:0')
Truth:  tensor([0., 0., 0., 0., 0., 0., 0., 0., 0., 0., 0., 0., 0., 0., 0., 0., 0., 0.,
        0., 1., 0., 0., 0., 0., 0., 0., 0., 0., 0., 0., 0., 0., 0., 0., 0., 0.,
        0., 0., 0., 0., 0.], device='cuda:0')
i:  16  batch:  Batch(batch=[141], edge_index=[2, 220], pid=[0], w=[41], x=[141, 3], y=[41])
Prediction:  tensor([1.9265e-05, 1.9781e-05, 1.1244e-05, 1.4787e-05, 1.1569e-05, 4.4804e-14,
        1.5901e-12, 2.9831e-17, 6.6007e-05, 8.1275e-01, 3.4539e-03, 3.6243e-09,
        2.1418e-06, 7.5416e-02, 1.0000e+00, 2.1304e-02, 9.7449e-01, 1.2438e-02,
        8.0688e-04, 7.4230e-04, 7.8176e-01, 1.2264e-04, 4.5077e-06, 9.9838e-04,
        4.7499e-08, 2.9966e-09, 8.5656e-06, 7.8545e-08, 5.6311e-04, 1.4077e-05,
        1.5699e-05, 4.5862e-09, 3.3997e-05, 7.4200e-06, 1.6188e-05, 1.2868e-09,
        6.6333e-06, 1.8690e-05, 1.9687e-05, 1.6457e-05, 1.7884e-05],
       device='cuda:0')
Truth:  tensor([0., 0., 0., 0., 0., 0., 0., 0., 0., 0., 0., 0., 0., 0., 0., 0., 0., 0.,
        0., 0., 0., 0., 0., 1., 0., 0., 0., 0., 0., 0., 0., 0., 0., 0., 0., 0.,
        0., 0., 0., 0., 0.], device='cuda:0')
i:  17  batch:  Batch(batch=[79], edge_index=[2, 90], pid=[0], w=[41], x=[79, 3], y=[41])
Prediction:  tensor([1.9265e-05, 1.9781e-05, 1.1244e-05, 1.4787e-05, 1.1569e-05, 4.4804e-14,
        1.5901e-12, 2.9831e-17, 6.6007e-05, 8.1275e-01, 3.4539e-03, 3.6243e-09,
        2.1418e-06, 7.5416e-02, 1.0000e+00, 2.1304e-02, 9.7449e-01, 1.2438e-02,
        8.0688e-04, 7.4230e-04, 7.8176e-01, 1.2264e-04, 4.5077e-06, 9.9838e-04,
        4.7499e-08, 2.9966e-09, 8.5656e-06, 7.8545e-08, 5.6311e-04, 1.4077e-05,
        1.5699e-05, 4.5862e-09, 3.3997e-05, 7.4200e-06, 1.6188e-05, 1.2868e-09,
        6.6333e-06, 1.8690e-05, 1.9687e-05, 1.6457e-05, 1.7884e-05],
       device='cuda:0')
Truth:  tensor([0., 0., 0., 0., 0., 0., 0., 0., 0., 0., 0., 0., 0., 1., 0., 0., 0., 0.,
        0., 0., 0., 0., 0., 0., 0., 0., 0., 0., 0., 0., 0., 0., 0., 0., 0., 0.,
        0., 0., 0., 0., 0.], device='cuda:0')
i:  18  batch:  Batch(batch=[106], edge_index=[2, 153], pid=[0], w=[41], x=[106, 3], y=[41])
Prediction:  tensor([1.9265e-05, 1.9781e-05, 1.1244e-05, 1.4787e-05, 1.1569e-05, 4.4804e-14,
        1.5901e-12, 2.9831e-17, 6.6007e-05, 8.1275e-01, 3.4539e-03, 3.6243e-09,
        2.1418e-06, 7.5416e-02, 1.0000e+00, 2.1304e-02, 9.7449e-01, 1.2438e-02,
        8.0688e-04, 7.4230e-04, 7.8176e-01, 1.2264e-04, 4.5077e-06, 9.9838e-04,
        4.7499e-08, 2.9966e-09, 8.5656e-06, 7.8545e-08, 5.6311e-04, 1.4077e-05,
        1.5699e-05, 4.5862e-09, 3.3997e-05, 7.4200e-06, 1.6188e-05, 1.2868e-09,
        6.6333e-06, 1.8690e-05, 1.9687e-05, 1.6457e-05, 1.7884e-05],
       device='cuda:0')
Truth:  tensor([0., 0., 0., 0., 0., 0., 0., 0., 0., 0., 0., 0., 0., 0., 0., 0., 0., 1.,
        0., 0., 0., 0., 0., 0., 0., 0., 0., 0., 0., 0., 0., 0., 0., 0., 0., 0.,
        0., 0., 0., 0., 0.], device='cuda:0')
i:  19  batch:  Batch(batch=[76], edge_index=[2, 75], pid=[0], w=[41], x=[76, 3], y=[41])
Prediction:  tensor([1.9265e-05, 1.9781e-05, 1.1244e-05, 1.4787e-05, 1.1569e-05, 4.4804e-14,
        1.5901e-12, 2.9831e-17, 6.6007e-05, 8.1275e-01, 3.4539e-03, 3.6243e-09,
        2.1418e-06, 7.5416e-02, 1.0000e+00, 2.1304e-02, 9.7449e-01, 1.2438e-02,
        8.0688e-04, 7.4230e-04, 7.8176e-01, 1.2264e-04, 4.5077e-06, 9.9838e-04,
        4.7499e-08, 2.9966e-09, 8.5656e-06, 7.8545e-08, 5.6311e-04, 1.4077e-05,
        1.5699e-05, 4.5862e-09, 3.3997e-05, 7.4200e-06, 1.6188e-05, 1.2868e-09,
        6.6333e-06, 1.8690e-05, 1.9687e-05, 1.6457e-05, 1.7884e-05],
       device='cuda:0')
Truth:  tensor([0., 0., 0., 0., 0., 0., 0., 0., 0., 0., 0., 0., 0., 0., 1., 0., 0., 0.,
        0., 0., 0., 0., 0., 0., 0., 0., 0., 0., 0., 0., 0., 0., 0., 0., 0., 0.,
        0., 0., 0., 0., 0.], device='cuda:0')
i:  20  batch:  Batch(batch=[139], edge_index=[2, 200], pid=[0], w=[41], x=[139, 3], y=[41])
Prediction:  tensor([1.9265e-05, 1.9781e-05, 1.1244e-05, 1.4787e-05, 1.1569e-05, 4.4804e-14,
        1.5901e-12, 2.9831e-17, 6.6007e-05, 8.1275e-01, 3.4539e-03, 3.6243e-09,
        2.1418e-06, 7.5416e-02, 1.0000e+00, 2.1304e-02, 9.7449e-01, 1.2438e-02,
        8.0688e-04, 7.4230e-04, 7.8176e-01, 1.2264e-04, 4.5077e-06, 9.9838e-04,
        4.7499e-08, 2.9966e-09, 8.5656e-06, 7.8545e-08, 5.6311e-04, 1.4077e-05,
        1.5699e-05, 4.5862e-09, 3.3997e-05, 7.4200e-06, 1.6188e-05, 1.2868e-09,
        6.6333e-06, 1.8690e-05, 1.9687e-05, 1.6457e-05, 1.7884e-05],
       device='cuda:0')
Truth:  tensor([0., 0., 0., 0., 0., 0., 0., 0., 0., 0., 0., 0., 0., 0., 0., 0., 0., 0.,
        1., 0., 0., 0., 0., 0., 0., 0., 0., 0., 0., 0., 0., 0., 0., 0., 0., 0.,
        0., 0., 0., 0., 0.], device='cuda:0')
i:  21  batch:  Batch(batch=[92], edge_index=[2, 107], pid=[0], w=[41], x=[92, 3], y=[41])
Prediction:  tensor([1.9265e-05, 1.9781e-05, 1.1244e-05, 1.4787e-05, 1.1569e-05, 4.4804e-14,
        1.5901e-12, 2.9831e-17, 6.6007e-05, 8.1275e-01, 3.4539e-03, 3.6243e-09,
        2.1418e-06, 7.5416e-02, 1.0000e+00, 2.1304e-02, 9.7449e-01, 1.2438e-02,
        8.0688e-04, 7.4230e-04, 7.8176e-01, 1.2264e-04, 4.5077e-06, 9.9838e-04,
        4.7499e-08, 2.9966e-09, 8.5656e-06, 7.8545e-08, 5.6311e-04, 1.4077e-05,
        1.5699e-05, 4.5862e-09, 3.3997e-05, 7.4200e-06, 1.6188e-05, 1.2868e-09,
        6.6333e-06, 1.8690e-05, 1.9687e-05, 1.6457e-05, 1.7884e-05],
       device='cuda:0')
Truth:  tensor([0., 0., 0., 0., 0., 0., 0., 0., 0., 0., 0., 0., 0., 0., 0., 0., 0., 1.,
        0., 0., 0., 0., 0., 0., 0., 0., 0., 0., 0., 0., 0., 0., 0., 0., 0., 0.,
        0., 0., 0., 0., 0.], device='cuda:0')
i:  22  batch:  Batch(batch=[95], edge_index=[2, 113], pid=[0], w=[41], x=[95, 3], y=[41])
Prediction:  tensor([1.9265e-05, 1.9781e-05, 1.1244e-05, 1.4787e-05, 1.1569e-05, 4.4804e-14,
        1.5901e-12, 2.9831e-17, 6.6007e-05, 8.1275e-01, 3.4539e-03, 3.6243e-09,
        2.1418e-06, 7.5416e-02, 1.0000e+00, 2.1304e-02, 9.7449e-01, 1.2438e-02,
        8.0688e-04, 7.4230e-04, 7.8176e-01, 1.2264e-04, 4.5077e-06, 9.9838e-04,
        4.7499e-08, 2.9966e-09, 8.5656e-06, 7.8545e-08, 5.6311e-04, 1.4077e-05,
        1.5699e-05, 4.5862e-09, 3.3997e-05, 7.4200e-06, 1.6188e-05, 1.2868e-09,
        6.6333e-06, 1.8690e-05, 1.9687e-05, 1.6457e-05, 1.7884e-05],
       device='cuda:0')
Truth:  tensor([0., 0., 0., 0., 0., 0., 0., 0., 0., 0., 0., 0., 0., 0., 0., 1., 0., 0.,
        0., 0., 0., 0., 0., 0., 0., 0., 0., 0., 0., 0., 0., 0., 0., 0., 0., 0.,
        0., 0., 0., 0., 0.], device='cuda:0')
i:  23  batch:  Batch(batch=[84], edge_index=[2, 90], pid=[0], w=[41], x=[84, 3], y=[41])
Prediction:  tensor([1.9265e-05, 1.9781e-05, 1.1244e-05, 1.4787e-05, 1.1569e-05, 4.4804e-14,
        1.5901e-12, 2.9831e-17, 6.6007e-05, 8.1275e-01, 3.4539e-03, 3.6243e-09,
        2.1418e-06, 7.5416e-02, 1.0000e+00, 2.1304e-02, 9.7449e-01, 1.2438e-02,
        8.0688e-04, 7.4230e-04, 7.8176e-01, 1.2264e-04, 4.5077e-06, 9.9838e-04,
        4.7499e-08, 2.9966e-09, 8.5656e-06, 7.8545e-08, 5.6311e-04, 1.4077e-05,
        1.5699e-05, 4.5862e-09, 3.3997e-05, 7.4200e-06, 1.6188e-05, 1.2868e-09,
        6.6333e-06, 1.8690e-05, 1.9687e-05, 1.6457e-05, 1.7884e-05],
       device='cuda:0')
Truth:  tensor([0., 0., 0., 0., 0., 0., 0., 0., 0., 0., 0., 0., 0., 0., 1., 0., 0., 0.,
        0., 0., 0., 0., 0., 0., 0., 0., 0., 0., 0., 0., 0., 0., 0., 0., 0., 0.,
        0., 0., 0., 0., 0.], device='cuda:0')
i:  24  batch:  Batch(batch=[116], edge_index=[2, 142], pid=[0], w=[41], x=[116, 3], y=[41])
Prediction:  tensor([1.9265e-05, 1.9781e-05, 1.1244e-05, 1.4787e-05, 1.1569e-05, 4.4804e-14,
        1.5901e-12, 2.9831e-17, 6.6007e-05, 8.1275e-01, 3.4539e-03, 3.6243e-09,
        2.1418e-06, 7.5416e-02, 1.0000e+00, 2.1304e-02, 9.7449e-01, 1.2438e-02,
        8.0688e-04, 7.4230e-04, 7.8176e-01, 1.2264e-04, 4.5077e-06, 9.9838e-04,
        4.7499e-08, 2.9966e-09, 8.5656e-06, 7.8545e-08, 5.6311e-04, 1.4077e-05,
        1.5699e-05, 4.5862e-09, 3.3997e-05, 7.4200e-06, 1.6188e-05, 1.2868e-09,
        6.6333e-06, 1.8690e-05, 1.9687e-05, 1.6457e-05, 1.7884e-05],
       device='cuda:0')
Truth:  tensor([0., 0., 0., 0., 0., 0., 0., 0., 0., 0., 0., 0., 0., 0., 0., 0., 0., 0.,
        0., 1., 0., 0., 0., 0., 0., 0., 0., 0., 0., 0., 0., 0., 0., 0., 0., 0.,
        0., 0., 0., 0., 0.], device='cuda:0')
i:  25  batch:  Batch(batch=[133], edge_index=[2, 187], pid=[0], w=[41], x=[133, 3], y=[41])
Prediction:  tensor([1.9265e-05, 1.9781e-05, 1.1244e-05, 1.4787e-05, 1.1569e-05, 4.4804e-14,
        1.5901e-12, 2.9831e-17, 6.6007e-05, 8.1275e-01, 3.4539e-03, 3.6243e-09,
        2.1418e-06, 7.5416e-02, 1.0000e+00, 2.1304e-02, 9.7449e-01, 1.2438e-02,
        8.0688e-04, 7.4230e-04, 7.8176e-01, 1.2264e-04, 4.5077e-06, 9.9838e-04,
        4.7499e-08, 2.9966e-09, 8.5656e-06, 7.8545e-08, 5.6311e-04, 1.4077e-05,
        1.5699e-05, 4.5862e-09, 3.3997e-05, 7.4200e-06, 1.6188e-05, 1.2868e-09,
        6.6333e-06, 1.8690e-05, 1.9687e-05, 1.6457e-05, 1.7884e-05],
       device='cuda:0')
Truth:  tensor([0., 0., 0., 0., 0., 0., 0., 0., 0., 0., 0., 0., 0., 0., 0., 0., 0., 0.,
        0., 0., 0., 1., 0., 0., 0., 0., 0., 0., 0., 0., 0., 0., 0., 0., 0., 0.,
        0., 0., 0., 0., 0.], device='cuda:0')
i:  26  batch:  Batch(batch=[142], edge_index=[2, 185], pid=[0], w=[41], x=[142, 3], y=[41])
Prediction:  tensor([1.9265e-05, 1.9781e-05, 1.1244e-05, 1.4787e-05, 1.1569e-05, 4.4804e-14,
        1.5901e-12, 2.9831e-17, 6.6007e-05, 8.1275e-01, 3.4539e-03, 3.6243e-09,
        2.1418e-06, 7.5416e-02, 1.0000e+00, 2.1304e-02, 9.7449e-01, 1.2438e-02,
        8.0688e-04, 7.4230e-04, 7.8176e-01, 1.2264e-04, 4.5077e-06, 9.9838e-04,
        4.7499e-08, 2.9966e-09, 8.5656e-06, 7.8545e-08, 5.6311e-04, 1.4077e-05,
        1.5699e-05, 4.5862e-09, 3.3997e-05, 7.4200e-06, 1.6188e-05, 1.2868e-09,
        6.6333e-06, 1.8690e-05, 1.9687e-05, 1.6457e-05, 1.7884e-05],
       device='cuda:0')
Truth:  tensor([0., 0., 0., 0., 0., 0., 0., 0., 0., 0., 0., 0., 0., 0., 0., 0., 0., 0.,
        0., 0., 0., 0., 1., 0., 0., 0., 0., 0., 0., 0., 0., 0., 0., 0., 0., 0.,
        0., 0., 0., 0., 0.], device='cuda:0')
i:  27  batch:  Batch(batch=[75], edge_index=[2, 74], pid=[0], w=[41], x=[75, 3], y=[41])
Prediction:  tensor([1.9265e-05, 1.9781e-05, 1.1244e-05, 1.4787e-05, 1.1569e-05, 4.4804e-14,
        1.5901e-12, 2.9831e-17, 6.6007e-05, 8.1275e-01, 3.4539e-03, 3.6243e-09,
        2.1418e-06, 7.5416e-02, 1.0000e+00, 2.1304e-02, 9.7449e-01, 1.2438e-02,
        8.0688e-04, 7.4230e-04, 7.8176e-01, 1.2264e-04, 4.5077e-06, 9.9838e-04,
        4.7499e-08, 2.9966e-09, 8.5656e-06, 7.8545e-08, 5.6311e-04, 1.4077e-05,
        1.5699e-05, 4.5862e-09, 3.3997e-05, 7.4200e-06, 1.6188e-05, 1.2868e-09,
        6.6333e-06, 1.8690e-05, 1.9687e-05, 1.6457e-05, 1.7884e-05],
       device='cuda:0')
Truth:  tensor([0., 0., 0., 0., 0., 0., 0., 0., 0., 0., 0., 0., 0., 0., 0., 0., 1., 0.,
        0., 0., 0., 0., 0., 0., 0., 0., 0., 0., 0., 0., 0., 0., 0., 0., 0., 0.,
        0., 0., 0., 0., 0.], device='cuda:0')
i:  28  batch:  Batch(batch=[65], edge_index=[2, 78], pid=[0], w=[41], x=[65, 3], y=[41])
Prediction:  tensor([1.9265e-05, 1.9781e-05, 1.1244e-05, 1.4787e-05, 1.1569e-05, 4.4804e-14,
        1.5901e-12, 2.9831e-17, 6.6007e-05, 8.1275e-01, 3.4539e-03, 3.6243e-09,
        2.1418e-06, 7.5416e-02, 1.0000e+00, 2.1304e-02, 9.7449e-01, 1.2438e-02,
        8.0688e-04, 7.4230e-04, 7.8176e-01, 1.2264e-04, 4.5077e-06, 9.9838e-04,
        4.7499e-08, 2.9966e-09, 8.5656e-06, 7.8545e-08, 5.6311e-04, 1.4077e-05,
        1.5699e-05, 4.5862e-09, 3.3997e-05, 7.4200e-06, 1.6188e-05, 1.2868e-09,
        6.6333e-06, 1.8690e-05, 1.9687e-05, 1.6457e-05, 1.7884e-05],
       device='cuda:0')
Truth:  tensor([0., 0., 0., 0., 0., 0., 0., 0., 0., 0., 0., 0., 1., 0., 0., 0., 0., 0.,
        0., 0., 0., 0., 0., 0., 0., 0., 0., 0., 0., 0., 0., 0., 0., 0., 0., 0.,
        0., 0., 0., 0., 0.], device='cuda:0')
i:  29  batch:  Batch(batch=[53], edge_index=[2, 48], pid=[0], w=[41], x=[53, 3], y=[41])
Prediction:  tensor([1.9265e-05, 1.9781e-05, 1.1244e-05, 1.4787e-05, 1.1569e-05, 4.4804e-14,
        1.5901e-12, 2.9831e-17, 6.6007e-05, 8.1275e-01, 3.4539e-03, 3.6243e-09,
        2.1418e-06, 7.5416e-02, 1.0000e+00, 2.1304e-02, 9.7449e-01, 1.2438e-02,
        8.0688e-04, 7.4230e-04, 7.8176e-01, 1.2264e-04, 4.5077e-06, 9.9838e-04,
        4.7499e-08, 2.9966e-09, 8.5656e-06, 7.8545e-08, 5.6311e-04, 1.4077e-05,
        1.5699e-05, 4.5862e-09, 3.3997e-05, 7.4200e-06, 1.6188e-05, 1.2868e-09,
        6.6333e-06, 1.8690e-05, 1.9687e-05, 1.6457e-05, 1.7884e-05],
       device='cuda:0')
Truth:  tensor([0., 0., 0., 0., 0., 0., 0., 0., 0., 1., 0., 0., 0., 0., 0., 0., 0., 0.,
        0., 0., 0., 0., 0., 0., 0., 0., 0., 0., 0., 0., 0., 0., 0., 0., 0., 0.,
        0., 0., 0., 0., 0.], device='cuda:0')
i:  30  batch:  Batch(batch=[30], edge_index=[2, 25], pid=[0], w=[41], x=[30, 3], y=[41])
Prediction:  tensor([1.9265e-05, 1.9781e-05, 1.1244e-05, 1.4787e-05, 1.1569e-05, 4.4804e-14,
        1.5901e-12, 2.9831e-17, 6.6007e-05, 8.1275e-01, 3.4539e-03, 3.6243e-09,
        2.1418e-06, 7.5416e-02, 1.0000e+00, 2.1304e-02, 9.7449e-01, 1.2438e-02,
        8.0688e-04, 7.4230e-04, 7.8176e-01, 1.2264e-04, 4.5077e-06, 9.9838e-04,
        4.7499e-08, 2.9966e-09, 8.5656e-06, 7.8545e-08, 5.6311e-04, 1.4077e-05,
        1.5699e-05, 4.5862e-09, 3.3997e-05, 7.4200e-06, 1.6188e-05, 1.2868e-09,
        6.6333e-06, 1.8690e-05, 1.9687e-05, 1.6457e-05, 1.7884e-05],
       device='cuda:0')
Truth:  tensor([0., 0., 0., 0., 0., 0., 1., 0., 0., 0., 0., 0., 0., 0., 0., 0., 0., 0.,
        0., 0., 0., 0., 0., 0., 0., 0., 0., 0., 0., 0., 0., 0., 0., 0., 0., 0.,
        0., 0., 0., 0., 0.], device='cuda:0')
i:  31  batch:  Batch(batch=[75], edge_index=[2, 99], pid=[0], w=[41], x=[75, 3], y=[41])
Prediction:  tensor([1.9265e-05, 1.9781e-05, 1.1244e-05, 1.4787e-05, 1.1569e-05, 4.4804e-14,
        1.5901e-12, 2.9831e-17, 6.6007e-05, 8.1275e-01, 3.4539e-03, 3.6243e-09,
        2.1418e-06, 7.5416e-02, 1.0000e+00, 2.1304e-02, 9.7449e-01, 1.2438e-02,
        8.0688e-04, 7.4230e-04, 7.8176e-01, 1.2264e-04, 4.5077e-06, 9.9838e-04,
        4.7499e-08, 2.9966e-09, 8.5656e-06, 7.8545e-08, 5.6311e-04, 1.4077e-05,
        1.5699e-05, 4.5862e-09, 3.3997e-05, 7.4200e-06, 1.6188e-05, 1.2868e-09,
        6.6333e-06, 1.8690e-05, 1.9687e-05, 1.6457e-05, 1.7884e-05],
       device='cuda:0')
Truth:  tensor([0., 0., 0., 0., 0., 0., 0., 0., 0., 0., 0., 1., 0., 0., 0., 0., 0., 0.,
        0., 0., 0., 0., 0., 0., 0., 0., 0., 0., 0., 0., 0., 0., 0., 0., 0., 0.,
        0., 0., 0., 0., 0.], device='cuda:0')
i:  32  batch:  Batch(batch=[121], edge_index=[2, 148], pid=[0], w=[41], x=[121, 3], y=[41])
Prediction:  tensor([1.9265e-05, 1.9781e-05, 1.1244e-05, 1.4787e-05, 1.1569e-05, 4.4804e-14,
        1.5901e-12, 2.9831e-17, 6.6007e-05, 8.1275e-01, 3.4539e-03, 3.6243e-09,
        2.1418e-06, 7.5416e-02, 1.0000e+00, 2.1304e-02, 9.7449e-01, 1.2438e-02,
        8.0688e-04, 7.4230e-04, 7.8176e-01, 1.2264e-04, 4.5077e-06, 9.9838e-04,
        4.7499e-08, 2.9966e-09, 8.5656e-06, 7.8545e-08, 5.6311e-04, 1.4077e-05,
        1.5699e-05, 4.5862e-09, 3.3997e-05, 7.4200e-06, 1.6188e-05, 1.2868e-09,
        6.6333e-06, 1.8690e-05, 1.9687e-05, 1.6457e-05, 1.7884e-05],
       device='cuda:0')
Truth:  tensor([0., 0., 0., 0., 0., 0., 0., 0., 0., 0., 0., 0., 0., 0., 0., 0., 0., 0.,
        0., 1., 0., 0., 0., 0., 0., 0., 0., 0., 0., 0., 0., 0., 0., 0., 0., 0.,
        0., 0., 0., 0., 0.], device='cuda:0')
i:  33  batch:  Batch(batch=[46], edge_index=[2, 39], pid=[0], w=[41], x=[46, 3], y=[41])
Prediction:  tensor([1.9265e-05, 1.9781e-05, 1.1244e-05, 1.4787e-05, 1.1569e-05, 4.4804e-14,
        1.5901e-12, 2.9831e-17, 6.6007e-05, 8.1275e-01, 3.4539e-03, 3.6243e-09,
        2.1418e-06, 7.5416e-02, 1.0000e+00, 2.1304e-02, 9.7449e-01, 1.2438e-02,
        8.0688e-04, 7.4230e-04, 7.8176e-01, 1.2264e-04, 4.5077e-06, 9.9838e-04,
        4.7499e-08, 2.9966e-09, 8.5656e-06, 7.8545e-08, 5.6311e-04, 1.4077e-05,
        1.5699e-05, 4.5862e-09, 3.3997e-05, 7.4200e-06, 1.6188e-05, 1.2868e-09,
        6.6333e-06, 1.8690e-05, 1.9687e-05, 1.6457e-05, 1.7884e-05],
       device='cuda:0')
Truth:  tensor([0., 0., 0., 0., 0., 0., 0., 0., 0., 0., 0., 1., 0., 0., 0., 0., 0., 0.,
        0., 0., 0., 0., 0., 0., 0., 0., 0., 0., 0., 0., 0., 0., 0., 0., 0., 0.,
        0., 0., 0., 0., 0.], device='cuda:0')
i:  34  batch:  Batch(batch=[77], edge_index=[2, 88], pid=[0], w=[41], x=[77, 3], y=[41])
Prediction:  tensor([1.9265e-05, 1.9781e-05, 1.1244e-05, 1.4787e-05, 1.1569e-05, 4.4804e-14,
        1.5901e-12, 2.9831e-17, 6.6007e-05, 8.1275e-01, 3.4539e-03, 3.6243e-09,
        2.1418e-06, 7.5416e-02, 1.0000e+00, 2.1304e-02, 9.7449e-01, 1.2438e-02,
        8.0688e-04, 7.4230e-04, 7.8176e-01, 1.2264e-04, 4.5077e-06, 9.9838e-04,
        4.7499e-08, 2.9966e-09, 8.5656e-06, 7.8545e-08, 5.6311e-04, 1.4077e-05,
        1.5699e-05, 4.5862e-09, 3.3997e-05, 7.4200e-06, 1.6188e-05, 1.2868e-09,
        6.6333e-06, 1.8690e-05, 1.9687e-05, 1.6457e-05, 1.7884e-05],
       device='cuda:0')
Truth:  tensor([0., 0., 0., 0., 0., 0., 0., 0., 0., 0., 0., 0., 0., 0., 0., 0., 0., 0.,
        1., 0., 0., 0., 0., 0., 0., 0., 0., 0., 0., 0., 0., 0., 0., 0., 0., 0.,
        0., 0., 0., 0., 0.], device='cuda:0')
i:  35  batch:  Batch(batch=[98], edge_index=[2, 108], pid=[0], w=[41], x=[98, 3], y=[41])
Prediction:  tensor([1.9265e-05, 1.9781e-05, 1.1244e-05, 1.4787e-05, 1.1569e-05, 4.4804e-14,
        1.5901e-12, 2.9831e-17, 6.6007e-05, 8.1275e-01, 3.4539e-03, 3.6243e-09,
        2.1418e-06, 7.5416e-02, 1.0000e+00, 2.1304e-02, 9.7449e-01, 1.2438e-02,
        8.0688e-04, 7.4230e-04, 7.8176e-01, 1.2264e-04, 4.5077e-06, 9.9838e-04,
        4.7499e-08, 2.9966e-09, 8.5656e-06, 7.8545e-08, 5.6311e-04, 1.4077e-05,
        1.5699e-05, 4.5862e-09, 3.3997e-05, 7.4200e-06, 1.6188e-05, 1.2868e-09,
        6.6333e-06, 1.8690e-05, 1.9687e-05, 1.6457e-05, 1.7884e-05],
       device='cuda:0')
Truth:  tensor([0., 0., 0., 0., 0., 0., 0., 0., 0., 0., 0., 0., 0., 0., 0., 0., 0., 0.,
        1., 0., 0., 0., 0., 0., 0., 0., 0., 0., 0., 0., 0., 0., 0., 0., 0., 0.,
        0., 0., 0., 0., 0.], device='cuda:0')
i:  36  batch:  Batch(batch=[60], edge_index=[2, 61], pid=[0], w=[41], x=[60, 3], y=[41])
Prediction:  tensor([1.9265e-05, 1.9781e-05, 1.1244e-05, 1.4787e-05, 1.1569e-05, 4.4804e-14,
        1.5901e-12, 2.9831e-17, 6.6007e-05, 8.1275e-01, 3.4539e-03, 3.6243e-09,
        2.1418e-06, 7.5416e-02, 1.0000e+00, 2.1304e-02, 9.7449e-01, 1.2438e-02,
        8.0688e-04, 7.4230e-04, 7.8176e-01, 1.2264e-04, 4.5077e-06, 9.9838e-04,
        4.7499e-08, 2.9966e-09, 8.5656e-06, 7.8545e-08, 5.6311e-04, 1.4077e-05,
        1.5699e-05, 4.5862e-09, 3.3997e-05, 7.4200e-06, 1.6188e-05, 1.2868e-09,
        6.6333e-06, 1.8690e-05, 1.9687e-05, 1.6457e-05, 1.7884e-05],
       device='cuda:0')
Truth:  tensor([0., 0., 0., 0., 0., 0., 0., 0., 0., 0., 0., 1., 0., 0., 0., 0., 0., 0.,
        0., 0., 0., 0., 0., 0., 0., 0., 0., 0., 0., 0., 0., 0., 0., 0., 0., 0.,
        0., 0., 0., 0., 0.], device='cuda:0')
i:  37  batch:  Batch(batch=[65], edge_index=[2, 87], pid=[0], w=[41], x=[65, 3], y=[41])
Prediction:  tensor([1.9265e-05, 1.9781e-05, 1.1244e-05, 1.4787e-05, 1.1569e-05, 4.4804e-14,
        1.5901e-12, 2.9831e-17, 6.6007e-05, 8.1275e-01, 3.4539e-03, 3.6243e-09,
        2.1418e-06, 7.5416e-02, 1.0000e+00, 2.1304e-02, 9.7449e-01, 1.2438e-02,
        8.0688e-04, 7.4230e-04, 7.8176e-01, 1.2264e-04, 4.5077e-06, 9.9838e-04,
        4.7499e-08, 2.9966e-09, 8.5656e-06, 7.8545e-08, 5.6311e-04, 1.4077e-05,
        1.5699e-05, 4.5862e-09, 3.3997e-05, 7.4200e-06, 1.6188e-05, 1.2868e-09,
        6.6333e-06, 1.8690e-05, 1.9687e-05, 1.6457e-05, 1.7884e-05],
       device='cuda:0')
Truth:  tensor([0., 0., 0., 0., 0., 0., 0., 0., 0., 0., 0., 0., 0., 0., 1., 0., 0., 0.,
        0., 0., 0., 0., 0., 0., 0., 0., 0., 0., 0., 0., 0., 0., 0., 0., 0., 0.,
        0., 0., 0., 0., 0.], device='cuda:0')
i:  38  batch:  Batch(batch=[218], edge_index=[2, 384], pid=[0], w=[41], x=[218, 3], y=[41])
Prediction:  tensor([1.9265e-05, 1.9781e-05, 1.1244e-05, 1.4787e-05, 1.1569e-05, 4.4804e-14,
        1.5901e-12, 2.9831e-17, 6.6007e-05, 8.1275e-01, 3.4539e-03, 3.6243e-09,
        2.1418e-06, 7.5416e-02, 1.0000e+00, 2.1304e-02, 9.7449e-01, 1.2438e-02,
        8.0688e-04, 7.4230e-04, 7.8176e-01, 1.2264e-04, 4.5077e-06, 9.9838e-04,
        4.7499e-08, 2.9966e-09, 8.5656e-06, 7.8545e-08, 5.6311e-04, 1.4077e-05,
        1.5699e-05, 4.5862e-09, 3.3997e-05, 7.4200e-06, 1.6188e-05, 1.2868e-09,
        6.6333e-06, 1.8690e-05, 1.9687e-05, 1.6457e-05, 1.7884e-05],
       device='cuda:0')
Truth:  tensor([0., 0., 0., 0., 0., 0., 0., 0., 0., 0., 0., 0., 0., 0., 0., 0., 0., 0.,
        0., 0., 0., 0., 0., 0., 0., 0., 0., 0., 0., 0., 0., 0., 0., 0., 0., 1.,
        0., 0., 0., 0., 0.], device='cuda:0')
i:  39  batch:  Batch(batch=[89], edge_index=[2, 100], pid=[0], w=[41], x=[89, 3], y=[41])
Prediction:  tensor([1.9265e-05, 1.9781e-05, 1.1244e-05, 1.4787e-05, 1.1569e-05, 4.4804e-14,
        1.5901e-12, 2.9831e-17, 6.6007e-05, 8.1275e-01, 3.4539e-03, 3.6243e-09,
        2.1418e-06, 7.5416e-02, 1.0000e+00, 2.1304e-02, 9.7449e-01, 1.2438e-02,
        8.0688e-04, 7.4230e-04, 7.8176e-01, 1.2264e-04, 4.5077e-06, 9.9838e-04,
        4.7499e-08, 2.9966e-09, 8.5656e-06, 7.8545e-08, 5.6311e-04, 1.4077e-05,
        1.5699e-05, 4.5862e-09, 3.3997e-05, 7.4200e-06, 1.6188e-05, 1.2868e-09,
        6.6333e-06, 1.8690e-05, 1.9687e-05, 1.6457e-05, 1.7884e-05],
       device='cuda:0')
Truth:  tensor([0., 0., 0., 0., 0., 0., 0., 0., 0., 0., 0., 0., 0., 0., 0., 0., 1., 0.,
        0., 0., 0., 0., 0., 0., 0., 0., 0., 0., 0., 0., 0., 0., 0., 0., 0., 0.,
        0., 0., 0., 0., 0.], device='cuda:0')
2019-11-07 11:17:20,837 INFO   Validation loss: 0.684 acc: 0.889
2019-11-07 11:17:20,850 INFO Epoch 2
