2019-11-08 15:44:04,822 INFO Initialized rank 0 out of 1
2019-11-08 15:44:04,822 INFO Configuration: {'output_dir': '/global/cscratch1/sd/danieltm/ExaTrkX/counter_results/counter001', 'trainer': {'name': 'gnn_sparse'}, 'data': {'name': 'hitgraphs_sparse', 'input_dir': '/global/cscratch1/sd/danieltm/ExaTrkX/counter_data/hitgraphs_small_000', 'n_train': 3000, 'n_valid': 100, 'real_weight': 3.0, 'batch_size': 1, 'n_workers': 4}, 'model': {'name': 'counter', 'input_dim': 3, 'hidden_dim': 64, 'layer_norm': True, 'n_graph_iters': 4, 'max_tracks': 40, 'loss_func': 'cross_entropy'}, 'optimizer': {'name': 'Adam', 'learning_rate': 0.01, 'lr_scaling': 'sqrt', 'lr_warmup_epochs': 5, 'lr_decay_schedule': [{'start_epoch': 5, 'end_epoch': 10, 'factor': 0.5}, {'start_epoch': 10, 'end_epoch': 40, 'factor': 0.1}, {'start_epoch': 40, 'end_epoch': 70, 'factor': 0.05}, {'start_epoch': 70, 'end_epoch': 90, 'factor': 0.01}]}, 'training': {'n_epochs': 90}, 'n_ranks': 1}
2019-11-08 15:44:04,822 INFO Saving job outputs to /global/cscratch1/sd/danieltm/ExaTrkX/counter_results/counter001
2019-11-08 15:44:04,822 INFO Writing config via pickle to /global/cscratch1/sd/danieltm/ExaTrkX/counter_results/counter001/config.pkl
2019-11-08 15:44:05,877 INFO Loaded 3000 training samples
2019-11-08 15:44:05,877 INFO Loaded 100 validation samples
2019-11-08 15:44:05,878 INFO Choosing GPU 0
2019-11-08 15:44:08,926 INFO Model: 
GNNTrackCounter(
  (input_network): Sequential(
    (0): Linear(in_features=3, out_features=64, bias=True)
    (1): LayerNorm((64,), eps=1e-05, elementwise_affine=True)
    (2): Tanh()
  )
  (edge_network): EdgeNetwork(
    (network): Sequential(
      (0): Linear(in_features=134, out_features=64, bias=True)
      (1): LayerNorm((64,), eps=1e-05, elementwise_affine=True)
      (2): Tanh()
      (3): Linear(in_features=64, out_features=64, bias=True)
      (4): LayerNorm((64,), eps=1e-05, elementwise_affine=True)
      (5): Tanh()
      (6): Linear(in_features=64, out_features=64, bias=True)
      (7): LayerNorm((64,), eps=1e-05, elementwise_affine=True)
      (8): Tanh()
      (9): Linear(in_features=64, out_features=1, bias=True)
    )
  )
  (node_network): NodeNetwork(
    (network): Sequential(
      (0): Linear(in_features=283, out_features=64, bias=True)
      (1): LayerNorm((64,), eps=1e-05, elementwise_affine=True)
      (2): Tanh()
      (3): Linear(in_features=64, out_features=64, bias=True)
      (4): LayerNorm((64,), eps=1e-05, elementwise_affine=True)
      (5): Tanh()
      (6): Linear(in_features=64, out_features=64, bias=True)
      (7): LayerNorm((64,), eps=1e-05, elementwise_affine=True)
      (8): Tanh()
      (9): Linear(in_features=64, out_features=64, bias=True)
      (10): LayerNorm((64,), eps=1e-05, elementwise_affine=True)
      (11): Tanh()
    )
  )
  (output_network): OutputNetwork(
    (network): Sequential(
      (0): Linear(in_features=67, out_features=64, bias=True)
      (1): Tanh()
      (2): Linear(in_features=64, out_features=64, bias=True)
      (3): Tanh()
      (4): Linear(in_features=64, out_features=64, bias=True)
      (5): Tanh()
      (6): Linear(in_features=64, out_features=41, bias=True)
    )
  )
)
Parameters: 64298
2019-11-08 15:44:08,926 INFO Epoch 0
Prediction:  tensor([ 0.3101,  0.2035, -0.2890,  0.0913, -0.0136,  0.0242,  0.1300, -0.3243,
        -0.1123, -0.1135,  0.0900,  0.0176, -0.0084,  0.0110, -0.3349, -0.0089,
        -0.0724, -0.0687, -0.1685, -0.2307, -0.0080, -0.1425,  0.1648, -0.2903,
         0.2357, -0.0927,  0.0815,  0.2373,  0.0515, -0.0634,  0.0763, -0.1990,
        -0.0956, -0.3300, -0.0491,  0.0961, -0.0253, -0.1029, -0.1225,  0.1413,
        -0.0714], device='cuda:0', grad_fn=<AddBackward0>)  location:  tensor(0, device='cuda:0')
Truth:  tensor(9, device='cuda:0')
Prediction:  tensor([ 0.2438,  0.0285, -0.1222,  0.1668,  0.2435,  0.0212, -0.0155, -0.1706,
        -0.0663,  0.2073, -0.0377,  0.0292, -0.1504, -0.1702, -0.1113, -0.0160,
         0.1151, -0.0647, -0.3344, -0.2934,  0.1936,  0.1590,  0.2538,  0.0620,
         0.1634,  0.0641,  0.1811, -0.0317, -0.1094, -0.2557,  0.0926, -0.2920,
        -0.0493, -0.3282, -0.0737, -0.2871,  0.0722,  0.1237, -0.0722,  0.0448,
        -0.2186], device='cuda:0', grad_fn=<AddBackward0>)  location:  tensor(22, device='cuda:0')
Truth:  tensor(19, device='cuda:0')
