2019-11-07 15:21:18,759 INFO Initialized rank 0 out of 1
2019-11-07 15:21:18,760 INFO Configuration: {'output_dir': '/global/cscratch1/sd/danieltm/ExaTrkX/counter_results/counter001', 'trainer': {'name': 'gnn_sparse'}, 'data': {'name': 'hitgraphs_sparse', 'input_dir': '/global/cscratch1/sd/danieltm/ExaTrkX/counter_data/hitgraphs_small_000', 'n_train': 160, 'n_valid': 40, 'real_weight': 3.0, 'batch_size': 1, 'n_workers': 4}, 'model': {'name': 'counter', 'input_dim': 3, 'hidden_dim': 64, 'layer_norm': True, 'n_graph_iters': 4, 'max_tracks': 40, 'loss_func': 'cross_entropy'}, 'optimizer': {'name': 'Adam', 'learning_rate': 0.1, 'lr_scaling': 'sqrt', 'lr_warmup_epochs': 5, 'lr_decay_schedule': [{'start_epoch': 10, 'end_epoch': 20, 'factor': 0.5}, {'start_epoch': 20, 'end_epoch': 40, 'factor': 0.1}, {'start_epoch': 40, 'end_epoch': 50, 'factor': 0.05}, {'start_epoch': 50, 'end_epoch': 64, 'factor': 0.01}]}, 'training': {'n_epochs': 64}, 'n_ranks': 1}
2019-11-07 15:21:18,760 INFO Saving job outputs to /global/cscratch1/sd/danieltm/ExaTrkX/counter_results/counter001
2019-11-07 15:21:18,760 INFO Writing config via pickle to /global/cscratch1/sd/danieltm/ExaTrkX/counter_results/counter001/config.pkl
2019-11-07 15:21:19,708 INFO Loaded 160 training samples
2019-11-07 15:21:19,708 INFO Loaded 40 validation samples
2019-11-07 15:21:19,708 INFO Choosing GPU 0
2019-11-07 15:21:22,549 INFO Model: 
GNNTrackCounter(
  (input_network): Sequential(
    (0): Linear(in_features=3, out_features=64, bias=True)
    (1): LayerNorm((64,), eps=1e-05, elementwise_affine=True)
    (2): Tanh()
  )
  (edge_network): EdgeNetwork(
    (network): Sequential(
      (0): Linear(in_features=134, out_features=64, bias=True)
      (1): LayerNorm((64,), eps=1e-05, elementwise_affine=True)
      (2): Tanh()
      (3): Linear(in_features=64, out_features=64, bias=True)
      (4): LayerNorm((64,), eps=1e-05, elementwise_affine=True)
      (5): Tanh()
      (6): Linear(in_features=64, out_features=64, bias=True)
      (7): LayerNorm((64,), eps=1e-05, elementwise_affine=True)
      (8): Tanh()
      (9): Linear(in_features=64, out_features=1, bias=True)
    )
  )
  (node_network): NodeNetwork(
    (network): Sequential(
      (0): Linear(in_features=201, out_features=64, bias=True)
      (1): LayerNorm((64,), eps=1e-05, elementwise_affine=True)
      (2): Tanh()
      (3): Linear(in_features=64, out_features=64, bias=True)
      (4): LayerNorm((64,), eps=1e-05, elementwise_affine=True)
      (5): Tanh()
      (6): Linear(in_features=64, out_features=64, bias=True)
      (7): LayerNorm((64,), eps=1e-05, elementwise_affine=True)
      (8): Tanh()
      (9): Linear(in_features=64, out_features=64, bias=True)
      (10): LayerNorm((64,), eps=1e-05, elementwise_affine=True)
      (11): Tanh()
    )
  )
  (output_network): OutputNetwork(
    (network): Sequential(
      (0): Linear(in_features=67, out_features=64, bias=True)
      (1): LayerNorm((64,), eps=1e-05, elementwise_affine=True)
      (2): Tanh()
      (3): Linear(in_features=64, out_features=64, bias=True)
      (4): LayerNorm((64,), eps=1e-05, elementwise_affine=True)
      (5): Tanh()
      (6): Linear(in_features=64, out_features=64, bias=True)
      (7): LayerNorm((64,), eps=1e-05, elementwise_affine=True)
      (8): Tanh()
      (9): Linear(in_features=64, out_features=41, bias=True)
    )
  )
)
Parameters: 59434
2019-11-07 15:21:22,550 INFO Epoch 0
2019-11-07 15:21:26,052 INFO   Training loss: 5.145
Prediction:  tensor([1.0870e-03, 1.8799e-03, 1.3199e-04, 2.8897e-04, 1.0332e-03, 6.3782e-02,
        7.0468e-01, 2.9265e-02, 9.9973e-02, 9.5339e-01, 1.3587e-02, 4.3783e-01,
        6.9370e-01, 4.1860e-01, 3.0553e-02, 9.5986e-01, 7.0142e-01, 1.6427e-01,
        4.4405e-01, 4.7379e-02, 6.4175e-01, 7.9764e-01, 7.0346e-01, 3.0362e-02,
        8.9252e-01, 4.1380e-03, 5.8648e-01, 6.6576e-01, 5.2060e-02, 4.5910e-04,
        1.2191e-03, 5.3233e-01, 1.7086e-03, 1.3442e-03, 9.7677e-04, 1.7129e-01,
        8.8323e-04, 4.2417e-04, 4.0026e-04, 1.7200e-03, 2.3957e-04],
       device='cuda:0')
Truth:  tensor([0., 0., 0., 0., 0., 0., 0., 1., 0., 0., 0., 0., 0., 0., 0., 0., 0., 0.,
        0., 0., 0., 0., 0., 0., 0., 0., 0., 0., 0., 0., 0., 0., 0., 0., 0., 0.,
        0., 0., 0., 0., 0.], device='cuda:0')
Prediction:  tensor([1.0870e-03, 1.8799e-03, 1.3199e-04, 2.8896e-04, 1.0332e-03, 6.3781e-02,
        7.0467e-01, 2.9265e-02, 9.9973e-02, 9.5339e-01, 1.3587e-02, 4.3783e-01,
        6.9370e-01, 4.1860e-01, 3.0553e-02, 9.5986e-01, 7.0142e-01, 1.6427e-01,
        4.4404e-01, 4.7380e-02, 6.4175e-01, 7.9764e-01, 7.0346e-01, 3.0363e-02,
        8.9252e-01, 4.1379e-03, 5.8647e-01, 6.6576e-01, 5.2058e-02, 4.5909e-04,
        1.2190e-03, 5.3232e-01, 1.7085e-03, 1.3441e-03, 9.7675e-04, 1.7130e-01,
        8.8321e-04, 4.2416e-04, 4.0025e-04, 1.7200e-03, 2.3956e-04],
       device='cuda:0')
Truth:  tensor([0., 0., 0., 0., 0., 0., 0., 0., 0., 0., 0., 0., 0., 0., 1., 0., 0., 0.,
        0., 0., 0., 0., 0., 0., 0., 0., 0., 0., 0., 0., 0., 0., 0., 0., 0., 0.,
        0., 0., 0., 0., 0.], device='cuda:0')
Prediction:  tensor([1.0870e-03, 1.8799e-03, 1.3199e-04, 2.8897e-04, 1.0332e-03, 6.3781e-02,
        7.0467e-01, 2.9265e-02, 9.9973e-02, 9.5339e-01, 1.3587e-02, 4.3783e-01,
        6.9370e-01, 4.1860e-01, 3.0553e-02, 9.5986e-01, 7.0142e-01, 1.6427e-01,
        4.4404e-01, 4.7379e-02, 6.4175e-01, 7.9764e-01, 7.0346e-01, 3.0362e-02,
        8.9252e-01, 4.1379e-03, 5.8647e-01, 6.6576e-01, 5.2059e-02, 4.5909e-04,
        1.2190e-03, 5.3232e-01, 1.7086e-03, 1.3441e-03, 9.7675e-04, 1.7130e-01,
        8.8321e-04, 4.2417e-04, 4.0025e-04, 1.7200e-03, 2.3956e-04],
       device='cuda:0')
Truth:  tensor([0., 0., 0., 0., 0., 0., 0., 0., 0., 0., 0., 0., 0., 0., 0., 0., 0., 0.,
        1., 0., 0., 0., 0., 0., 0., 0., 0., 0., 0., 0., 0., 0., 0., 0., 0., 0.,
        0., 0., 0., 0., 0.], device='cuda:0')
Prediction:  tensor([1.0869e-03, 1.8797e-03, 1.3197e-04, 2.8893e-04, 1.0331e-03, 6.3777e-02,
        7.0465e-01, 2.9262e-02, 9.9972e-02, 9.5339e-01, 1.3588e-02, 4.3783e-01,
        6.9371e-01, 4.1858e-01, 3.0554e-02, 9.5986e-01, 7.0142e-01, 1.6426e-01,
        4.4404e-01, 4.7382e-02, 6.4175e-01, 7.9764e-01, 7.0347e-01, 3.0364e-02,
        8.9252e-01, 4.1376e-03, 5.8642e-01, 6.6579e-01, 5.2050e-02, 4.5903e-04,
        1.2189e-03, 5.3229e-01, 1.7084e-03, 1.3440e-03, 9.7666e-04, 1.7131e-01,
        8.8311e-04, 4.2412e-04, 4.0020e-04, 1.7198e-03, 2.3953e-04],
       device='cuda:0')
Truth:  tensor([0., 0., 0., 0., 0., 0., 0., 0., 0., 0., 0., 0., 0., 0., 0., 0., 0., 0.,
        0., 0., 1., 0., 0., 0., 0., 0., 0., 0., 0., 0., 0., 0., 0., 0., 0., 0.,
        0., 0., 0., 0., 0.], device='cuda:0')
Prediction:  tensor([1.0870e-03, 1.8799e-03, 1.3199e-04, 2.8897e-04, 1.0332e-03, 6.3781e-02,
        7.0467e-01, 2.9265e-02, 9.9973e-02, 9.5339e-01, 1.3587e-02, 4.3783e-01,
        6.9370e-01, 4.1860e-01, 3.0553e-02, 9.5986e-01, 7.0142e-01, 1.6427e-01,
        4.4404e-01, 4.7380e-02, 6.4175e-01, 7.9764e-01, 7.0346e-01, 3.0362e-02,
        8.9252e-01, 4.1379e-03, 5.8647e-01, 6.6576e-01, 5.2059e-02, 4.5909e-04,
        1.2190e-03, 5.3232e-01, 1.7086e-03, 1.3441e-03, 9.7675e-04, 1.7130e-01,
        8.8321e-04, 4.2416e-04, 4.0025e-04, 1.7200e-03, 2.3956e-04],
       device='cuda:0')
Truth:  tensor([0., 0., 0., 0., 0., 0., 0., 0., 0., 0., 0., 0., 0., 0., 0., 0., 0., 0.,
        0., 0., 0., 0., 0., 0., 0., 0., 0., 1., 0., 0., 0., 0., 0., 0., 0., 0.,
        0., 0., 0., 0., 0.], device='cuda:0')
Prediction:  tensor([1.0869e-03, 1.8796e-03, 1.3196e-04, 2.8892e-04, 1.0330e-03, 6.3775e-02,
        7.0464e-01, 2.9261e-02, 9.9971e-02, 9.5339e-01, 1.3588e-02, 4.3783e-01,
        6.9371e-01, 4.1857e-01, 3.0554e-02, 9.5986e-01, 7.0141e-01, 1.6426e-01,
        4.4403e-01, 4.7383e-02, 6.4175e-01, 7.9764e-01, 7.0347e-01, 3.0365e-02,
        8.9251e-01, 4.1375e-03, 5.8639e-01, 6.6580e-01, 5.2046e-02, 4.5901e-04,
        1.2189e-03, 5.3227e-01, 1.7083e-03, 1.3439e-03, 9.7661e-04, 1.7132e-01,
        8.8306e-04, 4.2410e-04, 4.0018e-04, 1.7198e-03, 2.3951e-04],
       device='cuda:0')
Truth:  tensor([0., 0., 0., 0., 0., 0., 0., 0., 0., 0., 0., 0., 0., 1., 0., 0., 0., 0.,
        0., 0., 0., 0., 0., 0., 0., 0., 0., 0., 0., 0., 0., 0., 0., 0., 0., 0.,
        0., 0., 0., 0., 0.], device='cuda:0')
Prediction:  tensor([1.0868e-03, 1.8794e-03, 1.3194e-04, 2.8888e-04, 1.0329e-03, 6.3770e-02,
        7.0462e-01, 2.9258e-02, 9.9969e-02, 9.5338e-01, 1.3589e-02, 4.3783e-01,
        6.9372e-01, 4.1856e-01, 3.0555e-02, 9.5986e-01, 7.0141e-01, 1.6426e-01,
        4.4403e-01, 4.7386e-02, 6.4176e-01, 7.9764e-01, 7.0347e-01, 3.0368e-02,
        8.9251e-01, 4.1371e-03, 5.8634e-01, 6.6583e-01, 5.2036e-02, 4.5894e-04,
        1.2188e-03, 5.3223e-01, 1.7081e-03, 1.3437e-03, 9.7651e-04, 1.7134e-01,
        8.8295e-04, 4.2405e-04, 4.0012e-04, 1.7196e-03, 2.3948e-04],
       device='cuda:0')
Truth:  tensor([0., 0., 0., 0., 0., 0., 0., 0., 0., 0., 1., 0., 0., 0., 0., 0., 0., 0.,
        0., 0., 0., 0., 0., 0., 0., 0., 0., 0., 0., 0., 0., 0., 0., 0., 0., 0.,
        0., 0., 0., 0., 0.], device='cuda:0')
Prediction:  tensor([1.0870e-03, 1.8799e-03, 1.3199e-04, 2.8897e-04, 1.0332e-03, 6.3782e-02,
        7.0467e-01, 2.9265e-02, 9.9973e-02, 9.5339e-01, 1.3587e-02, 4.3783e-01,
        6.9370e-01, 4.1860e-01, 3.0553e-02, 9.5986e-01, 7.0142e-01, 1.6427e-01,
        4.4405e-01, 4.7379e-02, 6.4175e-01, 7.9764e-01, 7.0346e-01, 3.0362e-02,
        8.9252e-01, 4.1379e-03, 5.8648e-01, 6.6576e-01, 5.2060e-02, 4.5910e-04,
        1.2191e-03, 5.3233e-01, 1.7086e-03, 1.3442e-03, 9.7677e-04, 1.7129e-01,
        8.8323e-04, 4.2417e-04, 4.0026e-04, 1.7200e-03, 2.3956e-04],
       device='cuda:0')
Truth:  tensor([0., 0., 0., 0., 0., 0., 0., 0., 0., 0., 0., 0., 0., 0., 0., 0., 0., 0.,
        1., 0., 0., 0., 0., 0., 0., 0., 0., 0., 0., 0., 0., 0., 0., 0., 0., 0.,
        0., 0., 0., 0., 0.], device='cuda:0')
Prediction:  tensor([1.0869e-03, 1.8797e-03, 1.3197e-04, 2.8893e-04, 1.0331e-03, 6.3776e-02,
        7.0465e-01, 2.9262e-02, 9.9972e-02, 9.5339e-01, 1.3588e-02, 4.3783e-01,
        6.9371e-01, 4.1858e-01, 3.0554e-02, 9.5986e-01, 7.0142e-01, 1.6426e-01,
        4.4404e-01, 4.7382e-02, 6.4175e-01, 7.9764e-01, 7.0347e-01, 3.0365e-02,
        8.9252e-01, 4.1376e-03, 5.8641e-01, 6.6579e-01, 5.2049e-02, 4.5903e-04,
        1.2189e-03, 5.3228e-01, 1.7084e-03, 1.3440e-03, 9.7664e-04, 1.7131e-01,
        8.8310e-04, 4.2412e-04, 4.0020e-04, 1.7198e-03, 2.3953e-04],
       device='cuda:0')
Truth:  tensor([0., 0., 0., 0., 0., 0., 0., 0., 0., 0., 0., 0., 0., 0., 0., 0., 0., 0.,
        0., 1., 0., 0., 0., 0., 0., 0., 0., 0., 0., 0., 0., 0., 0., 0., 0., 0.,
        0., 0., 0., 0., 0.], device='cuda:0')
Prediction:  tensor([1.0869e-03, 1.8796e-03, 1.3196e-04, 2.8891e-04, 1.0330e-03, 6.3774e-02,
        7.0464e-01, 2.9260e-02, 9.9971e-02, 9.5339e-01, 1.3588e-02, 4.3783e-01,
        6.9371e-01, 4.1857e-01, 3.0555e-02, 9.5986e-01, 7.0141e-01, 1.6426e-01,
        4.4403e-01, 4.7384e-02, 6.4175e-01, 7.9764e-01, 7.0347e-01, 3.0366e-02,
        8.9251e-01, 4.1374e-03, 5.8638e-01, 6.6581e-01, 5.2044e-02, 4.5899e-04,
        1.2189e-03, 5.3226e-01, 1.7083e-03, 1.3439e-03, 9.7659e-04, 1.7132e-01,
        8.8304e-04, 4.2409e-04, 4.0017e-04, 1.7197e-03, 2.3951e-04],
       device='cuda:0')
Truth:  tensor([0., 0., 0., 0., 0., 0., 0., 0., 0., 0., 1., 0., 0., 0., 0., 0., 0., 0.,
        0., 0., 0., 0., 0., 0., 0., 0., 0., 0., 0., 0., 0., 0., 0., 0., 0., 0.,
        0., 0., 0., 0., 0.], device='cuda:0')
Prediction:  tensor([1.0870e-03, 1.8799e-03, 1.3199e-04, 2.8897e-04, 1.0332e-03, 6.3781e-02,
        7.0467e-01, 2.9265e-02, 9.9973e-02, 9.5339e-01, 1.3587e-02, 4.3783e-01,
        6.9370e-01, 4.1860e-01, 3.0553e-02, 9.5986e-01, 7.0142e-01, 1.6427e-01,
        4.4404e-01, 4.7379e-02, 6.4175e-01, 7.9764e-01, 7.0346e-01, 3.0362e-02,
        8.9252e-01, 4.1379e-03, 5.8647e-01, 6.6576e-01, 5.2059e-02, 4.5909e-04,
        1.2190e-03, 5.3232e-01, 1.7086e-03, 1.3441e-03, 9.7675e-04, 1.7130e-01,
        8.8321e-04, 4.2417e-04, 4.0026e-04, 1.7200e-03, 2.3956e-04],
       device='cuda:0')
Truth:  tensor([0., 0., 0., 0., 0., 0., 0., 0., 0., 0., 0., 0., 1., 0., 0., 0., 0., 0.,
        0., 0., 0., 0., 0., 0., 0., 0., 0., 0., 0., 0., 0., 0., 0., 0., 0., 0.,
        0., 0., 0., 0., 0.], device='cuda:0')
Prediction:  tensor([1.0869e-03, 1.8797e-03, 1.3197e-04, 2.8893e-04, 1.0331e-03, 6.3777e-02,
        7.0465e-01, 2.9262e-02, 9.9972e-02, 9.5339e-01, 1.3588e-02, 4.3783e-01,
        6.9371e-01, 4.1858e-01, 3.0554e-02, 9.5986e-01, 7.0142e-01, 1.6426e-01,
        4.4404e-01, 4.7382e-02, 6.4175e-01, 7.9764e-01, 7.0347e-01, 3.0364e-02,
        8.9252e-01, 4.1376e-03, 5.8642e-01, 6.6579e-01, 5.2050e-02, 4.5903e-04,
        1.2189e-03, 5.3228e-01, 1.7084e-03, 1.3440e-03, 9.7666e-04, 1.7131e-01,
        8.8311e-04, 4.2412e-04, 4.0020e-04, 1.7198e-03, 2.3953e-04],
       device='cuda:0')
Truth:  tensor([0., 0., 0., 0., 0., 0., 0., 0., 0., 0., 0., 0., 0., 1., 0., 0., 0., 0.,
        0., 0., 0., 0., 0., 0., 0., 0., 0., 0., 0., 0., 0., 0., 0., 0., 0., 0.,
        0., 0., 0., 0., 0.], device='cuda:0')
Prediction:  tensor([1.0871e-03, 1.8800e-03, 1.3199e-04, 2.8898e-04, 1.0332e-03, 6.3783e-02,
        7.0468e-01, 2.9266e-02, 9.9974e-02, 9.5339e-01, 1.3587e-02, 4.3783e-01,
        6.9369e-01, 4.1861e-01, 3.0553e-02, 9.5986e-01, 7.0142e-01, 1.6427e-01,
        4.4405e-01, 4.7379e-02, 6.4175e-01, 7.9764e-01, 7.0346e-01, 3.0362e-02,
        8.9252e-01, 4.1380e-03, 5.8649e-01, 6.6575e-01, 5.2062e-02, 4.5911e-04,
        1.2191e-03, 5.3234e-01, 1.7086e-03, 1.3442e-03, 9.7679e-04, 1.7129e-01,
        8.8325e-04, 4.2418e-04, 4.0027e-04, 1.7201e-03, 2.3957e-04],
       device='cuda:0')
Truth:  tensor([0., 0., 0., 0., 1., 0., 0., 0., 0., 0., 0., 0., 0., 0., 0., 0., 0., 0.,
        0., 0., 0., 0., 0., 0., 0., 0., 0., 0., 0., 0., 0., 0., 0., 0., 0., 0.,
        0., 0., 0., 0., 0.], device='cuda:0')
Prediction:  tensor([1.0870e-03, 1.8799e-03, 1.3199e-04, 2.8897e-04, 1.0332e-03, 6.3782e-02,
        7.0468e-01, 2.9265e-02, 9.9973e-02, 9.5339e-01, 1.3587e-02, 4.3783e-01,
        6.9370e-01, 4.1860e-01, 3.0553e-02, 9.5986e-01, 7.0142e-01, 1.6427e-01,
        4.4405e-01, 4.7379e-02, 6.4175e-01, 7.9764e-01, 7.0346e-01, 3.0362e-02,
        8.9252e-01, 4.1379e-03, 5.8648e-01, 6.6576e-01, 5.2060e-02, 4.5910e-04,
        1.2191e-03, 5.3233e-01, 1.7086e-03, 1.3442e-03, 9.7677e-04, 1.7129e-01,
        8.8323e-04, 4.2417e-04, 4.0026e-04, 1.7200e-03, 2.3956e-04],
       device='cuda:0')
Truth:  tensor([0., 0., 0., 0., 0., 0., 0., 0., 0., 0., 0., 0., 0., 0., 0., 0., 0., 0.,
        0., 0., 0., 0., 0., 0., 0., 0., 1., 0., 0., 0., 0., 0., 0., 0., 0., 0.,
        0., 0., 0., 0., 0.], device='cuda:0')
Prediction:  tensor([1.0868e-03, 1.8794e-03, 1.3194e-04, 2.8888e-04, 1.0329e-03, 6.3770e-02,
        7.0462e-01, 2.9258e-02, 9.9969e-02, 9.5338e-01, 1.3589e-02, 4.3783e-01,
        6.9372e-01, 4.1856e-01, 3.0555e-02, 9.5986e-01, 7.0141e-01, 1.6426e-01,
        4.4403e-01, 4.7386e-02, 6.4175e-01, 7.9764e-01, 7.0347e-01, 3.0367e-02,
        8.9251e-01, 4.1372e-03, 5.8634e-01, 6.6583e-01, 5.2037e-02, 4.5895e-04,
        1.2188e-03, 5.3223e-01, 1.7081e-03, 1.3437e-03, 9.7651e-04, 1.7134e-01,
        8.8295e-04, 4.2405e-04, 4.0013e-04, 1.7196e-03, 2.3948e-04],
       device='cuda:0')
Truth:  tensor([0., 0., 0., 0., 0., 0., 0., 0., 0., 0., 0., 0., 0., 0., 0., 0., 1., 0.,
        0., 0., 0., 0., 0., 0., 0., 0., 0., 0., 0., 0., 0., 0., 0., 0., 0., 0.,
        0., 0., 0., 0., 0.], device='cuda:0')
Prediction:  tensor([1.0869e-03, 1.8798e-03, 1.3197e-04, 2.8894e-04, 1.0331e-03, 6.3778e-02,
        7.0466e-01, 2.9263e-02, 9.9972e-02, 9.5339e-01, 1.3588e-02, 4.3783e-01,
        6.9371e-01, 4.1859e-01, 3.0554e-02, 9.5986e-01, 7.0142e-01, 1.6426e-01,
        4.4404e-01, 4.7381e-02, 6.4175e-01, 7.9764e-01, 7.0347e-01, 3.0364e-02,
        8.9252e-01, 4.1377e-03, 5.8643e-01, 6.6578e-01, 5.2052e-02, 4.5905e-04,
        1.2190e-03, 5.3229e-01, 1.7084e-03, 1.3440e-03, 9.7668e-04, 1.7131e-01,
        8.8313e-04, 4.2413e-04, 4.0021e-04, 1.7199e-03, 2.3954e-04],
       device='cuda:0')
Truth:  tensor([0., 0., 0., 0., 0., 0., 0., 0., 0., 0., 0., 0., 0., 0., 0., 0., 0., 0.,
        0., 1., 0., 0., 0., 0., 0., 0., 0., 0., 0., 0., 0., 0., 0., 0., 0., 0.,
        0., 0., 0., 0., 0.], device='cuda:0')
Prediction:  tensor([1.0869e-03, 1.8796e-03, 1.3196e-04, 2.8892e-04, 1.0330e-03, 6.3775e-02,
        7.0464e-01, 2.9261e-02, 9.9971e-02, 9.5339e-01, 1.3588e-02, 4.3783e-01,
        6.9371e-01, 4.1858e-01, 3.0554e-02, 9.5986e-01, 7.0142e-01, 1.6426e-01,
        4.4403e-01, 4.7383e-02, 6.4175e-01, 7.9764e-01, 7.0347e-01, 3.0365e-02,
        8.9251e-01, 4.1375e-03, 5.8639e-01, 6.6580e-01, 5.2046e-02, 4.5901e-04,
        1.2189e-03, 5.3227e-01, 1.7083e-03, 1.3439e-03, 9.7661e-04, 1.7132e-01,
        8.8306e-04, 4.2410e-04, 4.0018e-04, 1.7198e-03, 2.3952e-04],
       device='cuda:0')
Truth:  tensor([0., 0., 0., 0., 0., 0., 0., 0., 0., 0., 0., 0., 0., 0., 0., 0., 0., 0.,
        0., 0., 0., 0., 0., 1., 0., 0., 0., 0., 0., 0., 0., 0., 0., 0., 0., 0.,
        0., 0., 0., 0., 0.], device='cuda:0')
Prediction:  tensor([1.0870e-03, 1.8800e-03, 1.3199e-04, 2.8897e-04, 1.0332e-03, 6.3782e-02,
        7.0468e-01, 2.9265e-02, 9.9974e-02, 9.5339e-01, 1.3587e-02, 4.3783e-01,
        6.9370e-01, 4.1860e-01, 3.0553e-02, 9.5986e-01, 7.0142e-01, 1.6427e-01,
        4.4405e-01, 4.7379e-02, 6.4175e-01, 7.9764e-01, 7.0346e-01, 3.0362e-02,
        8.9252e-01, 4.1380e-03, 5.8648e-01, 6.6575e-01, 5.2061e-02, 4.5910e-04,
        1.2191e-03, 5.3233e-01, 1.7086e-03, 1.3442e-03, 9.7678e-04, 1.7129e-01,
        8.8324e-04, 4.2418e-04, 4.0027e-04, 1.7200e-03, 2.3957e-04],
       device='cuda:0')
Truth:  tensor([0., 0., 0., 0., 0., 0., 0., 0., 0., 0., 0., 0., 0., 1., 0., 0., 0., 0.,
        0., 0., 0., 0., 0., 0., 0., 0., 0., 0., 0., 0., 0., 0., 0., 0., 0., 0.,
        0., 0., 0., 0., 0.], device='cuda:0')
Prediction:  tensor([1.0869e-03, 1.8797e-03, 1.3197e-04, 2.8893e-04, 1.0331e-03, 6.3776e-02,
        7.0465e-01, 2.9262e-02, 9.9972e-02, 9.5339e-01, 1.3588e-02, 4.3783e-01,
        6.9371e-01, 4.1858e-01, 3.0554e-02, 9.5986e-01, 7.0142e-01, 1.6426e-01,
        4.4404e-01, 4.7382e-02, 6.4175e-01, 7.9764e-01, 7.0347e-01, 3.0365e-02,
        8.9252e-01, 4.1376e-03, 5.8641e-01, 6.6579e-01, 5.2049e-02, 4.5903e-04,
        1.2189e-03, 5.3228e-01, 1.7084e-03, 1.3440e-03, 9.7665e-04, 1.7131e-01,
        8.8310e-04, 4.2412e-04, 4.0020e-04, 1.7198e-03, 2.3953e-04],
       device='cuda:0')
Truth:  tensor([0., 0., 0., 0., 0., 0., 0., 0., 0., 0., 0., 0., 0., 0., 0., 0., 0., 1.,
        0., 0., 0., 0., 0., 0., 0., 0., 0., 0., 0., 0., 0., 0., 0., 0., 0., 0.,
        0., 0., 0., 0., 0.], device='cuda:0')
Prediction:  tensor([1.0868e-03, 1.8795e-03, 1.3195e-04, 2.8889e-04, 1.0330e-03, 6.3771e-02,
        7.0463e-01, 2.9259e-02, 9.9970e-02, 9.5338e-01, 1.3588e-02, 4.3783e-01,
        6.9372e-01, 4.1856e-01, 3.0555e-02, 9.5986e-01, 7.0141e-01, 1.6426e-01,
        4.4403e-01, 4.7385e-02, 6.4175e-01, 7.9764e-01, 7.0347e-01, 3.0367e-02,
        8.9251e-01, 4.1372e-03, 5.8635e-01, 6.6582e-01, 5.2038e-02, 4.5896e-04,
        1.2188e-03, 5.3223e-01, 1.7082e-03, 1.3438e-03, 9.7653e-04, 1.7133e-01,
        8.8297e-04, 4.2406e-04, 4.0014e-04, 1.7196e-03, 2.3949e-04],
       device='cuda:0')
Truth:  tensor([0., 0., 0., 0., 0., 0., 0., 0., 0., 0., 0., 0., 0., 0., 1., 0., 0., 0.,
        0., 0., 0., 0., 0., 0., 0., 0., 0., 0., 0., 0., 0., 0., 0., 0., 0., 0.,
        0., 0., 0., 0., 0.], device='cuda:0')
Prediction:  tensor([1.0870e-03, 1.8799e-03, 1.3199e-04, 2.8897e-04, 1.0332e-03, 6.3782e-02,
        7.0468e-01, 2.9265e-02, 9.9974e-02, 9.5339e-01, 1.3587e-02, 4.3783e-01,
        6.9370e-01, 4.1860e-01, 3.0553e-02, 9.5986e-01, 7.0142e-01, 1.6427e-01,
        4.4405e-01, 4.7379e-02, 6.4175e-01, 7.9764e-01, 7.0346e-01, 3.0362e-02,
        8.9252e-01, 4.1380e-03, 5.8648e-01, 6.6575e-01, 5.2061e-02, 4.5910e-04,
        1.2191e-03, 5.3233e-01, 1.7086e-03, 1.3442e-03, 9.7678e-04, 1.7129e-01,
        8.8324e-04, 4.2418e-04, 4.0027e-04, 1.7200e-03, 2.3957e-04],
       device='cuda:0')
Truth:  tensor([0., 0., 0., 0., 0., 0., 0., 0., 0., 0., 0., 0., 0., 0., 0., 0., 0., 0.,
        1., 0., 0., 0., 0., 0., 0., 0., 0., 0., 0., 0., 0., 0., 0., 0., 0., 0.,
        0., 0., 0., 0., 0.], device='cuda:0')
Prediction:  tensor([1.0870e-03, 1.8799e-03, 1.3199e-04, 2.8897e-04, 1.0332e-03, 6.3781e-02,
        7.0467e-01, 2.9265e-02, 9.9973e-02, 9.5339e-01, 1.3587e-02, 4.3783e-01,
        6.9370e-01, 4.1860e-01, 3.0553e-02, 9.5986e-01, 7.0142e-01, 1.6427e-01,
        4.4404e-01, 4.7379e-02, 6.4175e-01, 7.9764e-01, 7.0346e-01, 3.0362e-02,
        8.9252e-01, 4.1379e-03, 5.8647e-01, 6.6576e-01, 5.2059e-02, 4.5909e-04,
        1.2190e-03, 5.3232e-01, 1.7086e-03, 1.3441e-03, 9.7675e-04, 1.7130e-01,
        8.8321e-04, 4.2417e-04, 4.0025e-04, 1.7200e-03, 2.3956e-04],
       device='cuda:0')
Truth:  tensor([0., 0., 0., 0., 0., 0., 0., 0., 0., 0., 0., 0., 0., 0., 0., 0., 0., 1.,
        0., 0., 0., 0., 0., 0., 0., 0., 0., 0., 0., 0., 0., 0., 0., 0., 0., 0.,
        0., 0., 0., 0., 0.], device='cuda:0')
Prediction:  tensor([1.0869e-03, 1.8798e-03, 1.3197e-04, 2.8894e-04, 1.0331e-03, 6.3778e-02,
        7.0466e-01, 2.9263e-02, 9.9972e-02, 9.5339e-01, 1.3587e-02, 4.3783e-01,
        6.9370e-01, 4.1859e-01, 3.0554e-02, 9.5986e-01, 7.0142e-01, 1.6426e-01,
        4.4404e-01, 4.7381e-02, 6.4175e-01, 7.9764e-01, 7.0347e-01, 3.0364e-02,
        8.9252e-01, 4.1377e-03, 5.8643e-01, 6.6578e-01, 5.2053e-02, 4.5905e-04,
        1.2190e-03, 5.3230e-01, 1.7084e-03, 1.3440e-03, 9.7668e-04, 1.7131e-01,
        8.8314e-04, 4.2413e-04, 4.0022e-04, 1.7199e-03, 2.3954e-04],
       device='cuda:0')
Truth:  tensor([0., 0., 0., 0., 0., 0., 0., 0., 0., 0., 0., 0., 0., 0., 0., 1., 0., 0.,
        0., 0., 0., 0., 0., 0., 0., 0., 0., 0., 0., 0., 0., 0., 0., 0., 0., 0.,
        0., 0., 0., 0., 0.], device='cuda:0')
Prediction:  tensor([1.0868e-03, 1.8795e-03, 1.3195e-04, 2.8890e-04, 1.0330e-03, 6.3772e-02,
        7.0463e-01, 2.9259e-02, 9.9970e-02, 9.5338e-01, 1.3588e-02, 4.3783e-01,
        6.9372e-01, 4.1856e-01, 3.0555e-02, 9.5986e-01, 7.0141e-01, 1.6426e-01,
        4.4403e-01, 4.7385e-02, 6.4175e-01, 7.9764e-01, 7.0347e-01, 3.0367e-02,
        8.9251e-01, 4.1373e-03, 5.8636e-01, 6.6582e-01, 5.2040e-02, 4.5897e-04,
        1.2188e-03, 5.3224e-01, 1.7082e-03, 1.3438e-03, 9.7655e-04, 1.7133e-01,
        8.8299e-04, 4.2407e-04, 4.0015e-04, 1.7197e-03, 2.3949e-04],
       device='cuda:0')
Truth:  tensor([0., 0., 0., 0., 0., 0., 0., 0., 0., 0., 0., 0., 0., 0., 1., 0., 0., 0.,
        0., 0., 0., 0., 0., 0., 0., 0., 0., 0., 0., 0., 0., 0., 0., 0., 0., 0.,
        0., 0., 0., 0., 0.], device='cuda:0')
Prediction:  tensor([1.0870e-03, 1.8800e-03, 1.3199e-04, 2.8898e-04, 1.0332e-03, 6.3783e-02,
        7.0468e-01, 2.9266e-02, 9.9974e-02, 9.5339e-01, 1.3587e-02, 4.3783e-01,
        6.9369e-01, 4.1861e-01, 3.0553e-02, 9.5986e-01, 7.0142e-01, 1.6427e-01,
        4.4405e-01, 4.7379e-02, 6.4175e-01, 7.9764e-01, 7.0346e-01, 3.0362e-02,
        8.9252e-01, 4.1380e-03, 5.8649e-01, 6.6575e-01, 5.2062e-02, 4.5911e-04,
        1.2191e-03, 5.3234e-01, 1.7086e-03, 1.3442e-03, 9.7679e-04, 1.7129e-01,
        8.8325e-04, 4.2418e-04, 4.0027e-04, 1.7201e-03, 2.3957e-04],
       device='cuda:0')
Truth:  tensor([0., 0., 0., 0., 0., 0., 0., 0., 0., 0., 0., 0., 0., 0., 0., 0., 0., 0.,
        0., 1., 0., 0., 0., 0., 0., 0., 0., 0., 0., 0., 0., 0., 0., 0., 0., 0.,
        0., 0., 0., 0., 0.], device='cuda:0')
Prediction:  tensor([1.0869e-03, 1.8796e-03, 1.3196e-04, 2.8891e-04, 1.0330e-03, 6.3774e-02,
        7.0464e-01, 2.9261e-02, 9.9971e-02, 9.5339e-01, 1.3588e-02, 4.3783e-01,
        6.9371e-01, 4.1857e-01, 3.0555e-02, 9.5986e-01, 7.0141e-01, 1.6426e-01,
        4.4403e-01, 4.7384e-02, 6.4175e-01, 7.9764e-01, 7.0347e-01, 3.0366e-02,
        8.9251e-01, 4.1374e-03, 5.8638e-01, 6.6580e-01, 5.2044e-02, 4.5900e-04,
        1.2189e-03, 5.3226e-01, 1.7083e-03, 1.3439e-03, 9.7660e-04, 1.7132e-01,
        8.8304e-04, 4.2409e-04, 4.0017e-04, 1.7197e-03, 2.3951e-04],
       device='cuda:0')
Truth:  tensor([0., 0., 0., 0., 0., 0., 0., 0., 0., 0., 0., 0., 0., 0., 0., 0., 0., 0.,
        0., 0., 0., 1., 0., 0., 0., 0., 0., 0., 0., 0., 0., 0., 0., 0., 0., 0.,
        0., 0., 0., 0., 0.], device='cuda:0')
Prediction:  tensor([1.0871e-03, 1.8800e-03, 1.3199e-04, 2.8898e-04, 1.0333e-03, 6.3783e-02,
        7.0468e-01, 2.9266e-02, 9.9974e-02, 9.5339e-01, 1.3587e-02, 4.3783e-01,
        6.9369e-01, 4.1861e-01, 3.0553e-02, 9.5986e-01, 7.0143e-01, 1.6427e-01,
        4.4405e-01, 4.7378e-02, 6.4175e-01, 7.9764e-01, 7.0346e-01, 3.0361e-02,
        8.9252e-01, 4.1381e-03, 5.8650e-01, 6.6575e-01, 5.2064e-02, 4.5912e-04,
        1.2191e-03, 5.3234e-01, 1.7086e-03, 1.3442e-03, 9.7680e-04, 1.7129e-01,
        8.8327e-04, 4.2419e-04, 4.0028e-04, 1.7201e-03, 2.3958e-04],
       device='cuda:0')
Truth:  tensor([0., 0., 0., 0., 0., 0., 0., 0., 0., 0., 0., 0., 0., 0., 0., 0., 0., 0.,
        0., 0., 0., 0., 1., 0., 0., 0., 0., 0., 0., 0., 0., 0., 0., 0., 0., 0.,
        0., 0., 0., 0., 0.], device='cuda:0')
Prediction:  tensor([1.0870e-03, 1.8798e-03, 1.3198e-04, 2.8895e-04, 1.0332e-03, 6.3779e-02,
        7.0466e-01, 2.9264e-02, 9.9973e-02, 9.5339e-01, 1.3587e-02, 4.3783e-01,
        6.9370e-01, 4.1859e-01, 3.0554e-02, 9.5986e-01, 7.0142e-01, 1.6427e-01,
        4.4404e-01, 4.7381e-02, 6.4175e-01, 7.9764e-01, 7.0346e-01, 3.0363e-02,
        8.9252e-01, 4.1378e-03, 5.8645e-01, 6.6577e-01, 5.2055e-02, 4.5907e-04,
        1.2190e-03, 5.3231e-01, 1.7085e-03, 1.3441e-03, 9.7671e-04, 1.7130e-01,
        8.8317e-04, 4.2415e-04, 4.0023e-04, 1.7199e-03, 2.3955e-04],
       device='cuda:0')
Truth:  tensor([0., 0., 0., 0., 0., 0., 0., 0., 0., 0., 0., 0., 0., 0., 0., 0., 1., 0.,
        0., 0., 0., 0., 0., 0., 0., 0., 0., 0., 0., 0., 0., 0., 0., 0., 0., 0.,
        0., 0., 0., 0., 0.], device='cuda:0')
Prediction:  tensor([1.0870e-03, 1.8798e-03, 1.3198e-04, 2.8895e-04, 1.0331e-03, 6.3779e-02,
        7.0466e-01, 2.9263e-02, 9.9972e-02, 9.5339e-01, 1.3587e-02, 4.3783e-01,
        6.9370e-01, 4.1859e-01, 3.0554e-02, 9.5986e-01, 7.0142e-01, 1.6426e-01,
        4.4404e-01, 4.7381e-02, 6.4175e-01, 7.9764e-01, 7.0346e-01, 3.0363e-02,
        8.9252e-01, 4.1377e-03, 5.8644e-01, 6.6578e-01, 5.2054e-02, 4.5906e-04,
        1.2190e-03, 5.3230e-01, 1.7085e-03, 1.3441e-03, 9.7670e-04, 1.7131e-01,
        8.8316e-04, 4.2414e-04, 4.0023e-04, 1.7199e-03, 2.3954e-04],
       device='cuda:0')
Truth:  tensor([0., 0., 0., 0., 0., 0., 0., 0., 0., 0., 0., 0., 1., 0., 0., 0., 0., 0.,
        0., 0., 0., 0., 0., 0., 0., 0., 0., 0., 0., 0., 0., 0., 0., 0., 0., 0.,
        0., 0., 0., 0., 0.], device='cuda:0')
Prediction:  tensor([1.0870e-03, 1.8800e-03, 1.3199e-04, 2.8898e-04, 1.0332e-03, 6.3782e-02,
        7.0468e-01, 2.9266e-02, 9.9974e-02, 9.5339e-01, 1.3587e-02, 4.3783e-01,
        6.9370e-01, 4.1861e-01, 3.0553e-02, 9.5986e-01, 7.0142e-01, 1.6427e-01,
        4.4405e-01, 4.7379e-02, 6.4175e-01, 7.9764e-01, 7.0346e-01, 3.0362e-02,
        8.9252e-01, 4.1380e-03, 5.8648e-01, 6.6575e-01, 5.2062e-02, 4.5911e-04,
        1.2191e-03, 5.3233e-01, 1.7086e-03, 1.3442e-03, 9.7678e-04, 1.7129e-01,
        8.8324e-04, 4.2418e-04, 4.0027e-04, 1.7200e-03, 2.3957e-04],
       device='cuda:0')
Truth:  tensor([0., 0., 0., 0., 0., 0., 0., 0., 0., 1., 0., 0., 0., 0., 0., 0., 0., 0.,
        0., 0., 0., 0., 0., 0., 0., 0., 0., 0., 0., 0., 0., 0., 0., 0., 0., 0.,
        0., 0., 0., 0., 0.], device='cuda:0')
Prediction:  tensor([1.0869e-03, 1.8796e-03, 1.3196e-04, 2.8892e-04, 1.0331e-03, 6.3775e-02,
        7.0464e-01, 2.9261e-02, 9.9971e-02, 9.5339e-01, 1.3588e-02, 4.3783e-01,
        6.9371e-01, 4.1858e-01, 3.0554e-02, 9.5986e-01, 7.0142e-01, 1.6426e-01,
        4.4403e-01, 4.7383e-02, 6.4175e-01, 7.9764e-01, 7.0347e-01, 3.0365e-02,
        8.9251e-01, 4.1375e-03, 5.8640e-01, 6.6580e-01, 5.2047e-02, 4.5901e-04,
        1.2189e-03, 5.3227e-01, 1.7083e-03, 1.3439e-03, 9.7662e-04, 1.7132e-01,
        8.8307e-04, 4.2410e-04, 4.0018e-04, 1.7198e-03, 2.3952e-04],
       device='cuda:0')
Truth:  tensor([0., 0., 0., 0., 0., 0., 1., 0., 0., 0., 0., 0., 0., 0., 0., 0., 0., 0.,
        0., 0., 0., 0., 0., 0., 0., 0., 0., 0., 0., 0., 0., 0., 0., 0., 0., 0.,
        0., 0., 0., 0., 0.], device='cuda:0')
Prediction:  tensor([1.0869e-03, 1.8796e-03, 1.3196e-04, 2.8892e-04, 1.0330e-03, 6.3775e-02,
        7.0464e-01, 2.9261e-02, 9.9971e-02, 9.5339e-01, 1.3588e-02, 4.3783e-01,
        6.9371e-01, 4.1858e-01, 3.0554e-02, 9.5986e-01, 7.0142e-01, 1.6426e-01,
        4.4403e-01, 4.7383e-02, 6.4175e-01, 7.9764e-01, 7.0347e-01, 3.0365e-02,
        8.9251e-01, 4.1375e-03, 5.8639e-01, 6.6580e-01, 5.2046e-02, 4.5901e-04,
        1.2189e-03, 5.3227e-01, 1.7083e-03, 1.3439e-03, 9.7661e-04, 1.7132e-01,
        8.8306e-04, 4.2410e-04, 4.0018e-04, 1.7198e-03, 2.3952e-04],
       device='cuda:0')
Truth:  tensor([0., 0., 0., 0., 0., 0., 0., 0., 0., 0., 0., 1., 0., 0., 0., 0., 0., 0.,
        0., 0., 0., 0., 0., 0., 0., 0., 0., 0., 0., 0., 0., 0., 0., 0., 0., 0.,
        0., 0., 0., 0., 0.], device='cuda:0')
Prediction:  tensor([1.0871e-03, 1.8800e-03, 1.3199e-04, 2.8898e-04, 1.0332e-03, 6.3783e-02,
        7.0468e-01, 2.9266e-02, 9.9974e-02, 9.5339e-01, 1.3587e-02, 4.3783e-01,
        6.9369e-01, 4.1861e-01, 3.0553e-02, 9.5986e-01, 7.0143e-01, 1.6427e-01,
        4.4405e-01, 4.7378e-02, 6.4175e-01, 7.9764e-01, 7.0346e-01, 3.0362e-02,
        8.9252e-01, 4.1380e-03, 5.8649e-01, 6.6575e-01, 5.2063e-02, 4.5911e-04,
        1.2191e-03, 5.3234e-01, 1.7086e-03, 1.3442e-03, 9.7679e-04, 1.7129e-01,
        8.8325e-04, 4.2418e-04, 4.0027e-04, 1.7201e-03, 2.3957e-04],
       device='cuda:0')
Truth:  tensor([0., 0., 0., 0., 0., 0., 0., 0., 0., 0., 0., 0., 0., 0., 0., 0., 0., 0.,
        0., 1., 0., 0., 0., 0., 0., 0., 0., 0., 0., 0., 0., 0., 0., 0., 0., 0.,
        0., 0., 0., 0., 0.], device='cuda:0')
Prediction:  tensor([1.0869e-03, 1.8797e-03, 1.3197e-04, 2.8893e-04, 1.0331e-03, 6.3776e-02,
        7.0465e-01, 2.9262e-02, 9.9972e-02, 9.5339e-01, 1.3588e-02, 4.3783e-01,
        6.9371e-01, 4.1858e-01, 3.0554e-02, 9.5986e-01, 7.0142e-01, 1.6426e-01,
        4.4404e-01, 4.7382e-02, 6.4175e-01, 7.9764e-01, 7.0347e-01, 3.0365e-02,
        8.9252e-01, 4.1376e-03, 5.8641e-01, 6.6579e-01, 5.2049e-02, 4.5903e-04,
        1.2189e-03, 5.3228e-01, 1.7084e-03, 1.3440e-03, 9.7664e-04, 1.7131e-01,
        8.8310e-04, 4.2412e-04, 4.0020e-04, 1.7198e-03, 2.3953e-04],
       device='cuda:0')
Truth:  tensor([0., 0., 0., 0., 0., 0., 0., 0., 0., 0., 0., 1., 0., 0., 0., 0., 0., 0.,
        0., 0., 0., 0., 0., 0., 0., 0., 0., 0., 0., 0., 0., 0., 0., 0., 0., 0.,
        0., 0., 0., 0., 0.], device='cuda:0')
Prediction:  tensor([1.0869e-03, 1.8796e-03, 1.3196e-04, 2.8892e-04, 1.0330e-03, 6.3775e-02,
        7.0464e-01, 2.9261e-02, 9.9971e-02, 9.5339e-01, 1.3588e-02, 4.3783e-01,
        6.9371e-01, 4.1858e-01, 3.0554e-02, 9.5986e-01, 7.0142e-01, 1.6426e-01,
        4.4403e-01, 4.7383e-02, 6.4175e-01, 7.9764e-01, 7.0347e-01, 3.0365e-02,
        8.9251e-01, 4.1375e-03, 5.8639e-01, 6.6580e-01, 5.2046e-02, 4.5901e-04,
        1.2189e-03, 5.3227e-01, 1.7083e-03, 1.3439e-03, 9.7661e-04, 1.7132e-01,
        8.8306e-04, 4.2410e-04, 4.0018e-04, 1.7198e-03, 2.3952e-04],
       device='cuda:0')
Truth:  tensor([0., 0., 0., 0., 0., 0., 0., 0., 0., 0., 0., 0., 0., 0., 0., 0., 0., 0.,
        1., 0., 0., 0., 0., 0., 0., 0., 0., 0., 0., 0., 0., 0., 0., 0., 0., 0.,
        0., 0., 0., 0., 0.], device='cuda:0')
Prediction:  tensor([1.0870e-03, 1.8799e-03, 1.3199e-04, 2.8897e-04, 1.0332e-03, 6.3782e-02,
        7.0468e-01, 2.9265e-02, 9.9974e-02, 9.5339e-01, 1.3587e-02, 4.3783e-01,
        6.9370e-01, 4.1860e-01, 3.0553e-02, 9.5986e-01, 7.0142e-01, 1.6427e-01,
        4.4405e-01, 4.7379e-02, 6.4175e-01, 7.9764e-01, 7.0346e-01, 3.0362e-02,
        8.9252e-01, 4.1380e-03, 5.8648e-01, 6.6576e-01, 5.2061e-02, 4.5910e-04,
        1.2191e-03, 5.3233e-01, 1.7086e-03, 1.3442e-03, 9.7677e-04, 1.7129e-01,
        8.8323e-04, 4.2418e-04, 4.0026e-04, 1.7200e-03, 2.3957e-04],
       device='cuda:0')
Truth:  tensor([0., 0., 0., 0., 0., 0., 0., 0., 0., 0., 0., 0., 0., 0., 0., 0., 0., 0.,
        1., 0., 0., 0., 0., 0., 0., 0., 0., 0., 0., 0., 0., 0., 0., 0., 0., 0.,
        0., 0., 0., 0., 0.], device='cuda:0')
Prediction:  tensor([1.0870e-03, 1.8800e-03, 1.3199e-04, 2.8898e-04, 1.0332e-03, 6.3782e-02,
        7.0468e-01, 2.9266e-02, 9.9974e-02, 9.5339e-01, 1.3587e-02, 4.3783e-01,
        6.9369e-01, 4.1861e-01, 3.0553e-02, 9.5986e-01, 7.0142e-01, 1.6427e-01,
        4.4405e-01, 4.7379e-02, 6.4175e-01, 7.9764e-01, 7.0346e-01, 3.0362e-02,
        8.9252e-01, 4.1380e-03, 5.8649e-01, 6.6575e-01, 5.2062e-02, 4.5911e-04,
        1.2191e-03, 5.3234e-01, 1.7086e-03, 1.3442e-03, 9.7678e-04, 1.7129e-01,
        8.8325e-04, 4.2418e-04, 4.0027e-04, 1.7200e-03, 2.3957e-04],
       device='cuda:0')
Truth:  tensor([0., 0., 0., 0., 0., 0., 0., 0., 0., 0., 0., 1., 0., 0., 0., 0., 0., 0.,
        0., 0., 0., 0., 0., 0., 0., 0., 0., 0., 0., 0., 0., 0., 0., 0., 0., 0.,
        0., 0., 0., 0., 0.], device='cuda:0')
Prediction:  tensor([1.0868e-03, 1.8795e-03, 1.3195e-04, 2.8890e-04, 1.0330e-03, 6.3772e-02,
        7.0463e-01, 2.9259e-02, 9.9970e-02, 9.5338e-01, 1.3588e-02, 4.3783e-01,
        6.9372e-01, 4.1856e-01, 3.0555e-02, 9.5986e-01, 7.0141e-01, 1.6426e-01,
        4.4403e-01, 4.7385e-02, 6.4175e-01, 7.9764e-01, 7.0347e-01, 3.0367e-02,
        8.9251e-01, 4.1372e-03, 5.8636e-01, 6.6582e-01, 5.2040e-02, 4.5897e-04,
        1.2188e-03, 5.3224e-01, 1.7082e-03, 1.3438e-03, 9.7654e-04, 1.7133e-01,
        8.8299e-04, 4.2407e-04, 4.0014e-04, 1.7197e-03, 2.3949e-04],
       device='cuda:0')
Truth:  tensor([0., 0., 0., 0., 0., 0., 0., 0., 0., 0., 0., 0., 0., 0., 1., 0., 0., 0.,
        0., 0., 0., 0., 0., 0., 0., 0., 0., 0., 0., 0., 0., 0., 0., 0., 0., 0.,
        0., 0., 0., 0., 0.], device='cuda:0')
Prediction:  tensor([1.0869e-03, 1.8797e-03, 1.3197e-04, 2.8893e-04, 1.0331e-03, 6.3776e-02,
        7.0465e-01, 2.9262e-02, 9.9971e-02, 9.5339e-01, 1.3588e-02, 4.3783e-01,
        6.9371e-01, 4.1858e-01, 3.0554e-02, 9.5986e-01, 7.0142e-01, 1.6426e-01,
        4.4404e-01, 4.7382e-02, 6.4175e-01, 7.9764e-01, 7.0347e-01, 3.0365e-02,
        8.9252e-01, 4.1376e-03, 5.8641e-01, 6.6579e-01, 5.2049e-02, 4.5902e-04,
        1.2189e-03, 5.3228e-01, 1.7084e-03, 1.3440e-03, 9.7664e-04, 1.7131e-01,
        8.8309e-04, 4.2411e-04, 4.0020e-04, 1.7198e-03, 2.3953e-04],
       device='cuda:0')
Truth:  tensor([0., 0., 0., 0., 0., 0., 0., 0., 0., 0., 0., 0., 0., 0., 0., 0., 0., 0.,
        0., 0., 0., 0., 0., 0., 0., 0., 0., 0., 0., 0., 0., 0., 0., 0., 0., 1.,
        0., 0., 0., 0., 0.], device='cuda:0')
Prediction:  tensor([1.0869e-03, 1.8797e-03, 1.3196e-04, 2.8892e-04, 1.0331e-03, 6.3775e-02,
        7.0465e-01, 2.9261e-02, 9.9971e-02, 9.5339e-01, 1.3588e-02, 4.3783e-01,
        6.9371e-01, 4.1858e-01, 3.0554e-02, 9.5986e-01, 7.0142e-01, 1.6426e-01,
        4.4403e-01, 4.7383e-02, 6.4175e-01, 7.9764e-01, 7.0347e-01, 3.0365e-02,
        8.9252e-01, 4.1375e-03, 5.8640e-01, 6.6580e-01, 5.2047e-02, 4.5902e-04,
        1.2189e-03, 5.3227e-01, 1.7083e-03, 1.3439e-03, 9.7663e-04, 1.7132e-01,
        8.8308e-04, 4.2411e-04, 4.0019e-04, 1.7198e-03, 2.3952e-04],
       device='cuda:0')
Truth:  tensor([0., 0., 0., 0., 0., 0., 0., 0., 0., 0., 0., 0., 0., 0., 0., 0., 1., 0.,
        0., 0., 0., 0., 0., 0., 0., 0., 0., 0., 0., 0., 0., 0., 0., 0., 0., 0.,
        0., 0., 0., 0., 0.], device='cuda:0')
2019-11-07 15:21:26,555 INFO   Validation loss: 5.344 acc: 0.699
2019-11-07 15:21:26,581 INFO Epoch 1
