2019-11-08 11:09:32,957 INFO Initialized rank 0 out of 1
2019-11-08 11:09:32,957 INFO Configuration: {'output_dir': '/global/cscratch1/sd/danieltm/ExaTrkX/counter_results/counter001', 'trainer': {'name': 'gnn_sparse'}, 'data': {'name': 'hitgraphs_sparse', 'input_dir': '/global/cscratch1/sd/danieltm/ExaTrkX/counter_data/hitgraphs_small_000', 'n_train': 160, 'n_valid': 40, 'real_weight': 3.0, 'batch_size': 1, 'n_workers': 4}, 'model': {'name': 'counter', 'input_dim': 3, 'hidden_dim': 64, 'layer_norm': True, 'n_graph_iters': 4, 'max_tracks': 40, 'loss_func': 'cross_entropy'}, 'optimizer': {'name': 'Adam', 'learning_rate': 0.1, 'lr_scaling': 'sqrt', 'lr_warmup_epochs': 5, 'lr_decay_schedule': [{'start_epoch': 10, 'end_epoch': 20, 'factor': 0.5}, {'start_epoch': 20, 'end_epoch': 40, 'factor': 0.1}, {'start_epoch': 40, 'end_epoch': 50, 'factor': 0.05}, {'start_epoch': 50, 'end_epoch': 64, 'factor': 0.01}]}, 'training': {'n_epochs': 64}, 'n_ranks': 1}
2019-11-08 11:09:32,957 INFO Saving job outputs to /global/cscratch1/sd/danieltm/ExaTrkX/counter_results/counter001
2019-11-08 11:09:32,958 INFO Writing config via pickle to /global/cscratch1/sd/danieltm/ExaTrkX/counter_results/counter001/config.pkl
2019-11-08 11:09:33,895 INFO Loaded 160 training samples
2019-11-08 11:09:33,896 INFO Loaded 40 validation samples
2019-11-08 11:09:33,896 INFO Choosing GPU 0
2019-11-08 11:09:36,612 INFO Model: 
GNNTrackCounter(
  (input_network): Sequential(
    (0): Linear(in_features=3, out_features=64, bias=True)
    (1): LayerNorm((64,), eps=1e-05, elementwise_affine=True)
    (2): Tanh()
  )
  (edge_network): EdgeNetwork(
    (network): Sequential(
      (0): Linear(in_features=134, out_features=64, bias=True)
      (1): LayerNorm((64,), eps=1e-05, elementwise_affine=True)
      (2): Tanh()
      (3): Linear(in_features=64, out_features=64, bias=True)
      (4): LayerNorm((64,), eps=1e-05, elementwise_affine=True)
      (5): Tanh()
      (6): Linear(in_features=64, out_features=64, bias=True)
      (7): LayerNorm((64,), eps=1e-05, elementwise_affine=True)
      (8): Tanh()
      (9): Linear(in_features=64, out_features=1, bias=True)
    )
  )
  (node_network): NodeNetwork(
    (network): Sequential(
      (0): Linear(in_features=201, out_features=64, bias=True)
      (1): LayerNorm((64,), eps=1e-05, elementwise_affine=True)
      (2): Tanh()
      (3): Linear(in_features=64, out_features=64, bias=True)
      (4): LayerNorm((64,), eps=1e-05, elementwise_affine=True)
      (5): Tanh()
      (6): Linear(in_features=64, out_features=64, bias=True)
      (7): LayerNorm((64,), eps=1e-05, elementwise_affine=True)
      (8): Tanh()
      (9): Linear(in_features=64, out_features=64, bias=True)
      (10): LayerNorm((64,), eps=1e-05, elementwise_affine=True)
      (11): Tanh()
    )
  )
  (output_network): OutputNetwork(
    (network): Sequential(
      (0): Linear(in_features=67, out_features=64, bias=True)
      (1): Tanh()
      (2): Linear(in_features=64, out_features=64, bias=True)
      (3): Tanh()
      (4): Linear(in_features=64, out_features=64, bias=True)
      (5): Tanh()
      (6): Linear(in_features=64, out_features=41, bias=True)
    )
  )
)
Parameters: 59050
2019-11-08 11:09:36,612 INFO Epoch 0
2019-11-08 11:09:39,941 INFO   Training loss: 12.620
Batch(batch=[35], edge_index=[2, 28], pid=[0], w=[41], x=[35, 3], y=[41])
Prediction:  tensor([8.9162e-12, 1.1951e-12, 4.1635e-14, 2.3038e-10, 9.8873e-12, 4.1897e-17,
        3.0077e-02, 3.9935e-16, 5.5071e-13, 2.0963e-06, 2.6614e-10, 5.6290e-03,
        7.8047e-02, 4.3833e-07, 1.1796e-05, 8.6118e-01, 2.6685e-05, 6.4098e-11,
        2.3152e-03, 8.4451e-09, 6.9204e-11, 2.2475e-02, 2.1583e-04, 1.2744e-11,
        1.8461e-05, 9.5477e-19, 4.7734e-12, 2.4686e-20, 4.4676e-06, 1.6012e-12,
        6.4953e-12, 8.3291e-16, 4.2954e-13, 4.6506e-11, 4.4875e-10, 7.9097e-23,
        8.1700e-15, 8.3852e-12, 4.6838e-13, 7.0971e-15, 3.4539e-12],
       device='cuda:0')  location:  tensor(15, device='cuda:0')
Truth:  tensor(7, device='cuda:0')
Batch(batch=[72], edge_index=[2, 80], pid=[0], w=[41], x=[72, 3], y=[41])
Prediction:  tensor([8.9162e-12, 1.1951e-12, 4.1635e-14, 2.3038e-10, 9.8873e-12, 4.1897e-17,
        3.0077e-02, 3.9935e-16, 5.5071e-13, 2.0963e-06, 2.6614e-10, 5.6290e-03,
        7.8047e-02, 4.3833e-07, 1.1796e-05, 8.6118e-01, 2.6685e-05, 6.4098e-11,
        2.3152e-03, 8.4451e-09, 6.9204e-11, 2.2475e-02, 2.1583e-04, 1.2744e-11,
        1.8461e-05, 9.5477e-19, 4.7734e-12, 2.4686e-20, 4.4676e-06, 1.6012e-12,
        6.4953e-12, 8.3291e-16, 4.2954e-13, 4.6506e-11, 4.4875e-10, 7.9097e-23,
        8.1700e-15, 8.3852e-12, 4.6838e-13, 7.0971e-15, 3.4539e-12],
       device='cuda:0')  location:  tensor(15, device='cuda:0')
Truth:  tensor(14, device='cuda:0')
Batch(batch=[112], edge_index=[2, 170], pid=[0], w=[41], x=[112, 3], y=[41])
Prediction:  tensor([8.9162e-12, 1.1951e-12, 4.1635e-14, 2.3038e-10, 9.8873e-12, 4.1897e-17,
        3.0077e-02, 3.9935e-16, 5.5071e-13, 2.0963e-06, 2.6614e-10, 5.6290e-03,
        7.8047e-02, 4.3833e-07, 1.1796e-05, 8.6118e-01, 2.6685e-05, 6.4098e-11,
        2.3152e-03, 8.4451e-09, 6.9204e-11, 2.2475e-02, 2.1583e-04, 1.2744e-11,
        1.8461e-05, 9.5477e-19, 4.7734e-12, 2.4686e-20, 4.4676e-06, 1.6012e-12,
        6.4953e-12, 8.3291e-16, 4.2954e-13, 4.6506e-11, 4.4875e-10, 7.9097e-23,
        8.1700e-15, 8.3852e-12, 4.6838e-13, 7.0971e-15, 3.4539e-12],
       device='cuda:0')  location:  tensor(15, device='cuda:0')
Truth:  tensor(18, device='cuda:0')
Batch(batch=[124], edge_index=[2, 142], pid=[0], w=[41], x=[124, 3], y=[41])
Prediction:  tensor([8.9162e-12, 1.1951e-12, 4.1635e-14, 2.3038e-10, 9.8873e-12, 4.1897e-17,
        3.0077e-02, 3.9935e-16, 5.5071e-13, 2.0963e-06, 2.6614e-10, 5.6290e-03,
        7.8047e-02, 4.3833e-07, 1.1796e-05, 8.6118e-01, 2.6685e-05, 6.4098e-11,
        2.3152e-03, 8.4451e-09, 6.9204e-11, 2.2475e-02, 2.1583e-04, 1.2744e-11,
        1.8461e-05, 9.5477e-19, 4.7734e-12, 2.4686e-20, 4.4676e-06, 1.6012e-12,
        6.4953e-12, 8.3291e-16, 4.2954e-13, 4.6506e-11, 4.4875e-10, 7.9097e-23,
        8.1700e-15, 8.3852e-12, 4.6838e-13, 7.0971e-15, 3.4539e-12],
       device='cuda:0')  location:  tensor(15, device='cuda:0')
Truth:  tensor(20, device='cuda:0')
Batch(batch=[190], edge_index=[2, 321], pid=[0], w=[41], x=[190, 3], y=[41])
Prediction:  tensor([8.9162e-12, 1.1951e-12, 4.1635e-14, 2.3038e-10, 9.8873e-12, 4.1897e-17,
        3.0077e-02, 3.9935e-16, 5.5071e-13, 2.0963e-06, 2.6614e-10, 5.6290e-03,
        7.8047e-02, 4.3833e-07, 1.1796e-05, 8.6118e-01, 2.6685e-05, 6.4098e-11,
        2.3152e-03, 8.4451e-09, 6.9204e-11, 2.2475e-02, 2.1583e-04, 1.2744e-11,
        1.8461e-05, 9.5477e-19, 4.7734e-12, 2.4686e-20, 4.4676e-06, 1.6012e-12,
        6.4953e-12, 8.3291e-16, 4.2954e-13, 4.6506e-11, 4.4875e-10, 7.9097e-23,
        8.1700e-15, 8.3852e-12, 4.6838e-13, 7.0971e-15, 3.4539e-12],
       device='cuda:0')  location:  tensor(15, device='cuda:0')
Truth:  tensor(27, device='cuda:0')
Batch(batch=[93], edge_index=[2, 107], pid=[0], w=[41], x=[93, 3], y=[41])
Prediction:  tensor([8.9162e-12, 1.1951e-12, 4.1635e-14, 2.3038e-10, 9.8873e-12, 4.1897e-17,
        3.0077e-02, 3.9935e-16, 5.5071e-13, 2.0963e-06, 2.6614e-10, 5.6290e-03,
        7.8047e-02, 4.3833e-07, 1.1796e-05, 8.6118e-01, 2.6685e-05, 6.4098e-11,
        2.3152e-03, 8.4451e-09, 6.9204e-11, 2.2475e-02, 2.1583e-04, 1.2744e-11,
        1.8461e-05, 9.5477e-19, 4.7734e-12, 2.4686e-20, 4.4676e-06, 1.6012e-12,
        6.4953e-12, 8.3291e-16, 4.2954e-13, 4.6506e-11, 4.4875e-10, 7.9097e-23,
        8.1700e-15, 8.3852e-12, 4.6838e-13, 7.0971e-15, 3.4539e-12],
       device='cuda:0')  location:  tensor(15, device='cuda:0')
Truth:  tensor(13, device='cuda:0')
Batch(batch=[61], edge_index=[2, 77], pid=[0], w=[41], x=[61, 3], y=[41])
Prediction:  tensor([8.9162e-12, 1.1951e-12, 4.1635e-14, 2.3038e-10, 9.8873e-12, 4.1897e-17,
        3.0077e-02, 3.9935e-16, 5.5071e-13, 2.0963e-06, 2.6614e-10, 5.6290e-03,
        7.8047e-02, 4.3833e-07, 1.1796e-05, 8.6118e-01, 2.6685e-05, 6.4098e-11,
        2.3152e-03, 8.4451e-09, 6.9204e-11, 2.2475e-02, 2.1583e-04, 1.2744e-11,
        1.8461e-05, 9.5477e-19, 4.7734e-12, 2.4686e-20, 4.4676e-06, 1.6012e-12,
        6.4953e-12, 8.3291e-16, 4.2954e-13, 4.6506e-11, 4.4875e-10, 7.9097e-23,
        8.1700e-15, 8.3852e-12, 4.6838e-13, 7.0971e-15, 3.4539e-12],
       device='cuda:0')  location:  tensor(15, device='cuda:0')
Truth:  tensor(10, device='cuda:0')
Batch(batch=[85], edge_index=[2, 90], pid=[0], w=[41], x=[85, 3], y=[41])
Prediction:  tensor([8.9162e-12, 1.1951e-12, 4.1635e-14, 2.3038e-10, 9.8873e-12, 4.1897e-17,
        3.0077e-02, 3.9935e-16, 5.5071e-13, 2.0963e-06, 2.6614e-10, 5.6290e-03,
        7.8047e-02, 4.3833e-07, 1.1796e-05, 8.6118e-01, 2.6685e-05, 6.4098e-11,
        2.3152e-03, 8.4451e-09, 6.9204e-11, 2.2475e-02, 2.1583e-04, 1.2744e-11,
        1.8461e-05, 9.5477e-19, 4.7734e-12, 2.4686e-20, 4.4676e-06, 1.6012e-12,
        6.4953e-12, 8.3291e-16, 4.2954e-13, 4.6506e-11, 4.4875e-10, 7.9097e-23,
        8.1700e-15, 8.3852e-12, 4.6838e-13, 7.0971e-15, 3.4539e-12],
       device='cuda:0')  location:  tensor(15, device='cuda:0')
Truth:  tensor(18, device='cuda:0')
Batch(batch=[118], edge_index=[2, 147], pid=[0], w=[41], x=[118, 3], y=[41])
Prediction:  tensor([8.9162e-12, 1.1951e-12, 4.1635e-14, 2.3038e-10, 9.8873e-12, 4.1897e-17,
        3.0077e-02, 3.9935e-16, 5.5071e-13, 2.0963e-06, 2.6614e-10, 5.6290e-03,
        7.8047e-02, 4.3833e-07, 1.1796e-05, 8.6118e-01, 2.6685e-05, 6.4098e-11,
        2.3152e-03, 8.4451e-09, 6.9204e-11, 2.2475e-02, 2.1583e-04, 1.2744e-11,
        1.8461e-05, 9.5477e-19, 4.7734e-12, 2.4686e-20, 4.4676e-06, 1.6012e-12,
        6.4953e-12, 8.3291e-16, 4.2954e-13, 4.6506e-11, 4.4875e-10, 7.9097e-23,
        8.1700e-15, 8.3852e-12, 4.6838e-13, 7.0971e-15, 3.4539e-12],
       device='cuda:0')  location:  tensor(15, device='cuda:0')
Truth:  tensor(19, device='cuda:0')
Batch(batch=[47], edge_index=[2, 41], pid=[0], w=[41], x=[47, 3], y=[41])
Prediction:  tensor([8.9162e-12, 1.1951e-12, 4.1635e-14, 2.3038e-10, 9.8873e-12, 4.1897e-17,
        3.0077e-02, 3.9935e-16, 5.5071e-13, 2.0963e-06, 2.6614e-10, 5.6290e-03,
        7.8047e-02, 4.3833e-07, 1.1796e-05, 8.6118e-01, 2.6685e-05, 6.4098e-11,
        2.3152e-03, 8.4451e-09, 6.9204e-11, 2.2475e-02, 2.1583e-04, 1.2744e-11,
        1.8461e-05, 9.5477e-19, 4.7734e-12, 2.4686e-20, 4.4676e-06, 1.6012e-12,
        6.4953e-12, 8.3291e-16, 4.2954e-13, 4.6506e-11, 4.4875e-10, 7.9097e-23,
        8.1700e-15, 8.3852e-12, 4.6838e-13, 7.0971e-15, 3.4539e-12],
       device='cuda:0')  location:  tensor(15, device='cuda:0')
Truth:  tensor(10, device='cuda:0')
Batch(batch=[83], edge_index=[2, 105], pid=[0], w=[41], x=[83, 3], y=[41])
Prediction:  tensor([8.9162e-12, 1.1951e-12, 4.1635e-14, 2.3038e-10, 9.8873e-12, 4.1897e-17,
        3.0077e-02, 3.9935e-16, 5.5071e-13, 2.0963e-06, 2.6614e-10, 5.6290e-03,
        7.8047e-02, 4.3833e-07, 1.1796e-05, 8.6118e-01, 2.6685e-05, 6.4098e-11,
        2.3152e-03, 8.4451e-09, 6.9204e-11, 2.2475e-02, 2.1583e-04, 1.2744e-11,
        1.8461e-05, 9.5477e-19, 4.7734e-12, 2.4686e-20, 4.4676e-06, 1.6012e-12,
        6.4953e-12, 8.3291e-16, 4.2954e-13, 4.6506e-11, 4.4875e-10, 7.9097e-23,
        8.1700e-15, 8.3852e-12, 4.6838e-13, 7.0971e-15, 3.4539e-12],
       device='cuda:0')  location:  tensor(15, device='cuda:0')
Truth:  tensor(12, device='cuda:0')
Batch(batch=[81], edge_index=[2, 79], pid=[0], w=[41], x=[81, 3], y=[41])
Prediction:  tensor([8.9162e-12, 1.1951e-12, 4.1635e-14, 2.3038e-10, 9.8873e-12, 4.1897e-17,
        3.0077e-02, 3.9935e-16, 5.5071e-13, 2.0963e-06, 2.6614e-10, 5.6290e-03,
        7.8047e-02, 4.3833e-07, 1.1796e-05, 8.6118e-01, 2.6685e-05, 6.4098e-11,
        2.3152e-03, 8.4451e-09, 6.9204e-11, 2.2475e-02, 2.1583e-04, 1.2744e-11,
        1.8461e-05, 9.5477e-19, 4.7734e-12, 2.4686e-20, 4.4676e-06, 1.6012e-12,
        6.4953e-12, 8.3291e-16, 4.2954e-13, 4.6506e-11, 4.4875e-10, 7.9097e-23,
        8.1700e-15, 8.3852e-12, 4.6838e-13, 7.0971e-15, 3.4539e-12],
       device='cuda:0')  location:  tensor(15, device='cuda:0')
Truth:  tensor(13, device='cuda:0')
Batch(batch=[18], edge_index=[2, 14], pid=[0], w=[41], x=[18, 3], y=[41])
Prediction:  tensor([8.9162e-12, 1.1951e-12, 4.1635e-14, 2.3038e-10, 9.8873e-12, 4.1897e-17,
        3.0077e-02, 3.9935e-16, 5.5071e-13, 2.0963e-06, 2.6614e-10, 5.6290e-03,
        7.8047e-02, 4.3833e-07, 1.1796e-05, 8.6118e-01, 2.6685e-05, 6.4098e-11,
        2.3152e-03, 8.4451e-09, 6.9204e-11, 2.2475e-02, 2.1583e-04, 1.2744e-11,
        1.8461e-05, 9.5477e-19, 4.7734e-12, 2.4686e-20, 4.4676e-06, 1.6012e-12,
        6.4953e-12, 8.3291e-16, 4.2954e-13, 4.6506e-11, 4.4875e-10, 7.9097e-23,
        8.1700e-15, 8.3852e-12, 4.6838e-13, 7.0971e-15, 3.4539e-12],
       device='cuda:0')  location:  tensor(15, device='cuda:0')
Truth:  tensor(4, device='cuda:0')
Batch(batch=[161], edge_index=[2, 214], pid=[0], w=[41], x=[161, 3], y=[41])
Prediction:  tensor([8.9162e-12, 1.1951e-12, 4.1635e-14, 2.3038e-10, 9.8873e-12, 4.1897e-17,
        3.0077e-02, 3.9935e-16, 5.5071e-13, 2.0963e-06, 2.6614e-10, 5.6290e-03,
        7.8047e-02, 4.3833e-07, 1.1796e-05, 8.6118e-01, 2.6685e-05, 6.4098e-11,
        2.3152e-03, 8.4451e-09, 6.9204e-11, 2.2475e-02, 2.1583e-04, 1.2744e-11,
        1.8461e-05, 9.5477e-19, 4.7734e-12, 2.4686e-20, 4.4676e-06, 1.6012e-12,
        6.4953e-12, 8.3291e-16, 4.2954e-13, 4.6506e-11, 4.4875e-10, 7.9097e-23,
        8.1700e-15, 8.3852e-12, 4.6838e-13, 7.0971e-15, 3.4539e-12],
       device='cuda:0')  location:  tensor(15, device='cuda:0')
Truth:  tensor(26, device='cuda:0')
Batch(batch=[105], edge_index=[2, 165], pid=[0], w=[41], x=[105, 3], y=[41])
Prediction:  tensor([8.9162e-12, 1.1951e-12, 4.1635e-14, 2.3038e-10, 9.8873e-12, 4.1897e-17,
        3.0077e-02, 3.9935e-16, 5.5071e-13, 2.0963e-06, 2.6614e-10, 5.6290e-03,
        7.8047e-02, 4.3833e-07, 1.1796e-05, 8.6118e-01, 2.6685e-05, 6.4098e-11,
        2.3152e-03, 8.4451e-09, 6.9204e-11, 2.2475e-02, 2.1583e-04, 1.2744e-11,
        1.8461e-05, 9.5477e-19, 4.7734e-12, 2.4686e-20, 4.4676e-06, 1.6012e-12,
        6.4953e-12, 8.3291e-16, 4.2954e-13, 4.6506e-11, 4.4875e-10, 7.9097e-23,
        8.1700e-15, 8.3852e-12, 4.6838e-13, 7.0971e-15, 3.4539e-12],
       device='cuda:0')  location:  tensor(15, device='cuda:0')
Truth:  tensor(16, device='cuda:0')
Batch(batch=[114], edge_index=[2, 137], pid=[0], w=[41], x=[114, 3], y=[41])
Prediction:  tensor([8.9162e-12, 1.1951e-12, 4.1635e-14, 2.3038e-10, 9.8873e-12, 4.1897e-17,
        3.0077e-02, 3.9935e-16, 5.5071e-13, 2.0963e-06, 2.6614e-10, 5.6290e-03,
        7.8047e-02, 4.3833e-07, 1.1796e-05, 8.6118e-01, 2.6685e-05, 6.4098e-11,
        2.3152e-03, 8.4451e-09, 6.9204e-11, 2.2475e-02, 2.1583e-04, 1.2744e-11,
        1.8461e-05, 9.5477e-19, 4.7734e-12, 2.4686e-20, 4.4676e-06, 1.6012e-12,
        6.4953e-12, 8.3291e-16, 4.2954e-13, 4.6506e-11, 4.4875e-10, 7.9097e-23,
        8.1700e-15, 8.3852e-12, 4.6838e-13, 7.0971e-15, 3.4539e-12],
       device='cuda:0')  location:  tensor(15, device='cuda:0')
Truth:  tensor(19, device='cuda:0')
Batch(batch=[141], edge_index=[2, 220], pid=[0], w=[41], x=[141, 3], y=[41])
Prediction:  tensor([8.9162e-12, 1.1951e-12, 4.1635e-14, 2.3038e-10, 9.8873e-12, 4.1897e-17,
        3.0077e-02, 3.9935e-16, 5.5071e-13, 2.0963e-06, 2.6614e-10, 5.6290e-03,
        7.8047e-02, 4.3833e-07, 1.1796e-05, 8.6118e-01, 2.6685e-05, 6.4098e-11,
        2.3152e-03, 8.4451e-09, 6.9204e-11, 2.2475e-02, 2.1583e-04, 1.2744e-11,
        1.8461e-05, 9.5477e-19, 4.7734e-12, 2.4686e-20, 4.4676e-06, 1.6012e-12,
        6.4953e-12, 8.3291e-16, 4.2954e-13, 4.6506e-11, 4.4875e-10, 7.9097e-23,
        8.1700e-15, 8.3852e-12, 4.6838e-13, 7.0971e-15, 3.4539e-12],
       device='cuda:0')  location:  tensor(15, device='cuda:0')
Truth:  tensor(23, device='cuda:0')
Batch(batch=[79], edge_index=[2, 90], pid=[0], w=[41], x=[79, 3], y=[41])
Prediction:  tensor([8.9162e-12, 1.1951e-12, 4.1635e-14, 2.3038e-10, 9.8873e-12, 4.1897e-17,
        3.0077e-02, 3.9935e-16, 5.5071e-13, 2.0963e-06, 2.6614e-10, 5.6290e-03,
        7.8047e-02, 4.3833e-07, 1.1796e-05, 8.6118e-01, 2.6685e-05, 6.4098e-11,
        2.3152e-03, 8.4451e-09, 6.9204e-11, 2.2475e-02, 2.1583e-04, 1.2744e-11,
        1.8461e-05, 9.5477e-19, 4.7734e-12, 2.4686e-20, 4.4676e-06, 1.6012e-12,
        6.4953e-12, 8.3291e-16, 4.2954e-13, 4.6506e-11, 4.4875e-10, 7.9097e-23,
        8.1700e-15, 8.3852e-12, 4.6838e-13, 7.0971e-15, 3.4539e-12],
       device='cuda:0')  location:  tensor(15, device='cuda:0')
Truth:  tensor(13, device='cuda:0')
Batch(batch=[106], edge_index=[2, 153], pid=[0], w=[41], x=[106, 3], y=[41])
Prediction:  tensor([8.9162e-12, 1.1951e-12, 4.1635e-14, 2.3038e-10, 9.8873e-12, 4.1897e-17,
        3.0077e-02, 3.9935e-16, 5.5071e-13, 2.0963e-06, 2.6614e-10, 5.6290e-03,
        7.8047e-02, 4.3833e-07, 1.1796e-05, 8.6118e-01, 2.6685e-05, 6.4098e-11,
        2.3152e-03, 8.4451e-09, 6.9204e-11, 2.2475e-02, 2.1583e-04, 1.2744e-11,
        1.8461e-05, 9.5477e-19, 4.7734e-12, 2.4686e-20, 4.4676e-06, 1.6012e-12,
        6.4953e-12, 8.3291e-16, 4.2954e-13, 4.6506e-11, 4.4875e-10, 7.9097e-23,
        8.1700e-15, 8.3852e-12, 4.6838e-13, 7.0971e-15, 3.4539e-12],
       device='cuda:0')  location:  tensor(15, device='cuda:0')
Truth:  tensor(17, device='cuda:0')
Batch(batch=[76], edge_index=[2, 75], pid=[0], w=[41], x=[76, 3], y=[41])
Prediction:  tensor([8.9162e-12, 1.1951e-12, 4.1635e-14, 2.3038e-10, 9.8873e-12, 4.1897e-17,
        3.0077e-02, 3.9935e-16, 5.5071e-13, 2.0963e-06, 2.6614e-10, 5.6290e-03,
        7.8047e-02, 4.3833e-07, 1.1796e-05, 8.6118e-01, 2.6685e-05, 6.4098e-11,
        2.3152e-03, 8.4451e-09, 6.9204e-11, 2.2475e-02, 2.1583e-04, 1.2744e-11,
        1.8461e-05, 9.5477e-19, 4.7734e-12, 2.4686e-20, 4.4676e-06, 1.6012e-12,
        6.4953e-12, 8.3291e-16, 4.2954e-13, 4.6506e-11, 4.4875e-10, 7.9097e-23,
        8.1700e-15, 8.3852e-12, 4.6838e-13, 7.0971e-15, 3.4539e-12],
       device='cuda:0')  location:  tensor(15, device='cuda:0')
Truth:  tensor(14, device='cuda:0')
Batch(batch=[139], edge_index=[2, 200], pid=[0], w=[41], x=[139, 3], y=[41])
Prediction:  tensor([8.9162e-12, 1.1951e-12, 4.1635e-14, 2.3038e-10, 9.8873e-12, 4.1897e-17,
        3.0077e-02, 3.9935e-16, 5.5071e-13, 2.0963e-06, 2.6614e-10, 5.6290e-03,
        7.8047e-02, 4.3833e-07, 1.1796e-05, 8.6118e-01, 2.6685e-05, 6.4098e-11,
        2.3152e-03, 8.4451e-09, 6.9204e-11, 2.2475e-02, 2.1583e-04, 1.2744e-11,
        1.8461e-05, 9.5477e-19, 4.7734e-12, 2.4686e-20, 4.4676e-06, 1.6012e-12,
        6.4953e-12, 8.3291e-16, 4.2954e-13, 4.6506e-11, 4.4875e-10, 7.9097e-23,
        8.1700e-15, 8.3852e-12, 4.6838e-13, 7.0971e-15, 3.4539e-12],
       device='cuda:0')  location:  tensor(15, device='cuda:0')
Truth:  tensor(18, device='cuda:0')
Batch(batch=[92], edge_index=[2, 107], pid=[0], w=[41], x=[92, 3], y=[41])
Prediction:  tensor([8.9162e-12, 1.1951e-12, 4.1635e-14, 2.3038e-10, 9.8873e-12, 4.1897e-17,
        3.0077e-02, 3.9935e-16, 5.5071e-13, 2.0963e-06, 2.6614e-10, 5.6290e-03,
        7.8047e-02, 4.3833e-07, 1.1796e-05, 8.6118e-01, 2.6685e-05, 6.4098e-11,
        2.3152e-03, 8.4451e-09, 6.9204e-11, 2.2475e-02, 2.1583e-04, 1.2744e-11,
        1.8461e-05, 9.5477e-19, 4.7734e-12, 2.4686e-20, 4.4676e-06, 1.6012e-12,
        6.4953e-12, 8.3291e-16, 4.2954e-13, 4.6506e-11, 4.4875e-10, 7.9097e-23,
        8.1700e-15, 8.3852e-12, 4.6838e-13, 7.0971e-15, 3.4539e-12],
       device='cuda:0')  location:  tensor(15, device='cuda:0')
Truth:  tensor(17, device='cuda:0')
Batch(batch=[95], edge_index=[2, 113], pid=[0], w=[41], x=[95, 3], y=[41])
Prediction:  tensor([8.9162e-12, 1.1951e-12, 4.1635e-14, 2.3038e-10, 9.8873e-12, 4.1897e-17,
        3.0077e-02, 3.9935e-16, 5.5071e-13, 2.0963e-06, 2.6614e-10, 5.6290e-03,
        7.8047e-02, 4.3833e-07, 1.1796e-05, 8.6118e-01, 2.6685e-05, 6.4098e-11,
        2.3152e-03, 8.4451e-09, 6.9204e-11, 2.2475e-02, 2.1583e-04, 1.2744e-11,
        1.8461e-05, 9.5477e-19, 4.7734e-12, 2.4686e-20, 4.4676e-06, 1.6012e-12,
        6.4953e-12, 8.3291e-16, 4.2954e-13, 4.6506e-11, 4.4875e-10, 7.9097e-23,
        8.1700e-15, 8.3852e-12, 4.6838e-13, 7.0971e-15, 3.4539e-12],
       device='cuda:0')  location:  tensor(15, device='cuda:0')
Truth:  tensor(15, device='cuda:0')
Batch(batch=[84], edge_index=[2, 90], pid=[0], w=[41], x=[84, 3], y=[41])
Prediction:  tensor([8.9162e-12, 1.1951e-12, 4.1635e-14, 2.3038e-10, 9.8873e-12, 4.1897e-17,
        3.0077e-02, 3.9935e-16, 5.5071e-13, 2.0963e-06, 2.6614e-10, 5.6290e-03,
        7.8047e-02, 4.3833e-07, 1.1796e-05, 8.6118e-01, 2.6685e-05, 6.4098e-11,
        2.3152e-03, 8.4451e-09, 6.9204e-11, 2.2475e-02, 2.1583e-04, 1.2744e-11,
        1.8461e-05, 9.5477e-19, 4.7734e-12, 2.4686e-20, 4.4676e-06, 1.6012e-12,
        6.4953e-12, 8.3291e-16, 4.2954e-13, 4.6506e-11, 4.4875e-10, 7.9097e-23,
        8.1700e-15, 8.3852e-12, 4.6838e-13, 7.0971e-15, 3.4539e-12],
       device='cuda:0')  location:  tensor(15, device='cuda:0')
Truth:  tensor(14, device='cuda:0')
Batch(batch=[116], edge_index=[2, 142], pid=[0], w=[41], x=[116, 3], y=[41])
Prediction:  tensor([8.9162e-12, 1.1951e-12, 4.1635e-14, 2.3038e-10, 9.8873e-12, 4.1897e-17,
        3.0077e-02, 3.9935e-16, 5.5071e-13, 2.0963e-06, 2.6614e-10, 5.6290e-03,
        7.8047e-02, 4.3833e-07, 1.1796e-05, 8.6118e-01, 2.6685e-05, 6.4098e-11,
        2.3152e-03, 8.4451e-09, 6.9204e-11, 2.2475e-02, 2.1583e-04, 1.2744e-11,
        1.8461e-05, 9.5477e-19, 4.7734e-12, 2.4686e-20, 4.4676e-06, 1.6012e-12,
        6.4953e-12, 8.3291e-16, 4.2954e-13, 4.6506e-11, 4.4875e-10, 7.9097e-23,
        8.1700e-15, 8.3852e-12, 4.6838e-13, 7.0971e-15, 3.4539e-12],
       device='cuda:0')  location:  tensor(15, device='cuda:0')
Truth:  tensor(19, device='cuda:0')
Batch(batch=[133], edge_index=[2, 187], pid=[0], w=[41], x=[133, 3], y=[41])
Prediction:  tensor([8.9162e-12, 1.1951e-12, 4.1635e-14, 2.3038e-10, 9.8873e-12, 4.1897e-17,
        3.0077e-02, 3.9935e-16, 5.5071e-13, 2.0963e-06, 2.6614e-10, 5.6290e-03,
        7.8047e-02, 4.3833e-07, 1.1796e-05, 8.6118e-01, 2.6685e-05, 6.4098e-11,
        2.3152e-03, 8.4451e-09, 6.9204e-11, 2.2475e-02, 2.1583e-04, 1.2744e-11,
        1.8461e-05, 9.5477e-19, 4.7734e-12, 2.4686e-20, 4.4676e-06, 1.6012e-12,
        6.4953e-12, 8.3291e-16, 4.2954e-13, 4.6506e-11, 4.4875e-10, 7.9097e-23,
        8.1700e-15, 8.3852e-12, 4.6838e-13, 7.0971e-15, 3.4539e-12],
       device='cuda:0')  location:  tensor(15, device='cuda:0')
Truth:  tensor(21, device='cuda:0')
Batch(batch=[142], edge_index=[2, 185], pid=[0], w=[41], x=[142, 3], y=[41])
Prediction:  tensor([8.9162e-12, 1.1951e-12, 4.1635e-14, 2.3038e-10, 9.8873e-12, 4.1897e-17,
        3.0077e-02, 3.9935e-16, 5.5071e-13, 2.0963e-06, 2.6614e-10, 5.6290e-03,
        7.8047e-02, 4.3833e-07, 1.1796e-05, 8.6118e-01, 2.6685e-05, 6.4098e-11,
        2.3152e-03, 8.4451e-09, 6.9204e-11, 2.2475e-02, 2.1583e-04, 1.2744e-11,
        1.8461e-05, 9.5477e-19, 4.7734e-12, 2.4686e-20, 4.4676e-06, 1.6012e-12,
        6.4953e-12, 8.3291e-16, 4.2954e-13, 4.6506e-11, 4.4875e-10, 7.9097e-23,
        8.1700e-15, 8.3852e-12, 4.6838e-13, 7.0971e-15, 3.4539e-12],
       device='cuda:0')  location:  tensor(15, device='cuda:0')
Truth:  tensor(22, device='cuda:0')
Batch(batch=[75], edge_index=[2, 74], pid=[0], w=[41], x=[75, 3], y=[41])
Prediction:  tensor([8.9162e-12, 1.1951e-12, 4.1635e-14, 2.3038e-10, 9.8873e-12, 4.1897e-17,
        3.0077e-02, 3.9935e-16, 5.5071e-13, 2.0963e-06, 2.6614e-10, 5.6290e-03,
        7.8047e-02, 4.3833e-07, 1.1796e-05, 8.6118e-01, 2.6685e-05, 6.4098e-11,
        2.3152e-03, 8.4451e-09, 6.9204e-11, 2.2475e-02, 2.1583e-04, 1.2744e-11,
        1.8461e-05, 9.5477e-19, 4.7734e-12, 2.4686e-20, 4.4676e-06, 1.6012e-12,
        6.4953e-12, 8.3291e-16, 4.2954e-13, 4.6506e-11, 4.4875e-10, 7.9097e-23,
        8.1700e-15, 8.3852e-12, 4.6838e-13, 7.0971e-15, 3.4539e-12],
       device='cuda:0')  location:  tensor(15, device='cuda:0')
Truth:  tensor(16, device='cuda:0')
Batch(batch=[65], edge_index=[2, 78], pid=[0], w=[41], x=[65, 3], y=[41])
Prediction:  tensor([8.9162e-12, 1.1951e-12, 4.1635e-14, 2.3038e-10, 9.8873e-12, 4.1897e-17,
        3.0077e-02, 3.9935e-16, 5.5071e-13, 2.0963e-06, 2.6614e-10, 5.6290e-03,
        7.8047e-02, 4.3833e-07, 1.1796e-05, 8.6118e-01, 2.6685e-05, 6.4098e-11,
        2.3152e-03, 8.4451e-09, 6.9204e-11, 2.2475e-02, 2.1583e-04, 1.2744e-11,
        1.8461e-05, 9.5477e-19, 4.7734e-12, 2.4686e-20, 4.4676e-06, 1.6012e-12,
        6.4953e-12, 8.3291e-16, 4.2954e-13, 4.6506e-11, 4.4875e-10, 7.9097e-23,
        8.1700e-15, 8.3852e-12, 4.6838e-13, 7.0971e-15, 3.4539e-12],
       device='cuda:0')  location:  tensor(15, device='cuda:0')
Truth:  tensor(12, device='cuda:0')
Batch(batch=[53], edge_index=[2, 48], pid=[0], w=[41], x=[53, 3], y=[41])
Prediction:  tensor([8.9162e-12, 1.1951e-12, 4.1635e-14, 2.3038e-10, 9.8873e-12, 4.1897e-17,
        3.0077e-02, 3.9935e-16, 5.5071e-13, 2.0963e-06, 2.6614e-10, 5.6290e-03,
        7.8047e-02, 4.3833e-07, 1.1796e-05, 8.6118e-01, 2.6685e-05, 6.4098e-11,
        2.3152e-03, 8.4451e-09, 6.9204e-11, 2.2475e-02, 2.1583e-04, 1.2744e-11,
        1.8461e-05, 9.5477e-19, 4.7734e-12, 2.4686e-20, 4.4676e-06, 1.6012e-12,
        6.4953e-12, 8.3291e-16, 4.2954e-13, 4.6506e-11, 4.4875e-10, 7.9097e-23,
        8.1700e-15, 8.3852e-12, 4.6838e-13, 7.0971e-15, 3.4539e-12],
       device='cuda:0')  location:  tensor(15, device='cuda:0')
Truth:  tensor(9, device='cuda:0')
Batch(batch=[30], edge_index=[2, 25], pid=[0], w=[41], x=[30, 3], y=[41])
Prediction:  tensor([8.9162e-12, 1.1951e-12, 4.1635e-14, 2.3038e-10, 9.8873e-12, 4.1897e-17,
        3.0077e-02, 3.9935e-16, 5.5071e-13, 2.0963e-06, 2.6614e-10, 5.6290e-03,
        7.8047e-02, 4.3833e-07, 1.1796e-05, 8.6118e-01, 2.6685e-05, 6.4098e-11,
        2.3152e-03, 8.4451e-09, 6.9204e-11, 2.2475e-02, 2.1583e-04, 1.2744e-11,
        1.8461e-05, 9.5477e-19, 4.7734e-12, 2.4686e-20, 4.4676e-06, 1.6012e-12,
        6.4953e-12, 8.3291e-16, 4.2954e-13, 4.6506e-11, 4.4875e-10, 7.9097e-23,
        8.1700e-15, 8.3852e-12, 4.6838e-13, 7.0971e-15, 3.4539e-12],
       device='cuda:0')  location:  tensor(15, device='cuda:0')
Truth:  tensor(6, device='cuda:0')
Batch(batch=[75], edge_index=[2, 99], pid=[0], w=[41], x=[75, 3], y=[41])
Prediction:  tensor([8.9162e-12, 1.1951e-12, 4.1635e-14, 2.3038e-10, 9.8873e-12, 4.1897e-17,
        3.0077e-02, 3.9935e-16, 5.5071e-13, 2.0963e-06, 2.6614e-10, 5.6290e-03,
        7.8047e-02, 4.3833e-07, 1.1796e-05, 8.6118e-01, 2.6685e-05, 6.4098e-11,
        2.3152e-03, 8.4451e-09, 6.9204e-11, 2.2475e-02, 2.1583e-04, 1.2744e-11,
        1.8461e-05, 9.5477e-19, 4.7734e-12, 2.4686e-20, 4.4676e-06, 1.6012e-12,
        6.4953e-12, 8.3291e-16, 4.2954e-13, 4.6506e-11, 4.4875e-10, 7.9097e-23,
        8.1700e-15, 8.3852e-12, 4.6838e-13, 7.0971e-15, 3.4539e-12],
       device='cuda:0')  location:  tensor(15, device='cuda:0')
Truth:  tensor(11, device='cuda:0')
Batch(batch=[121], edge_index=[2, 148], pid=[0], w=[41], x=[121, 3], y=[41])
Prediction:  tensor([8.9162e-12, 1.1951e-12, 4.1635e-14, 2.3038e-10, 9.8873e-12, 4.1897e-17,
        3.0077e-02, 3.9935e-16, 5.5071e-13, 2.0963e-06, 2.6614e-10, 5.6290e-03,
        7.8047e-02, 4.3833e-07, 1.1796e-05, 8.6118e-01, 2.6685e-05, 6.4098e-11,
        2.3152e-03, 8.4451e-09, 6.9204e-11, 2.2475e-02, 2.1583e-04, 1.2744e-11,
        1.8461e-05, 9.5477e-19, 4.7734e-12, 2.4686e-20, 4.4676e-06, 1.6012e-12,
        6.4953e-12, 8.3291e-16, 4.2954e-13, 4.6506e-11, 4.4875e-10, 7.9097e-23,
        8.1700e-15, 8.3852e-12, 4.6838e-13, 7.0971e-15, 3.4539e-12],
       device='cuda:0')  location:  tensor(15, device='cuda:0')
Truth:  tensor(19, device='cuda:0')
Batch(batch=[46], edge_index=[2, 39], pid=[0], w=[41], x=[46, 3], y=[41])
Prediction:  tensor([8.9162e-12, 1.1951e-12, 4.1635e-14, 2.3038e-10, 9.8873e-12, 4.1897e-17,
        3.0077e-02, 3.9935e-16, 5.5071e-13, 2.0963e-06, 2.6614e-10, 5.6290e-03,
        7.8047e-02, 4.3833e-07, 1.1796e-05, 8.6118e-01, 2.6685e-05, 6.4098e-11,
        2.3152e-03, 8.4451e-09, 6.9204e-11, 2.2475e-02, 2.1583e-04, 1.2744e-11,
        1.8461e-05, 9.5477e-19, 4.7734e-12, 2.4686e-20, 4.4676e-06, 1.6012e-12,
        6.4953e-12, 8.3291e-16, 4.2954e-13, 4.6506e-11, 4.4875e-10, 7.9097e-23,
        8.1700e-15, 8.3852e-12, 4.6838e-13, 7.0971e-15, 3.4539e-12],
       device='cuda:0')  location:  tensor(15, device='cuda:0')
Truth:  tensor(11, device='cuda:0')
Batch(batch=[77], edge_index=[2, 88], pid=[0], w=[41], x=[77, 3], y=[41])
Prediction:  tensor([8.9162e-12, 1.1951e-12, 4.1635e-14, 2.3038e-10, 9.8873e-12, 4.1897e-17,
        3.0077e-02, 3.9935e-16, 5.5071e-13, 2.0963e-06, 2.6614e-10, 5.6290e-03,
        7.8047e-02, 4.3833e-07, 1.1796e-05, 8.6118e-01, 2.6685e-05, 6.4098e-11,
        2.3152e-03, 8.4451e-09, 6.9204e-11, 2.2475e-02, 2.1583e-04, 1.2744e-11,
        1.8461e-05, 9.5477e-19, 4.7734e-12, 2.4686e-20, 4.4676e-06, 1.6012e-12,
        6.4953e-12, 8.3291e-16, 4.2954e-13, 4.6506e-11, 4.4875e-10, 7.9097e-23,
        8.1700e-15, 8.3852e-12, 4.6838e-13, 7.0971e-15, 3.4539e-12],
       device='cuda:0')  location:  tensor(15, device='cuda:0')
Truth:  tensor(18, device='cuda:0')
Batch(batch=[98], edge_index=[2, 108], pid=[0], w=[41], x=[98, 3], y=[41])
Prediction:  tensor([8.9162e-12, 1.1951e-12, 4.1635e-14, 2.3038e-10, 9.8873e-12, 4.1897e-17,
        3.0077e-02, 3.9935e-16, 5.5071e-13, 2.0963e-06, 2.6614e-10, 5.6290e-03,
        7.8047e-02, 4.3833e-07, 1.1796e-05, 8.6118e-01, 2.6685e-05, 6.4098e-11,
        2.3152e-03, 8.4451e-09, 6.9204e-11, 2.2475e-02, 2.1583e-04, 1.2744e-11,
        1.8461e-05, 9.5477e-19, 4.7734e-12, 2.4686e-20, 4.4676e-06, 1.6012e-12,
        6.4953e-12, 8.3291e-16, 4.2954e-13, 4.6506e-11, 4.4875e-10, 7.9097e-23,
        8.1700e-15, 8.3852e-12, 4.6838e-13, 7.0971e-15, 3.4539e-12],
       device='cuda:0')  location:  tensor(15, device='cuda:0')
Truth:  tensor(18, device='cuda:0')
Batch(batch=[60], edge_index=[2, 61], pid=[0], w=[41], x=[60, 3], y=[41])
Prediction:  tensor([8.9162e-12, 1.1951e-12, 4.1635e-14, 2.3038e-10, 9.8873e-12, 4.1897e-17,
        3.0077e-02, 3.9935e-16, 5.5071e-13, 2.0963e-06, 2.6614e-10, 5.6290e-03,
        7.8047e-02, 4.3833e-07, 1.1796e-05, 8.6118e-01, 2.6685e-05, 6.4098e-11,
        2.3152e-03, 8.4451e-09, 6.9204e-11, 2.2475e-02, 2.1583e-04, 1.2744e-11,
        1.8461e-05, 9.5477e-19, 4.7734e-12, 2.4686e-20, 4.4676e-06, 1.6012e-12,
        6.4953e-12, 8.3291e-16, 4.2954e-13, 4.6506e-11, 4.4875e-10, 7.9097e-23,
        8.1700e-15, 8.3852e-12, 4.6838e-13, 7.0971e-15, 3.4539e-12],
       device='cuda:0')  location:  tensor(15, device='cuda:0')
Truth:  tensor(11, device='cuda:0')
Batch(batch=[65], edge_index=[2, 87], pid=[0], w=[41], x=[65, 3], y=[41])
Prediction:  tensor([8.9162e-12, 1.1951e-12, 4.1635e-14, 2.3038e-10, 9.8873e-12, 4.1897e-17,
        3.0077e-02, 3.9935e-16, 5.5071e-13, 2.0963e-06, 2.6614e-10, 5.6290e-03,
        7.8047e-02, 4.3833e-07, 1.1796e-05, 8.6118e-01, 2.6685e-05, 6.4098e-11,
        2.3152e-03, 8.4451e-09, 6.9204e-11, 2.2475e-02, 2.1583e-04, 1.2744e-11,
        1.8461e-05, 9.5477e-19, 4.7734e-12, 2.4686e-20, 4.4676e-06, 1.6012e-12,
        6.4953e-12, 8.3291e-16, 4.2954e-13, 4.6506e-11, 4.4875e-10, 7.9097e-23,
        8.1700e-15, 8.3852e-12, 4.6838e-13, 7.0971e-15, 3.4539e-12],
       device='cuda:0')  location:  tensor(15, device='cuda:0')
Truth:  tensor(14, device='cuda:0')
Batch(batch=[218], edge_index=[2, 384], pid=[0], w=[41], x=[218, 3], y=[41])
Prediction:  tensor([8.9162e-12, 1.1951e-12, 4.1635e-14, 2.3038e-10, 9.8873e-12, 4.1897e-17,
        3.0077e-02, 3.9935e-16, 5.5071e-13, 2.0963e-06, 2.6614e-10, 5.6290e-03,
        7.8047e-02, 4.3833e-07, 1.1796e-05, 8.6118e-01, 2.6685e-05, 6.4098e-11,
        2.3152e-03, 8.4451e-09, 6.9204e-11, 2.2475e-02, 2.1583e-04, 1.2744e-11,
        1.8461e-05, 9.5477e-19, 4.7734e-12, 2.4686e-20, 4.4676e-06, 1.6012e-12,
        6.4953e-12, 8.3291e-16, 4.2954e-13, 4.6506e-11, 4.4875e-10, 7.9097e-23,
        8.1700e-15, 8.3852e-12, 4.6838e-13, 7.0971e-15, 3.4539e-12],
       device='cuda:0')  location:  tensor(15, device='cuda:0')
Truth:  tensor(35, device='cuda:0')
Batch(batch=[89], edge_index=[2, 100], pid=[0], w=[41], x=[89, 3], y=[41])
Prediction:  tensor([8.9162e-12, 1.1951e-12, 4.1635e-14, 2.3038e-10, 9.8873e-12, 4.1897e-17,
        3.0077e-02, 3.9935e-16, 5.5071e-13, 2.0963e-06, 2.6614e-10, 5.6290e-03,
        7.8047e-02, 4.3833e-07, 1.1796e-05, 8.6118e-01, 2.6685e-05, 6.4098e-11,
        2.3152e-03, 8.4451e-09, 6.9204e-11, 2.2475e-02, 2.1583e-04, 1.2744e-11,
        1.8461e-05, 9.5477e-19, 4.7734e-12, 2.4686e-20, 4.4676e-06, 1.6012e-12,
        6.4953e-12, 8.3291e-16, 4.2954e-13, 4.6506e-11, 4.4875e-10, 7.9097e-23,
        8.1700e-15, 8.3852e-12, 4.6838e-13, 7.0971e-15, 3.4539e-12],
       device='cuda:0')  location:  tensor(15, device='cuda:0')
Truth:  tensor(16, device='cuda:0')
/global/u2/d/danieltm/ExaTrkX/eta-tracker/trainers/gnn_sparse.py:73: UserWarning: Implicit dimension choice for softmax has been deprecated. Change the call to include dim=X as an argument.
  batch_pred = m(batch_output)
Traceback (most recent call last):
  File "train.py", line 184, in <module>
    main()
  File "train.py", line 160, in main
    **config['training'])
  File "/global/u2/d/danieltm/ExaTrkX/eta-tracker/trainers/gnn_base.py", line 204, in train
    summary.update(self.evaluate(valid_data_loader))
  File "/usr/common/software/pytorch/v1.2.0-gpu/lib/python3.6/site-packages/torch/autograd/grad_mode.py", line 49, in decorate_no_grad
    return func(*args, **kwargs)
  File "/global/u2/d/danieltm/ExaTrkX/eta-tracker/trainers/gnn_sparse.py", line 84, in evaluate
    summary['valid_acc'] = sum_correct / n_total
NameError: name 'n_total' is not defined
