2019-11-08 14:58:32,336 INFO Initialized rank 0 out of 1
2019-11-08 14:58:32,336 INFO Configuration: {'output_dir': '/global/cscratch1/sd/danieltm/ExaTrkX/counter_results/counter001', 'trainer': {'name': 'gnn_sparse'}, 'data': {'name': 'hitgraphs_sparse', 'input_dir': '/global/cscratch1/sd/danieltm/ExaTrkX/counter_data/hitgraphs_small_000', 'n_train': 1000, 'n_valid': 100, 'real_weight': 3.0, 'batch_size': 1, 'n_workers': 4}, 'model': {'name': 'counter', 'input_dim': 3, 'hidden_dim': 64, 'layer_norm': True, 'n_graph_iters': 4, 'max_tracks': 40, 'loss_func': 'cross_entropy'}, 'optimizer': {'name': 'Adam', 'learning_rate': 0.1, 'lr_scaling': 'sqrt', 'lr_warmup_epochs': 5, 'lr_decay_schedule': [{'start_epoch': 10, 'end_epoch': 30, 'factor': 0.5}, {'start_epoch': 30, 'end_epoch': 50, 'factor': 0.1}, {'start_epoch': 50, 'end_epoch': 70, 'factor': 0.05}, {'start_epoch': 70, 'end_epoch': 90, 'factor': 0.01}]}, 'training': {'n_epochs': 90}, 'n_ranks': 1}
2019-11-08 14:58:32,336 INFO Saving job outputs to /global/cscratch1/sd/danieltm/ExaTrkX/counter_results/counter001
2019-11-08 14:58:32,336 INFO Writing config via pickle to /global/cscratch1/sd/danieltm/ExaTrkX/counter_results/counter001/config.pkl
2019-11-08 14:58:33,407 INFO Loaded 1000 training samples
2019-11-08 14:58:33,408 INFO Loaded 100 validation samples
2019-11-08 14:58:33,408 INFO Choosing GPU 0
2019-11-08 14:58:36,752 INFO Model: 
GNNTrackCounter(
  (input_network): Sequential(
    (0): Linear(in_features=3, out_features=64, bias=True)
    (1): LayerNorm((64,), eps=1e-05, elementwise_affine=True)
    (2): Tanh()
  )
  (edge_network): EdgeNetwork(
    (network): Sequential(
      (0): Linear(in_features=134, out_features=64, bias=True)
      (1): LayerNorm((64,), eps=1e-05, elementwise_affine=True)
      (2): Tanh()
      (3): Linear(in_features=64, out_features=64, bias=True)
      (4): LayerNorm((64,), eps=1e-05, elementwise_affine=True)
      (5): Tanh()
      (6): Linear(in_features=64, out_features=64, bias=True)
      (7): LayerNorm((64,), eps=1e-05, elementwise_affine=True)
      (8): Tanh()
      (9): Linear(in_features=64, out_features=1, bias=True)
    )
  )
  (node_network): NodeNetwork(
    (network): Sequential(
      (0): Linear(in_features=283, out_features=64, bias=True)
      (1): LayerNorm((64,), eps=1e-05, elementwise_affine=True)
      (2): Tanh()
      (3): Linear(in_features=64, out_features=64, bias=True)
      (4): LayerNorm((64,), eps=1e-05, elementwise_affine=True)
      (5): Tanh()
      (6): Linear(in_features=64, out_features=64, bias=True)
      (7): LayerNorm((64,), eps=1e-05, elementwise_affine=True)
      (8): Tanh()
      (9): Linear(in_features=64, out_features=64, bias=True)
      (10): LayerNorm((64,), eps=1e-05, elementwise_affine=True)
      (11): Tanh()
    )
  )
  (output_network): OutputNetwork(
    (network): Sequential(
      (0): Linear(in_features=67, out_features=64, bias=True)
      (1): Tanh()
      (2): Linear(in_features=64, out_features=64, bias=True)
      (3): Tanh()
      (4): Linear(in_features=64, out_features=64, bias=True)
      (5): Tanh()
      (6): Linear(in_features=64, out_features=41, bias=True)
    )
  )
)
Parameters: 64298
2019-11-08 14:58:36,753 INFO Epoch 0
Prediction:  tensor([-1.8101, -1.7047, -0.2004, -1.5195, -0.0057, -1.1481, -1.1731, -1.1404,
        -0.3249, -0.6220, -0.5387,  0.0599, -0.9564, -1.4571,  4.5693, -0.9172,
         0.1330, -1.0495, -0.1538, -0.8239, -1.1493, -0.9441, -1.3697, -1.0919,
        -1.2189, -0.8145, -0.5422, -1.0938, -0.5188, -0.7029, -0.6273, -0.8417,
        -0.6293, -0.7028, -0.7632,  0.2584, -0.0099, -0.2578, -0.7658, -0.6753,
        -1.3914], device='cuda:0', grad_fn=<AddBackward0>)  location:  tensor(14, device='cuda:0')
Truth:  tensor(19, device='cuda:0')
Prediction:  tensor([-2.1073, -1.9378, -1.6425, -1.1064, -2.7224, -1.4284, -2.0408, -1.0908,
        -1.8261, -2.0043, -2.8369, -1.1691, -1.3289, -3.4920,  2.0335, -2.5257,
        -1.3795, -1.4947, -1.8256, -2.7361, -1.1580, -0.9388, -2.0044, -2.2385,
        -2.0974, -2.5035, -1.6440, -1.1860, -1.1205, -1.8429, -1.7874, -2.2194,
        -2.9670, -2.3178, -2.6670, -1.9462, -2.3278, -1.4545, -2.0320, -2.0622,
        -1.2757], device='cuda:0', grad_fn=<AddBackward0>)  location:  tensor(14, device='cuda:0')
Truth:  tensor(11, device='cuda:0')
2019-11-08 14:58:59,272 INFO   Training loss: 13.673
2019-11-08 14:59:00,187 INFO   Validation loss: 17.205 acc: 0.020
2019-11-08 14:59:00,202 INFO Epoch 1
/global/u2/d/danieltm/ExaTrkX/eta-tracker/trainers/gnn_sparse.py:74: UserWarning: Implicit dimension choice for softmax has been deprecated. Change the call to include dim=X as an argument.
  batch_pred = m(batch_output)
Prediction:  tensor([ -5.1520,  -2.9707,  -4.5365, -76.6073, -43.9341,   6.7720, -16.7126,
         14.9049,  21.3898,  19.0831,   3.0491,  24.0237,  26.8076,  20.7295,
         18.3184,  10.9929,  32.0944,  -8.4218,  19.8042,  29.0859,  28.0837,
         25.6173,  33.6542,  10.3674,  17.4724, -15.0573,  28.3584,   1.9709,
         31.4780,   3.2653, -37.7244,  -8.5010, -19.4300,  13.9732,   0.9692,
         -2.9541, -66.9764,  -2.2138,  -2.4898,  -9.2641, -38.0121],
       device='cuda:0', grad_fn=<AddBackward0>)  location:  tensor(22, device='cuda:0')
Truth:  tensor(18, device='cuda:0')
Prediction:  tensor([ -5.1520,  -2.9707,  -4.5365, -76.6073, -43.9341,   6.7720, -16.7140,
         16.3035,  21.5360,  18.7564,   3.0489,  24.0167,  26.7282,  20.3235,
         19.8666,  10.7269,  32.8097,  -9.1892,  20.5508,  30.2611,  27.7313,
         23.8565,  31.5156,   9.9587,  15.2908, -15.0573,  31.5560,   1.9709,
         31.5942,   3.2653, -37.7244,  -8.5010, -19.4301,  13.9732,   0.9692,
         -2.9541, -66.9764,  -2.2138,  -2.4898,  -9.2641, -38.0121],
       device='cuda:0', grad_fn=<AddBackward0>)  location:  tensor(16, device='cuda:0')
Truth:  tensor(16, device='cuda:0')
2019-11-08 14:59:22,270 INFO   Training loss: 14.165
2019-11-08 14:59:23,178 INFO   Validation loss: 13.263 acc: 0.050
2019-11-08 14:59:23,194 INFO Epoch 2
Prediction:  tensor([ -5.1520,  -2.9707,  -4.5365,   2.7814,  15.9960,  -1.2691,   0.8210,
         12.1007,   3.1071,  24.7168,   3.0195,  23.7917,  27.5102,  15.8396,
         31.2097,  21.8146,  29.5001,  23.1514,  13.8363,  30.1470,  31.2006,
         12.1949,  13.7208,  22.8712,  -0.2421,  23.2726, -22.7625,  32.4087,
         18.9703,   4.7788,  16.4917,   0.9191, -18.1317,  -0.5905,   0.9692,
          0.1136,  -7.8089,  -2.2138,  -2.4898,  -9.2641, -10.1083],
       device='cuda:0', grad_fn=<AddBackward0>)  location:  tensor(27, device='cuda:0')
Truth:  tensor(10, device='cuda:0')
Prediction:  tensor([ -5.1520,  -2.9707,  -4.5365,   2.7814,  15.9960,  -1.2691,   0.5506,
         11.5331,   2.9315,  26.2619,   6.0069,  23.8081,  27.9045,  15.4386,
         34.0057,  20.4151,  28.6008,  23.5624,  14.0221,  28.3519,  29.3716,
         11.4962,  13.3820,  24.1736,  -0.3069,  22.2305, -22.9260,  31.2092,
         16.5164,   4.7724,  16.4917,   0.9191, -18.1317,   4.7849,   0.9692,
          0.1136,  -7.8089,  -2.2138,  -2.4898,  -9.2641, -10.1083],
       device='cuda:0', grad_fn=<AddBackward0>)  location:  tensor(14, device='cuda:0')
Truth:  tensor(14, device='cuda:0')
2019-11-08 14:59:45,313 INFO   Training loss: 14.056
2019-11-08 14:59:46,220 INFO   Validation loss: 12.331 acc: 0.070
2019-11-08 14:59:46,236 INFO Epoch 3
Prediction:  tensor([-1.1674e+02, -3.0493e+01, -3.2933e+01, -6.5916e-01, -1.2365e+01,
         4.1755e-01,  1.1116e+01, -8.2125e+00, -1.6414e+01,  1.3606e+00,
         1.1416e+01,  9.9977e+00, -1.3646e+01, -3.4124e+00,  1.0107e+01,
        -2.9992e-01, -1.0428e+00,  1.4289e+01,  1.0994e+01,  9.2692e+00,
        -7.3569e+00,  1.7942e+00,  7.9610e-01,  1.9161e+00,  1.0771e+01,
         1.3069e+00,  4.6237e-02, -7.7064e+00, -9.5808e+00, -4.5550e+01,
        -1.9119e+01, -1.5463e+01, -2.8940e+01, -4.3926e+01, -5.9854e-01,
        -2.3291e+01, -3.9350e+00, -3.3737e+01, -5.3991e-01, -7.1980e-01,
        -5.9112e+00], device='cuda:0', grad_fn=<AddBackward0>)  location:  tensor(17, device='cuda:0')
Truth:  tensor(16, device='cuda:0')
Prediction:  tensor([-1.1674e+02, -3.0493e+01, -3.2933e+01, -6.5918e-01, -1.2365e+01,
        -3.8059e-03,  1.6112e+01, -8.2126e+00, -1.4223e+01,  1.4919e+00,
         9.4555e+00,  7.7355e+00, -1.3668e+01, -3.9780e+00,  1.2151e+01,
         1.0333e+00, -2.1454e-01,  1.2472e+01,  1.0967e+01,  9.1516e+00,
        -7.3571e+00,  1.7255e+00, -4.6999e-01,  1.9125e+00,  9.8646e+00,
         1.3068e+00,  4.5422e-02, -7.7072e+00, -9.5809e+00, -4.5550e+01,
        -1.9119e+01, -1.5463e+01, -2.8946e+01, -4.3926e+01, -5.9856e-01,
        -2.3291e+01, -3.9350e+00, -3.3737e+01, -5.3993e-01, -7.1982e-01,
        -5.9112e+00], device='cuda:0', grad_fn=<AddBackward0>)  location:  tensor(6, device='cuda:0')
Truth:  tensor(8, device='cuda:0')
2019-11-08 15:00:08,314 INFO   Training loss: 12.795
2019-11-08 15:00:09,220 INFO   Validation loss: 13.690 acc: 0.060
2019-11-08 15:00:09,236 INFO Epoch 4
Prediction:  tensor([-1.1674e+02, -3.0493e+01, -3.2933e+01, -3.7793e+01, -1.4623e+01,
        -9.6413e+00, -2.1501e+01,  1.1397e+01, -6.7813e+00,  1.0352e+01,
         7.0059e+00,  4.6487e+00, -3.2435e+00, -1.3741e+00,  1.0063e+01,
         7.2657e+00,  1.1755e+01,  1.4501e+00,  1.9497e+01,  7.9932e-02,
         1.2929e+01,  7.3964e+00,  1.3460e+01, -1.2666e+00, -9.4514e+00,
         1.7398e+01, -2.4876e+01,  8.1767e+00, -1.2551e+01, -1.8650e+01,
        -3.5401e+01, -4.6625e-01, -1.9198e+01, -2.1531e+01, -6.4376e-01,
        -1.7061e+01, -2.1808e+01, -3.3737e+01, -5.8520e-01, -7.6494e-01,
        -1.5704e+00], device='cuda:0', grad_fn=<AddBackward0>)  location:  tensor(18, device='cuda:0')
Truth:  tensor(14, device='cuda:0')
Prediction:  tensor([-1.1674e+02, -3.0493e+01, -3.2933e+01, -3.7793e+01, -1.4623e+01,
        -9.6413e+00, -2.1501e+01,  1.0474e+01, -4.0219e+00,  1.0170e+01,
         6.9351e+00,  2.9384e+00, -3.2736e+00, -6.5033e-01,  1.1581e+01,
         8.8341e+00,  1.0560e+01,  1.2477e+00,  1.8194e+01,  8.0763e-02,
         1.2905e+01,  6.3410e+00,  1.3750e+01, -1.7866e+00, -9.4541e+00,
         1.8144e+01, -2.4876e+01,  6.0866e+00, -1.2551e+01, -1.8650e+01,
        -3.5401e+01,  3.7181e+00, -2.1101e+01, -2.2420e+01, -6.4376e-01,
        -1.7061e+01, -2.1808e+01, -3.3737e+01, -5.8520e-01, -7.6494e-01,
        -1.5704e+00], device='cuda:0', grad_fn=<AddBackward0>)  location:  tensor(18, device='cuda:0')
Truth:  tensor(24, device='cuda:0')
2019-11-08 15:00:31,232 INFO   Training loss: 13.631
2019-11-08 15:00:32,200 INFO   Validation loss: 13.481 acc: 0.050
2019-11-08 15:00:32,217 INFO Epoch 5
Prediction:  tensor([-116.7422,  -30.4929,  -32.9332,   -8.0566,   -0.7419,  -23.4681,
         -27.1068,   -4.8092,   10.1512,    7.2038,   -4.2600,    7.9992,
          11.3061,    3.2241,   18.8430,   13.2913,   25.2442,   18.2750,
          13.3345,   11.1308,   18.6904,    1.5026,    6.2239,   12.6014,
           2.2132,    4.0788,   -6.4874,   -0.5581,    7.4852,  -13.7132,
         -59.9097,    1.7115,  -83.0167,    9.6724,   -0.6443,  -22.3434,
         -27.7816,  -33.7367,   -0.5857,   -0.7655,  -68.3039],
       device='cuda:0', grad_fn=<AddBackward0>)  location:  tensor(16, device='cuda:0')
Truth:  tensor(14, device='cuda:0')
Prediction:  tensor([-116.7422,  -30.4929,  -32.9332,   -8.0566,   -0.7419,  -23.4681,
         -27.1068,   -4.8387,    8.8532,    7.2002,   -4.2601,    6.3252,
          14.1018,    2.6120,   21.9431,   11.7505,   24.8667,   17.6416,
          13.3152,   10.5632,   18.0553,    0.9752,    6.0199,   12.4389,
           4.1916,    3.6874,   -6.4874,   -0.7089,    7.4851,  -13.7132,
         -59.9097,    1.7115,  -83.0169,    9.5597,   -0.6443,  -22.3434,
         -27.7816,  -33.7367,   -0.5857,   -0.7655,  -68.3039],
       device='cuda:0', grad_fn=<AddBackward0>)  location:  tensor(16, device='cuda:0')
Truth:  tensor(15, device='cuda:0')
2019-11-08 15:00:54,275 INFO   Training loss: 14.322
2019-11-08 15:00:55,179 INFO   Validation loss: 16.784 acc: 0.100
2019-11-08 15:00:55,196 INFO Epoch 6
Prediction:  tensor([-116.7422,  -30.4929,  -32.9332,  -14.2170,  -22.7192,    7.9451,
          15.4631,  -12.1515,   24.3365,   -6.7423,   -8.4535,   20.1755,
          22.4550,    1.3105,   24.7914,   27.4442,    2.1834,   11.7705,
          21.7208,    6.7850,   11.5102,    1.4399,    9.8721,   25.1787,
          17.6219,   24.5654,   11.6807,    0.4110,   -7.9558,   -9.2347,
         -73.7494,  -16.5190,  -58.2216,    3.4060,   -0.6443,  -13.8209,
         -39.3356,  -33.7367,   -0.5857,   -0.7655,  -23.2212],
       device='cuda:0', grad_fn=<AddBackward0>)  location:  tensor(15, device='cuda:0')
Truth:  tensor(8, device='cuda:0')
Prediction:  tensor([-116.7422,  -30.4929,  -32.9332,  -14.2170,  -22.7192,    7.9451,
          14.9629,  -12.1517,   28.6505,   -6.8549,   -8.4783,   20.0877,
          22.3752,    2.3565,   23.4225,   24.4221,    3.6849,   12.0340,
          21.5198,    8.0859,   12.7736,    1.3551,    9.6307,   23.8695,
          17.8011,   21.5417,   10.9137,    0.3614,   -7.9558,   -9.2347,
         -73.7494,  -16.5190,  -58.2216,    3.4060,   -0.6443,  -13.8209,
         -39.3356,  -33.7367,   -0.5857,   -0.7655,  -23.2212],
       device='cuda:0', grad_fn=<AddBackward0>)  location:  tensor(8, device='cuda:0')
Truth:  tensor(17, device='cuda:0')
2019-11-08 15:01:17,485 INFO   Training loss: 13.446
2019-11-08 15:01:18,369 INFO   Validation loss: 17.273 acc: 0.040
2019-11-08 15:01:18,386 INFO Epoch 7
Prediction:  tensor([-1.1674e+02, -3.0493e+01, -3.2933e+01, -5.1669e+01, -8.3821e+01,
        -2.2083e+01, -3.7847e+00,  1.7375e+01, -8.7958e+00, -1.6374e+00,
        -1.2427e+00,  1.2097e+01,  3.2793e+01,  1.8015e+01,  1.6454e+01,
         8.8911e+00,  2.6684e+01,  2.9975e+01,  7.3680e+00,  2.9065e+01,
         2.3039e+01,  1.9086e+01,  2.7152e+01,  8.8366e+00,  1.5917e+01,
         2.1385e+01, -3.0732e+00, -3.6086e+00,  1.4486e+01, -1.1225e+01,
        -7.4171e+00,  1.6360e+01, -5.8970e+01, -2.4830e+01, -6.4432e-01,
        -1.0033e-01,  1.4703e+01, -3.3737e+01, -5.8575e-01, -7.6550e-01,
        -6.9615e+01], device='cuda:0', grad_fn=<AddBackward0>)  location:  tensor(12, device='cuda:0')
Truth:  tensor(16, device='cuda:0')
Prediction:  tensor([-1.1674e+02, -3.0493e+01, -3.2933e+01, -5.1669e+01, -8.3821e+01,
        -2.2091e+01, -3.7847e+00,  1.7374e+01, -8.7993e+00, -1.7112e+00,
        -1.2484e+00,  1.0312e+01,  3.0433e+01,  1.6644e+01,  1.6411e+01,
         8.2936e+00,  2.8846e+01,  3.2673e+01,  6.3670e+00,  2.9457e+01,
         2.3287e+01,  1.8531e+01,  2.9359e+01,  8.1950e+00,  1.5781e+01,
         2.4393e+01, -3.4021e+00, -3.6591e+00,  1.4486e+01, -1.1225e+01,
        -7.4171e+00,  1.6358e+01, -5.8970e+01, -2.4830e+01, -6.4432e-01,
        -1.0033e-01,  9.8374e+00, -3.3737e+01, -5.8575e-01, -7.6550e-01,
        -6.9615e+01], device='cuda:0', grad_fn=<AddBackward0>)  location:  tensor(17, device='cuda:0')
Truth:  tensor(14, device='cuda:0')
2019-11-08 15:01:40,458 INFO   Training loss: 13.970
2019-11-08 15:01:41,376 INFO   Validation loss: 13.386 acc: 0.080
2019-11-08 15:01:41,393 INFO Epoch 8
Prediction:  tensor([-116.7422,  -30.4929,  -32.9332,    8.3324,  -29.4057,   -3.5100,
          -7.2518,    4.6159,   18.4759,   16.5852,   28.4011,   26.9776,
          23.0457,   34.1106,   29.9890,   13.3461,   16.5071,   25.1258,
          19.8501,   26.4395,   17.8086,   27.9746,    9.9755,   15.6173,
          21.0022,    4.2202,   -1.8695,  -30.8516,  -14.8622,  -47.4860,
         -18.6746,   -4.1548,  -69.1017,   12.4389,   -0.6443,  -21.7143,
         -29.7112,  -33.7367,   -0.5857,   -0.7655,   -6.1125],
       device='cuda:0', grad_fn=<AddBackward0>)  location:  tensor(13, device='cuda:0')
Truth:  tensor(12, device='cuda:0')
Prediction:  tensor([-116.7422,  -30.4929,  -32.9332,    8.3324,  -29.4057,   -3.5100,
          -8.5621,    4.6161,   18.2045,   16.3781,   27.7749,   28.4568,
          25.1054,   32.8789,   30.4298,   13.9207,   17.0020,   23.5952,
          19.8415,   26.4965,   17.5330,   28.9057,    9.5471,   15.1915,
          20.5306,    4.2199,   -2.0013,  -30.8963,  -15.4516,  -47.4860,
         -18.6746,   -4.1548,  -69.1125,   12.4389,   -0.6443,  -21.7143,
         -29.7123,  -33.7367,   -0.5857,   -0.7655,   -6.1125],
       device='cuda:0', grad_fn=<AddBackward0>)  location:  tensor(13, device='cuda:0')
Truth:  tensor(16, device='cuda:0')
2019-11-08 15:02:03,579 INFO   Training loss: 14.038
2019-11-08 15:02:04,483 INFO   Validation loss: 13.738 acc: 0.080
2019-11-08 15:02:04,501 INFO Epoch 9
Prediction:  tensor([-116.7422,  -30.4929,  -32.9332,  -93.1298,   12.8812,    8.4605,
           2.5503,   -2.7097,   33.3704,   27.2428,   17.1911,   22.0417,
          25.7851,   31.5921,   32.0322,   14.6054,   22.4887,   28.1955,
          32.8737,   20.1761,   31.7368,   22.8720,    7.0429,    5.1178,
          20.7145,   -8.3637,    4.0115,    1.1878,   30.7650,  -10.1469,
          -5.3470,   20.1058,  -15.1786,  -52.4428,   -0.6443,   23.2238,
          -8.0778,  -33.7367,   -0.5857,   -0.7655,  -21.6465],
       device='cuda:0', grad_fn=<AddBackward0>)  location:  tensor(8, device='cuda:0')
Truth:  tensor(10, device='cuda:0')
Prediction:  tensor([-116.7422,  -30.4929,  -32.9332,  -93.1298,   24.2683,    8.4605,
           2.5365,   -5.1229,   32.4683,   27.6880,   20.1513,   22.5470,
          25.8116,   29.0979,   31.7567,   13.4551,   23.4642,   28.0285,
          33.0879,   21.5237,   31.3148,   22.4812,    7.0419,    5.1176,
          20.7116,   -8.4252,    3.9852,    0.9760,   32.5704,  -10.4177,
          -5.3470,   18.4530,  -15.1786,  -52.4428,   -0.6443,   23.2226,
          -8.0778,  -33.7367,   -0.5857,   -0.7655,  -21.6465],
       device='cuda:0', grad_fn=<AddBackward0>)  location:  tensor(18, device='cuda:0')
Truth:  tensor(18, device='cuda:0')
2019-11-08 15:02:26,665 INFO   Training loss: 13.977
2019-11-08 15:02:27,573 INFO   Validation loss: 16.073 acc: 0.050
2019-11-08 15:02:27,591 INFO Epoch 10
Prediction:  tensor([-1.1674e+02, -3.0493e+01, -3.2933e+01,  1.9047e+01, -3.1028e+01,
        -2.9574e+01,  1.6964e+01,  2.5457e+01,  2.9501e+01,  2.2427e+00,
        -7.1970e+00,  3.4432e+01,  2.2852e+01,  3.7538e+01,  3.3194e+01,
         4.0848e+01,  3.4143e+01, -1.1480e-02,  2.6135e+01,  3.2442e+01,
         3.3055e+01,  4.0605e+01,  1.2428e+01,  2.1165e+01,  2.9359e+01,
        -1.5068e+00,  3.5780e+01,  2.5464e+01,  2.0584e+01,  1.9318e+01,
        -1.2142e+01,  6.3039e+00, -4.5204e+01,  2.5115e+01, -6.4432e-01,
        -5.2439e+00, -8.6036e+01, -3.3737e+01, -5.8575e-01, -7.6550e-01,
        -7.7592e+01], device='cuda:0', grad_fn=<AddBackward0>)  location:  tensor(15, device='cuda:0')
Truth:  tensor(12, device='cuda:0')
Prediction:  tensor([-1.1674e+02, -3.0493e+01, -3.2933e+01,  1.9047e+01, -3.1028e+01,
        -3.0270e+01,  1.6583e+01,  2.5363e+01,  3.0264e+01,  2.0697e+00,
        -7.2100e+00,  3.5467e+01,  2.3748e+01,  3.7419e+01,  3.2960e+01,
         4.1341e+01,  3.3351e+01, -2.1696e-02,  2.6094e+01,  3.2026e+01,
         3.3025e+01,  4.0237e+01,  1.1635e+01,  2.1165e+01,  2.9350e+01,
        -1.8205e+00,  3.6932e+01,  2.5464e+01,  2.0491e+01,  1.9318e+01,
        -1.2142e+01,  6.3039e+00, -4.5204e+01,  2.5115e+01, -6.4432e-01,
        -5.2439e+00, -8.6036e+01, -3.3737e+01, -5.8575e-01, -7.6550e-01,
        -7.7680e+01], device='cuda:0', grad_fn=<AddBackward0>)  location:  tensor(15, device='cuda:0')
Truth:  tensor(13, device='cuda:0')
2019-11-08 15:02:49,498 INFO   Training loss: 8.214
2019-11-08 15:02:50,426 INFO   Validation loss: 7.494 acc: 0.060
2019-11-08 15:02:50,445 INFO Epoch 11
Prediction:  tensor([-116.7422,  -30.4929,  -32.9332,  -33.2894,   19.4885,    8.6893,
          21.4937,   20.6528,   18.9331,   22.0587,   30.9495,   17.9156,
          28.1741,   21.7312,   23.9367,   27.0612,   28.8827,   29.2675,
          30.5269,   23.0194,   22.1335,   26.7572,   16.4385,   20.0118,
          16.2948,   22.2462,   16.3341,   23.8196,   23.2852,    7.2883,
          -2.8479,    5.3168,   -3.7028,    3.2325,   -0.6443,   18.4174,
         -26.9670,  -33.7367,   -0.5857,   -0.7655,  -12.0682],
       device='cuda:0', grad_fn=<AddBackward0>)  location:  tensor(10, device='cuda:0')
Truth:  tensor(22, device='cuda:0')
Prediction:  tensor([-116.7422,  -30.4929,  -32.9332,  -33.2894,   19.4876,    8.6893,
          21.4902,   20.6422,   18.9315,   21.7855,   31.1252,   17.9154,
          27.7452,   21.6086,   23.7865,   27.3431,   27.8015,   29.4929,
          30.5574,   23.3758,   21.7883,   26.5498,   18.0198,   20.5760,
          16.0923,   22.1793,   16.8281,   23.8197,   23.2676,    7.2872,
          -2.8479,    5.3168,   -3.7028,    3.2325,   -0.6443,   18.4172,
         -26.9670,  -33.7367,   -0.5857,   -0.7655,  -12.0682],
       device='cuda:0', grad_fn=<AddBackward0>)  location:  tensor(10, device='cuda:0')
Truth:  tensor(20, device='cuda:0')
2019-11-08 15:03:12,592 INFO   Training loss: 8.010
2019-11-08 15:03:13,530 INFO   Validation loss: 9.757 acc: 0.010
2019-11-08 15:03:13,549 INFO Epoch 12
Prediction:  tensor([-116.7422,  -30.4929,  -32.9332,   17.9551,  -11.7249,    4.2907,
          16.4648,   30.5092,   21.3334,   26.4637,   25.4998,   21.2368,
          24.4054,   22.3523,   24.7853,   25.4487,   23.9958,   31.2339,
          27.8654,   28.4897,   25.1203,   12.8734,   23.5892,   23.8802,
          20.2903,    9.6987,   18.4037,   27.9409,   24.2153,   15.5600,
          -1.6942,    6.9548,   12.4653,   16.6750,   -0.6443,   17.0865,
          28.7655,  -33.7367,   -0.5857,   -0.7655,    4.3433],
       device='cuda:0', grad_fn=<AddBackward0>)  location:  tensor(17, device='cuda:0')
Truth:  tensor(20, device='cuda:0')
Prediction:  tensor([-116.7422,  -30.4929,  -32.9332,   17.9550,  -11.7252,    4.2907,
          16.2537,   28.2891,   21.3330,   26.2809,   25.0994,   20.7606,
          24.9735,   22.3193,   24.7506,   25.4060,   24.3736,   31.7728,
          29.2036,   29.0086,   25.7046,   12.7520,   23.5805,   23.7440,
          20.1963,    9.6987,   18.4037,   26.7087,   24.1839,   13.7807,
          -1.6942,    6.9548,   12.4653,   16.2616,   -0.6443,   17.0863,
          25.4892,  -33.7367,   -0.5857,   -0.7655,    4.3433],
       device='cuda:0', grad_fn=<AddBackward0>)  location:  tensor(17, device='cuda:0')
Truth:  tensor(15, device='cuda:0')
2019-11-08 15:03:35,559 INFO   Training loss: 8.176
2019-11-08 15:03:36,469 INFO   Validation loss: 12.044 acc: 0.000
2019-11-08 15:03:36,489 INFO Epoch 13
Prediction:  tensor([-116.7422,  -30.4929,  -32.9332,  -14.0527,    9.0787,    6.6216,
          22.2848,   20.6590,   22.3456,   27.1331,   24.4563,   25.1175,
          22.8819,   28.3418,   34.8594,   16.1121,   24.1857,   33.0603,
          24.9073,   28.8522,   30.0015,   20.7429,   26.8120,   28.3102,
          29.3463,   26.2276,   29.4081,   27.2757,   37.1700,   14.9242,
         -17.7756,    4.0625,   24.8949,  -14.8105,   -0.6443,   15.7927,
          -4.6685,  -33.7367,   -0.5857,   -0.7655,  -15.6891],
       device='cuda:0', grad_fn=<AddBackward0>)  location:  tensor(28, device='cuda:0')
Truth:  tensor(20, device='cuda:0')
Prediction:  tensor([-116.7422,  -30.4929,  -32.9332,  -14.0527,    9.0787,    6.6216,
          22.2847,   20.3123,   22.3392,   27.0203,   23.9542,   24.9474,
          21.9699,   29.2988,   34.8538,   16.1319,   24.1852,   33.6801,
          24.7642,   29.5484,   30.3241,   20.6725,   28.2418,   28.1744,
          29.0937,   26.1774,   28.8476,   27.2105,   34.1755,   14.9235,
         -17.7756,    4.0625,   24.8905,  -14.8105,   -0.6443,   15.7927,
          -4.6685,  -33.7367,   -0.5857,   -0.7655,  -15.6891],
       device='cuda:0', grad_fn=<AddBackward0>)  location:  tensor(14, device='cuda:0')
Truth:  tensor(12, device='cuda:0')
2019-11-08 15:03:58,970 INFO   Training loss: 8.567
2019-11-08 15:03:59,870 INFO   Validation loss: 8.325 acc: 0.060
2019-11-08 15:03:59,890 INFO Epoch 14
Prediction:  tensor([-116.7422,  -30.4929,  -32.9332,   13.5941,   -2.1810,   23.6489,
          10.3449,   21.4417,   22.8438,   28.7704,   16.0733,   24.9590,
          29.4112,   20.8266,   31.4169,   32.8599,   32.8672,   25.1818,
          33.5153,   26.1297,   32.6803,   26.9974,   28.0495,   28.7449,
          31.9449,   26.6660,    5.2452,   33.4789,   11.2326,   10.7144,
          -1.5099,    8.0081,   23.4275,   31.2301,   -0.6443,   18.9993,
           0.4742,  -33.7367,   -0.5857,   -0.7655,    8.4367],
       device='cuda:0', grad_fn=<AddBackward0>)  location:  tensor(18, device='cuda:0')
Truth:  tensor(23, device='cuda:0')
Prediction:  tensor([-116.7422,  -30.4929,  -32.9332,   13.5941,   -2.1810,   23.6485,
          10.3449,   21.2047,   22.6028,   28.4977,   15.9612,   24.7642,
          28.2853,   20.7394,   31.0151,   32.6634,   32.6484,   24.9907,
          32.3599,   25.7725,   33.5916,   26.9860,   29.1415,   31.7740,
          33.1218,   26.6636,    5.2204,   32.7170,   11.2325,   10.5521,
          -1.5099,    8.0081,   23.4272,   32.8588,   -0.6443,   18.9993,
           0.4676,  -33.7367,   -0.5857,   -0.7655,    8.4367],
       device='cuda:0', grad_fn=<AddBackward0>)  location:  tensor(20, device='cuda:0')
Truth:  tensor(14, device='cuda:0')
2019-11-08 15:04:22,147 INFO   Training loss: 7.928
srun: Job step aborted: Waiting up to 32 seconds for job step to finish.
slurmstepd: error: *** STEP 317253.0 ON cgpu02 CANCELLED AT 2019-11-08T15:04:23 ***
slurmstepd: error: *** JOB 317253 ON cgpu02 CANCELLED AT 2019-11-08T15:04:23 ***
