2019-11-08 14:43:59,785 INFO Initialized rank 0 out of 1
2019-11-08 14:43:59,785 INFO Configuration: {'output_dir': '/global/cscratch1/sd/danieltm/ExaTrkX/counter_results/counter001', 'trainer': {'name': 'gnn_sparse'}, 'data': {'name': 'hitgraphs_sparse', 'input_dir': '/global/cscratch1/sd/danieltm/ExaTrkX/counter_data/hitgraphs_small_000', 'n_train': 1000, 'n_valid': 100, 'real_weight': 3.0, 'batch_size': 1, 'n_workers': 4}, 'model': {'name': 'counter', 'input_dim': 3, 'hidden_dim': 64, 'layer_norm': True, 'n_graph_iters': 4, 'max_tracks': 40, 'loss_func': 'cross_entropy'}, 'optimizer': {'name': 'Adam', 'learning_rate': 0.1, 'lr_scaling': 'sqrt', 'lr_warmup_epochs': 5, 'lr_decay_schedule': [{'start_epoch': 10, 'end_epoch': 30, 'factor': 0.5}, {'start_epoch': 30, 'end_epoch': 50, 'factor': 0.1}, {'start_epoch': 50, 'end_epoch': 70, 'factor': 0.05}, {'start_epoch': 70, 'end_epoch': 90, 'factor': 0.01}]}, 'training': {'n_epochs': 90}, 'n_ranks': 1}
2019-11-08 14:43:59,786 INFO Saving job outputs to /global/cscratch1/sd/danieltm/ExaTrkX/counter_results/counter001
2019-11-08 14:43:59,789 INFO Writing config via pickle to /global/cscratch1/sd/danieltm/ExaTrkX/counter_results/counter001/config.pkl
2019-11-08 14:44:20,811 INFO Loaded 1000 training samples
2019-11-08 14:44:20,812 INFO Loaded 100 validation samples
2019-11-08 14:44:20,812 INFO Choosing GPU 0
2019-11-08 14:44:26,701 INFO Model: 
GNNTrackCounter(
  (input_network): Sequential(
    (0): Linear(in_features=3, out_features=64, bias=True)
    (1): LayerNorm((64,), eps=1e-05, elementwise_affine=True)
    (2): Tanh()
  )
  (edge_network): EdgeNetwork(
    (network): Sequential(
      (0): Linear(in_features=134, out_features=64, bias=True)
      (1): LayerNorm((64,), eps=1e-05, elementwise_affine=True)
      (2): Tanh()
      (3): Linear(in_features=64, out_features=64, bias=True)
      (4): LayerNorm((64,), eps=1e-05, elementwise_affine=True)
      (5): Tanh()
      (6): Linear(in_features=64, out_features=64, bias=True)
      (7): LayerNorm((64,), eps=1e-05, elementwise_affine=True)
      (8): Tanh()
      (9): Linear(in_features=64, out_features=1, bias=True)
    )
  )
  (node_network): NodeNetwork(
    (network): Sequential(
      (0): Linear(in_features=335, out_features=64, bias=True)
      (1): LayerNorm((64,), eps=1e-05, elementwise_affine=True)
      (2): Tanh()
      (3): Linear(in_features=64, out_features=64, bias=True)
      (4): LayerNorm((64,), eps=1e-05, elementwise_affine=True)
      (5): Tanh()
      (6): Linear(in_features=64, out_features=64, bias=True)
      (7): LayerNorm((64,), eps=1e-05, elementwise_affine=True)
      (8): Tanh()
      (9): Linear(in_features=64, out_features=64, bias=True)
      (10): LayerNorm((64,), eps=1e-05, elementwise_affine=True)
      (11): Tanh()
    )
  )
  (output_network): OutputNetwork(
    (network): Sequential(
      (0): Linear(in_features=67, out_features=64, bias=True)
      (1): Tanh()
      (2): Linear(in_features=64, out_features=64, bias=True)
      (3): Tanh()
      (4): Linear(in_features=64, out_features=64, bias=True)
      (5): Tanh()
      (6): Linear(in_features=64, out_features=41, bias=True)
    )
  )
)
Parameters: 67626
2019-11-08 14:44:26,701 INFO Epoch 0
Traceback (most recent call last):
  File "train.py", line 184, in <module>
    main()
  File "train.py", line 160, in main
    **config['training'])
  File "/global/u2/d/danieltm/ExaTrkX/eta-tracker/trainers/gnn_base.py", line 196, in train
    summary = self.train_epoch(train_data_loader)
  File "/global/u2/d/danieltm/ExaTrkX/eta-tracker/trainers/gnn_sparse.py", line 28, in train_epoch
    batch_output = self.model(batch)
  File "/usr/common/software/pytorch/v1.2.0-gpu/lib/python3.6/site-packages/torch/nn/modules/module.py", line 547, in __call__
    result = self.forward(*input, **kwargs)
  File "/global/u2/d/danieltm/ExaTrkX/eta-tracker/models/counter.py", line 126, in forward
    x = self.node_network(x, e, o, inputs.edge_index)
  File "/usr/common/software/pytorch/v1.2.0-gpu/lib/python3.6/site-packages/torch/nn/modules/module.py", line 547, in __call__
    result = self.forward(*input, **kwargs)
  File "/global/u2/d/danieltm/ExaTrkX/eta-tracker/models/counter.py", line 62, in forward
    global_i = scatter_add(e * o, end, dim=0, dim_size=x.shape[0])
RuntimeError: The size of tensor a (136) must match the size of tensor b (41) at non-singleton dimension 0
srun: error: cgpu04: task 0: Exited with exit code 1
srun: Terminating job step 317246.0
